Log file open, 09/07/19 00:30:41
LogWindows: Failed to load 'aqProf.dll' (GetLastError=126)
LogWindows: File 'aqProf.dll' does not exist
LogWindows: Failed to load 'VtuneApi.dll' (GetLastError=126)
LogWindows: File 'VtuneApi.dll' does not exist
LogWindows: Failed to load 'VtuneApi32e.dll' (GetLastError=126)
LogWindows: File 'VtuneApi32e.dll' does not exist
LogConsoleResponse: Display: Failed to find resolution value strings in scalability ini. Falling back to default.
LogInit: Display: Running engine for game: LostScroll
LogPakFile: Registered encryption key '00000000000000000000000000000000': 0 pak files mounted, 0 remain pending
LogPlatformFile: Not using cached read wrapper
LogTaskGraph: Started task graph with 5 named threads and 35 total threads with 3 sets of task threads.
LogStats: Stats thread started at 0.409678
LogD3D11RHI: Loaded GFSDK_Aftermath_Lib.x64.dll
LogICUInternationalization: ICU TimeZone Detection - Raw Offset: +8:00, Platform Override: ''
LogPluginManager: Mounting plugin Paper2D
LogPluginManager: Mounting plugin AISupport
LogPluginManager: Mounting plugin LightPropagationVolume
LogPluginManager: Mounting plugin ActorLayerUtilities
LogPluginManager: Mounting plugin AnimationSharing
LogPluginManager: Mounting plugin CLionSourceCodeAccess
LogPluginManager: Mounting plugin CodeLiteSourceCodeAccess
LogPluginManager: Mounting plugin GitSourceControl
LogPluginManager: Mounting plugin KDevelopSourceCodeAccess
LogPluginManager: Mounting plugin NullSourceCodeAccess
LogPluginManager: Mounting plugin PerforceSourceControl
LogPluginManager: Mounting plugin SubversionSourceControl
LogPluginManager: Mounting plugin UObjectPlugin
LogPluginManager: Mounting plugin VisualStudioCodeSourceCodeAccess
LogPluginManager: Mounting plugin VisualStudioSourceCodeAccess
LogPluginManager: Mounting plugin XCodeSourceCodeAccess
LogPluginManager: Mounting plugin AssetManagerEditor
LogPluginManager: Mounting plugin CryptoKeys
LogPluginManager: Mounting plugin DataValidation
LogPluginManager: Mounting plugin FacialAnimation
LogPluginManager: Mounting plugin GameplayTagsEditor
LogPluginManager: Mounting plugin MacGraphicsSwitching
LogPluginManager: Mounting plugin MaterialAnalyzer
LogPluginManager: Mounting plugin MobileLauncherProfileWizard
LogPluginManager: Mounting plugin PluginBrowser
LogPluginManager: Mounting plugin SpeedTreeImporter
LogPluginManager: Mounting plugin DatasmithContent
LogPluginManager: Mounting plugin VariantManagerContent
LogPluginManager: Mounting plugin AlembicImporter
LogPluginManager: Mounting plugin AppleImageUtils
LogPluginManager: Mounting plugin AppleVision
LogPluginManager: Mounting plugin BackChannel
LogPluginManager: Mounting plugin CharacterAI
LogPluginManager: Mounting plugin GeometryCache
LogPluginManager: Mounting plugin HTML5Networking
LogPluginManager: Mounting plugin ProxyLODPlugin
LogPluginManager: Mounting plugin SkeletalReduction
LogPluginManager: Mounting plugin MagicLeap
LogPluginManager: Mounting plugin MagicLeapMedia
LogPluginManager: Mounting plugin AndroidMedia
LogPluginManager: Mounting plugin AvfMedia
LogPluginManager: Mounting plugin ImgMedia
LogPluginManager: Mounting plugin LinearTimecode
LogPluginManager: Mounting plugin MediaCompositing
LogPluginManager: Mounting plugin MediaPlayerEditor
LogPluginManager: Mounting plugin WebMMedia
LogPluginManager: Mounting plugin WmfMedia
LogPluginManager: Mounting plugin TcpMessaging
LogPluginManager: Mounting plugin UdpMessaging
LogPluginManager: Mounting plugin ActorSequence
LogPluginManager: Mounting plugin LevelSequenceEditor
LogPluginManager: Mounting plugin MatineeToLevelSequence
LogPluginManager: Mounting plugin NetcodeUnitTest
LogPluginManager: Mounting plugin NUTUnrealEngine4
LogPluginManager: Mounting plugin OnlineSubsystemGooglePlay
LogPluginManager: Mounting plugin OnlineSubsystemIOS
LogPluginManager: Mounting plugin OnlineSubsystem
LogPluginManager: Mounting plugin OnlineSubsystemNull
LogPluginManager: Mounting plugin OnlineSubsystemUtils
LogPluginManager: Mounting plugin LauncherChunkInstaller
LogPluginManager: Mounting plugin AndroidDeviceProfileSelector
LogPluginManager: Mounting plugin AndroidMoviePlayer
LogPluginManager: Mounting plugin AndroidPermission
LogPluginManager: Mounting plugin AppleMoviePlayer
LogPluginManager: Mounting plugin ArchVisCharacter
LogPluginManager: Mounting plugin AudioCapture
LogPluginManager: Mounting plugin CableComponent
LogPluginManager: Mounting plugin CustomMeshComponent
LogPluginManager: Mounting plugin EditableMesh
LogPluginManager: Mounting plugin ExampleDeviceProfileSelector
LogPluginManager: Mounting plugin Firebase
LogPluginManager: Mounting plugin GoogleCloudMessaging
LogPluginManager: Mounting plugin IOSDeviceProfileSelector
LogPluginManager: Mounting plugin LinuxDeviceProfileSelector
LogPluginManager: Mounting plugin LocationServicesBPLibrary
LogPluginManager: Mounting plugin MobilePatchingUtils
LogPluginManager: Mounting plugin OculusVR
LogPluginManager: Mounting plugin PhysXVehicles
LogPluginManager: Mounting plugin ProceduralMeshComponent
LogPluginManager: Mounting plugin RuntimePhysXCooking
LogPluginManager: Mounting plugin SignificanceManager
LogPluginManager: Mounting plugin SteamVR
LogPluginManager: Mounting plugin WebMMoviePlayer
LogPluginManager: Mounting plugin WindowsMoviePlayer
LogInit: Using libcurl 7.55.1-DEV
LogInit:  - built for x86_64-pc-win32
LogInit:  - supports SSL with OpenSSL/1.1.1
LogInit:  - supports HTTP deflate (compression) using libz 1.2.8
LogInit:  - other features:
LogInit:      CURL_VERSION_SSL
LogInit:      CURL_VERSION_LIBZ
LogInit:      CURL_VERSION_IPV6
LogInit:      CURL_VERSION_ASYNCHDNS
LogInit:      CURL_VERSION_LARGEFILE
LogInit:      CURL_VERSION_IDN
LogInit:  CurlRequestOptions (configurable via config and command line):
LogInit:  - bVerifyPeer = true  - Libcurl will verify peer certificate
LogInit:  - bUseHttpProxy = false  - Libcurl will NOT use HTTP proxy
LogInit:  - bDontReuseConnections = false  - Libcurl will reuse connections
LogInit:  - MaxHostConnections = 16  - Libcurl will limit the number of connections to a host
LogInit:  - LocalHostAddr = Default
LogInit:  - BufferSize = 65536
LogInit: WinSock: version 1.1 (2.2), MaxSocks=32767, MaxUdp=65467
LogInit: Build: ++UE4+Release-4.22-CL-7053642
LogInit: Engine Version: 4.22.3-7053642+++UE4+Release-4.22
LogInit: Compatible Engine Version: 4.22.0-5660361+++UE4+Release-4.22
LogInit: Net CL: 5660361
LogInit: OS: Windows 10 (Release 1809) (), CPU: AMD Ryzen 5 2600 Six-Core Processor            , GPU: NVIDIA GeForce RTX 2060
LogInit: Compiled (64-bit): Jun 18 2019 03:09:11
LogInit: Compiled with Visual C++: 19.16.27025.01
LogInit: Build Configuration: Development
LogInit: Branch Name: ++UE4+Release-4.22
LogInit: Command Line: 
LogInit: Base Directory: D:/Games/EpicGames/EpicGames games/UE_4.22/Engine/Binaries/Win64/
LogInit: Installed Engine Build: 1
LogDevObjectVersion: Number of dev versions registered: 23
LogDevObjectVersion:   Dev-Blueprints (B0D832E4-1F89-4F0D-ACCF-7EB736FD4AA2): 10
LogDevObjectVersion:   Dev-Build (E1C64328-A22C-4D53-A36C-8E866417BD8C): 0
LogDevObjectVersion:   Dev-Core (375EC13C-06E4-48FB-B500-84F0262A717E): 3
LogDevObjectVersion:   Dev-Editor (E4B068ED-F494-42E9-A231-DA0B2E46BB41): 30
LogDevObjectVersion:   Dev-Framework (CFFC743F-43B0-4480-9391-14DF171D2073): 35
LogDevObjectVersion:   Dev-Mobile (B02B49B5-BB20-44E9-A304-32B752E40360): 2
LogDevObjectVersion:   Dev-Networking (A4E4105C-59A1-49B5-A7C5-40C4547EDFEE): 0
LogDevObjectVersion:   Dev-Online (39C831C9-5AE6-47DC-9A44-9C173E1C8E7C): 0
LogDevObjectVersion:   Dev-Physics (78F01B33-EBEA-4F98-B9B4-84EACCB95AA2): 0
LogDevObjectVersion:   Dev-Platform (6631380F-2D4D-43E0-8009-CF276956A95A): 0
LogDevObjectVersion:   Dev-Rendering (12F88B9F-8875-4AFC-A67C-D90C383ABD29): 28
LogDevObjectVersion:   Dev-Sequencer (7B5AE74C-D270-4C10-A958-57980B212A5A): 11
LogDevObjectVersion:   Dev-VR (D7296918-1DD6-4BDD-9DE2-64A83CC13884): 2
LogDevObjectVersion:   Dev-LoadTimes (C2A15278-BFE7-4AFE-6C17-90FF531DF755): 1
LogDevObjectVersion:   Private-Geometry (6EACA3D4-40EC-4CC1-B786-8BED09428FC5): 3
LogDevObjectVersion:   Dev-AnimPhys (29E575DD-E0A3-4627-9D10-D276232CDCEA): 17
LogDevObjectVersion:   Dev-Anim (AF43A65D-7FD3-4947-9873-3E8ED9C1BB05): 2
LogDevObjectVersion:   Dev-ReflectionCapture (6B266CEC-1EC7-4B8F-A30B-E4D90942FC07): 1
LogDevObjectVersion:   Dev-Automation (0DF73D61-A23F-47EA-B727-89E90C41499A): 1
LogDevObjectVersion:   FortniteMain (601D1886-AC64-4F84-AA16-D3DE0DEAC7D6): 25
LogDevObjectVersion:   Dev-Enterprise (9DFFBCD6-494F-0158-E221-12823C92A888): 6
LogDevObjectVersion:   Dev-Niagara (F2AED0AC-9AFE-416F-8664-AA7FFA26D6FC): 1
LogDevObjectVersion:   Dev-Destruction (174F1F0B-B4C6-45A5-B13F-2EE8D0FB917D): 2
LogInit: Presizing for max 16777216 objects, including 0 objects not considered by GC, pre-allocating 0 bytes for permanent pool.
LogInit: Object subsystem initialized
LogConfig: Setting CVar [[con.DebugEarlyDefault:1]]
LogConfig: Setting CVar [[r.setres:1280x720]]
[2019.09.06-16.30.41:726][  0]LogConfig: Setting CVar [[r.VSync:0]]
[2019.09.06-16.30.41:726][  0]LogConfig: Setting CVar [[r.RHICmdBypass:0]]
[2019.09.06-16.30.41:726][  0]LogConfig: Applying CVar settings from Section [/Script/Engine.RendererSettings] File [D:/UE4 Projects/LostScroll/Saved/Config/Windows/Engine.ini]
[2019.09.06-16.30.41:726][  0]LogConfig: Setting CVar [[r.GPUCrashDebugging:0]]
[2019.09.06-16.30.41:727][  0]LogConfig: Applying CVar settings from Section [/Script/Engine.RendererOverrideSettings] File [D:/UE4 Projects/LostScroll/Saved/Config/Windows/Engine.ini]
[2019.09.06-16.30.41:727][  0]LogConfig: Applying CVar settings from Section [/Script/Engine.StreamingSettings] File [D:/UE4 Projects/LostScroll/Saved/Config/Windows/Engine.ini]
[2019.09.06-16.30.41:727][  0]LogConfig: Setting CVar [[s.MinBulkDataSizeForAsyncLoading:131072]]
[2019.09.06-16.30.41:727][  0]LogConfig: Setting CVar [[s.AsyncLoadingThreadEnabled:0]]
[2019.09.06-16.30.41:727][  0]LogConfig: Setting CVar [[s.EventDrivenLoaderEnabled:1]]
[2019.09.06-16.30.41:727][  0]LogConfig: Setting CVar [[s.WarnIfTimeLimitExceeded:0]]
[2019.09.06-16.30.41:727][  0]LogConfig: Setting CVar [[s.TimeLimitExceededMultiplier:1.5]]
[2019.09.06-16.30.41:727][  0]LogConfig: Setting CVar [[s.TimeLimitExceededMinTime:0.005]]
[2019.09.06-16.30.41:727][  0]LogConfig: Setting CVar [[s.UseBackgroundLevelStreaming:1]]
[2019.09.06-16.30.41:727][  0]LogConfig: Setting CVar [[s.PriorityAsyncLoadingExtraTime:15.0]]
[2019.09.06-16.30.41:727][  0]LogConfig: Setting CVar [[s.LevelStreamingActorsUpdateTimeLimit:5.0]]
[2019.09.06-16.30.41:727][  0]LogConfig: Setting CVar [[s.PriorityLevelStreamingActorsUpdateExtraTime:5.0]]
[2019.09.06-16.30.41:727][  0]LogConfig: Setting CVar [[s.LevelStreamingComponentsRegistrationGranularity:10]]
[2019.09.06-16.30.41:727][  0]LogConfig: Setting CVar [[s.UnregisterComponentsTimeLimit:1.0]]
[2019.09.06-16.30.41:727][  0]LogConfig: Setting CVar [[s.LevelStreamingComponentsUnregistrationGranularity:5]]
[2019.09.06-16.30.41:727][  0]LogConfig: Applying CVar settings from Section [/Script/Engine.GarbageCollectionSettings] File [D:/UE4 Projects/LostScroll/Saved/Config/Windows/Engine.ini]
[2019.09.06-16.30.41:727][  0]LogConfig: Setting CVar [[gc.MaxObjectsNotConsideredByGC:1]]
[2019.09.06-16.30.41:727][  0]LogConfig: Setting CVar [[gc.SizeOfPermanentObjectPool:0]]
[2019.09.06-16.30.41:727][  0]LogConfig: Setting CVar [[gc.FlushStreamingOnGC:0]]
[2019.09.06-16.30.41:727][  0]LogConfig: Setting CVar [[gc.NumRetriesBeforeForcingGC:10]]
[2019.09.06-16.30.41:727][  0]LogConfig: Setting CVar [[gc.AllowParallelGC:1]]
[2019.09.06-16.30.41:727][  0]LogConfig: Setting CVar [[gc.TimeBetweenPurgingPendingKillObjects:61.1]]
[2019.09.06-16.30.41:727][  0]LogConfig: Setting CVar [[gc.MaxObjectsInEditor:16777216]]
[2019.09.06-16.30.41:727][  0]LogConfig: Setting CVar [[gc.IncrementalBeginDestroyEnabled:1]]
[2019.09.06-16.30.41:727][  0]LogConfig: Setting CVar [[gc.CreateGCClusters:1]]
[2019.09.06-16.30.41:727][  0]LogConfig: Setting CVar [[gc.MinGCClusterSize:5]]
[2019.09.06-16.30.41:727][  0]LogConfig: Setting CVar [[gc.ActorClusteringEnabled:0]]
[2019.09.06-16.30.41:727][  0]LogConfig: Setting CVar [[gc.BlueprintClusteringEnabled:0]]
[2019.09.06-16.30.41:727][  0]LogConfig: Setting CVar [[gc.UseDisregardForGCOnDedicatedServers:0]]
[2019.09.06-16.30.41:727][  0]LogConfig: Applying CVar settings from Section [/Script/Engine.NetworkSettings] File [D:/UE4 Projects/LostScroll/Saved/Config/Windows/Engine.ini]
[2019.09.06-16.30.41:727][  0]LogConfig: Applying CVar settings from Section [/Script/UnrealEd.CookerSettings] File [D:/UE4 Projects/LostScroll/Saved/Config/Windows/Engine.ini]
[2019.09.06-16.30.41:730][  0]LogConfig: Applying CVar settings from Section [ViewDistanceQuality@3] File [D:/UE4 Projects/LostScroll/Saved/Config/Windows/Scalability.ini]
[2019.09.06-16.30.41:731][  0]LogConfig: Setting CVar [[r.SkeletalMeshLODBias:0]]
[2019.09.06-16.30.41:731][  0]LogConfig: Setting CVar [[r.ViewDistanceScale:1.0]]
[2019.09.06-16.30.41:731][  0]LogConfig: Applying CVar settings from Section [AntiAliasingQuality@3] File [D:/UE4 Projects/LostScroll/Saved/Config/Windows/Scalability.ini]
[2019.09.06-16.30.41:731][  0]LogConfig: Setting CVar [[r.PostProcessAAQuality:4]]
[2019.09.06-16.30.41:731][  0]LogConfig: Applying CVar settings from Section [ShadowQuality@3] File [D:/UE4 Projects/LostScroll/Saved/Config/Windows/Scalability.ini]
[2019.09.06-16.30.41:731][  0]LogConfig: Setting CVar [[r.LightFunctionQuality:1]]
[2019.09.06-16.30.41:731][  0]LogConfig: Setting CVar [[r.ShadowQuality:5]]
[2019.09.06-16.30.41:731][  0]LogConfig: Setting CVar [[r.Shadow.CSM.MaxCascades:10]]
[2019.09.06-16.30.41:731][  0]LogConfig: Setting CVar [[r.Shadow.MaxResolution:2048]]
[2019.09.06-16.30.41:731][  0]LogConfig: Setting CVar [[r.Shadow.MaxCSMResolution:2048]]
[2019.09.06-16.30.41:731][  0]LogConfig: Setting CVar [[r.Shadow.RadiusThreshold:0.01]]
[2019.09.06-16.30.41:731][  0]LogConfig: Setting CVar [[r.Shadow.DistanceScale:1.0]]
[2019.09.06-16.30.41:731][  0]LogConfig: Setting CVar [[r.Shadow.CSM.TransitionScale:1.0]]
[2019.09.06-16.30.41:731][  0]LogConfig: Setting CVar [[r.Shadow.PreShadowResolutionFactor:1.0]]
[2019.09.06-16.30.41:731][  0]LogConfig: Setting CVar [[r.DistanceFieldShadowing:1]]
[2019.09.06-16.30.41:731][  0]LogConfig: Setting CVar [[r.DistanceFieldAO:1]]
[2019.09.06-16.30.41:731][  0]LogConfig: Setting CVar [[r.AOQuality:2]]
[2019.09.06-16.30.41:731][  0]LogConfig: Setting CVar [[r.VolumetricFog:1]]
[2019.09.06-16.30.41:731][  0]LogConfig: Setting CVar [[r.VolumetricFog.GridPixelSize:8]]
[2019.09.06-16.30.41:731][  0]LogConfig: Setting CVar [[r.VolumetricFog.GridSizeZ:128]]
[2019.09.06-16.30.41:731][  0]LogConfig: Setting CVar [[r.VolumetricFog.HistoryMissSupersampleCount:4]]
[2019.09.06-16.30.41:731][  0]LogConfig: Setting CVar [[r.LightMaxDrawDistanceScale:1]]
[2019.09.06-16.30.41:731][  0]LogConfig: Setting CVar [[r.CapsuleShadows:1]]
[2019.09.06-16.30.41:731][  0]LogConfig: Applying CVar settings from Section [PostProcessQuality@3] File [D:/UE4 Projects/LostScroll/Saved/Config/Windows/Scalability.ini]
[2019.09.06-16.30.41:731][  0]LogConfig: Setting CVar [[r.MotionBlurQuality:4]]
[2019.09.06-16.30.41:731][  0]LogConfig: Setting CVar [[r.AmbientOcclusionMipLevelFactor:0.4]]
[2019.09.06-16.30.41:731][  0]LogConfig: Setting CVar [[r.AmbientOcclusionMaxQuality:100]]
[2019.09.06-16.30.41:731][  0]LogConfig: Setting CVar [[r.AmbientOcclusionLevels:-1]]
[2019.09.06-16.30.41:731][  0]LogConfig: Setting CVar [[r.AmbientOcclusionRadiusScale:1.0]]
[2019.09.06-16.30.41:731][  0]LogConfig: Setting CVar [[r.DepthOfFieldQuality:2]]
[2019.09.06-16.30.41:731][  0]LogConfig: Setting CVar [[r.RenderTargetPoolMin:400]]
[2019.09.06-16.30.41:731][  0]LogConfig: Setting CVar [[r.LensFlareQuality:2]]
[2019.09.06-16.30.41:731][  0]LogConfig: Setting CVar [[r.SceneColorFringeQuality:1]]
[2019.09.06-16.30.41:731][  0]LogConfig: Setting CVar [[r.EyeAdaptationQuality:2]]
[2019.09.06-16.30.41:731][  0]LogConfig: Setting CVar [[r.BloomQuality:5]]
[2019.09.06-16.30.41:731][  0]LogConfig: Setting CVar [[r.FastBlurThreshold:100]]
[2019.09.06-16.30.41:731][  0]LogConfig: Setting CVar [[r.Upscale.Quality:3]]
[2019.09.06-16.30.41:731][  0]LogConfig: Setting CVar [[r.Tonemapper.GrainQuantization:1]]
[2019.09.06-16.30.41:731][  0]LogConfig: Setting CVar [[r.LightShaftQuality:1]]
[2019.09.06-16.30.41:731][  0]LogConfig: Setting CVar [[r.Filter.SizeScale:1]]
[2019.09.06-16.30.41:731][  0]LogConfig: Setting CVar [[r.Tonemapper.Quality:5]]
[2019.09.06-16.30.41:731][  0]LogConfig: Setting CVar [[r.DOF.Gather.AccumulatorQuality:1        ; higher gathering accumulator quality]]
[2019.09.06-16.30.41:731][  0]LogConfig: Setting CVar [[r.DOF.Gather.PostfilterMethod:1          ; Median3x3 postfilering method]]
[2019.09.06-16.30.41:731][  0]LogConfig: Setting CVar [[r.DOF.Gather.EnableBokehSettings:0       ; no bokeh simulation when gathering]]
[2019.09.06-16.30.41:731][  0]LogConfig: Setting CVar [[r.DOF.Gather.RingCount:4                 ; medium number of samples when gathering]]
[2019.09.06-16.30.41:731][  0]LogConfig: Setting CVar [[r.DOF.Scatter.ForegroundCompositing:1    ; additive foreground scattering]]
[2019.09.06-16.30.41:731][  0]LogConfig: Setting CVar [[r.DOF.Scatter.BackgroundCompositing:2    ; additive background scattering]]
[2019.09.06-16.30.41:731][  0]LogConfig: Setting CVar [[r.DOF.Scatter.EnableBokehSettings:1      ; bokeh simulation when scattering]]
[2019.09.06-16.30.41:731][  0]LogConfig: Setting CVar [[r.DOF.Scatter.MaxSpriteRatio:0.1         ; only a maximum of 10% of scattered bokeh]]
[2019.09.06-16.30.41:731][  0]LogConfig: Setting CVar [[r.DOF.Recombine.Quality:1                ; cheap slight out of focus]]
[2019.09.06-16.30.41:731][  0]LogConfig: Setting CVar [[r.DOF.Recombine.EnableBokehSettings:0    ; no bokeh simulation on slight out of focus]]
[2019.09.06-16.30.41:731][  0]LogConfig: Setting CVar [[r.DOF.TemporalAAQuality:1                ; more stable temporal accumulation]]
[2019.09.06-16.30.41:731][  0]LogConfig: Setting CVar [[r.DOF.Kernel.MaxForegroundRadius:0.025]]
[2019.09.06-16.30.41:731][  0]LogConfig: Setting CVar [[r.DOF.Kernel.MaxBackgroundRadius:0.025]]
[2019.09.06-16.30.41:731][  0]LogConfig: Applying CVar settings from Section [TextureQuality@3] File [D:/UE4 Projects/LostScroll/Saved/Config/Windows/Scalability.ini]
[2019.09.06-16.30.41:731][  0]LogConfig: Setting CVar [[r.Streaming.MipBias:0]]
[2019.09.06-16.30.41:731][  0]LogConfig: Setting CVar [[r.Streaming.AmortizeCPUToGPUCopy:0]]
[2019.09.06-16.30.41:731][  0]LogConfig: Setting CVar [[r.Streaming.MaxNumTexturesToStreamPerFrame:0]]
[2019.09.06-16.30.41:731][  0]LogConfig: Setting CVar [[r.Streaming.Boost:1]]
[2019.09.06-16.30.41:731][  0]LogConfig: Setting CVar [[r.MaxAnisotropy:8]]
[2019.09.06-16.30.41:731][  0]LogConfig: Setting CVar [[r.Streaming.LimitPoolSizeToVRAM:0]]
[2019.09.06-16.30.41:731][  0]LogConfig: Setting CVar [[r.Streaming.PoolSize:1000]]
[2019.09.06-16.30.41:731][  0]LogConfig: Setting CVar [[r.Streaming.MaxEffectiveScreenSize:0]]
[2019.09.06-16.30.41:731][  0]LogConfig: Applying CVar settings from Section [EffectsQuality@3] File [D:/UE4 Projects/LostScroll/Saved/Config/Windows/Scalability.ini]
[2019.09.06-16.30.41:731][  0]LogConfig: Setting CVar [[r.TranslucencyLightingVolumeDim:64]]
[2019.09.06-16.30.41:731][  0]LogConfig: Setting CVar [[r.RefractionQuality:2]]
[2019.09.06-16.30.41:731][  0]LogConfig: Setting CVar [[r.SSR.Quality:3]]
[2019.09.06-16.30.41:731][  0]LogConfig: Setting CVar [[r.SceneColorFormat:4]]
[2019.09.06-16.30.41:731][  0]LogConfig: Setting CVar [[r.DetailMode:2]]
[2019.09.06-16.30.41:731][  0]LogConfig: Setting CVar [[r.TranslucencyVolumeBlur:1]]
[2019.09.06-16.30.41:731][  0]LogConfig: Setting CVar [[r.MaterialQualityLevel:1 ; High quality]]
[2019.09.06-16.30.41:731][  0]LogConfig: Setting CVar [[r.SSS.Scale:1]]
[2019.09.06-16.30.41:731][  0]LogConfig: Setting CVar [[r.SSS.SampleSet:2]]
[2019.09.06-16.30.41:731][  0]LogConfig: Setting CVar [[r.SSS.Quality:1]]
[2019.09.06-16.30.41:731][  0]LogConfig: Setting CVar [[r.SSS.HalfRes:1]]
[2019.09.06-16.30.41:731][  0]LogConfig: Setting CVar [[r.EmitterSpawnRateScale:1.0]]
[2019.09.06-16.30.41:731][  0]LogConfig: Setting CVar [[r.ParticleLightQuality:2]]
[2019.09.06-16.30.41:731][  0]LogConfig: Applying CVar settings from Section [FoliageQuality@3] File [D:/UE4 Projects/LostScroll/Saved/Config/Windows/Scalability.ini]
[2019.09.06-16.30.41:731][  0]LogConfig: Setting CVar [[foliage.DensityScale:1.0]]
[2019.09.06-16.30.41:732][  0]LogConfig: Setting CVar [[grass.DensityScale:1.0]]
[2019.09.06-16.30.41:732][  0]LogInit: Selected Device Profile: [Windows]
[2019.09.06-16.30.41:732][  0]LogInit: Applying CVar settings loaded from the selected device profile: [Windows]
[2019.09.06-16.30.41:753][  0]LogHAL: Display: Platform has ~ 16 GB [17105727488 / 17179869184 / 16], which maps to Larger [LargestMinGB=32, LargerMinGB=12, DefaultMinGB=8, SmallerMinGB=6, SmallestMinGB=0)
[2019.09.06-16.30.41:753][  0]LogConfig: Setting CVar [[r.Vulkan.UseRealUBs:0		; Required until we fix HLR fall-out]]
[2019.09.06-16.30.41:753][  0]LogInit: Going up to parent DeviceProfile []
[2019.09.06-16.30.41:753][  0]LogConfig: Applying CVar settings from Section [ViewDistanceQuality@3] File [D:/UE4 Projects/LostScroll/Saved/Config/Windows/Scalability.ini]
[2019.09.06-16.30.41:753][  0]LogConfig: Setting CVar [[r.SkeletalMeshLODBias:0]]
[2019.09.06-16.30.41:753][  0]LogConfig: Setting CVar [[r.ViewDistanceScale:1.0]]
[2019.09.06-16.30.41:753][  0]LogConfig: Applying CVar settings from Section [AntiAliasingQuality@3] File [D:/UE4 Projects/LostScroll/Saved/Config/Windows/Scalability.ini]
[2019.09.06-16.30.41:753][  0]LogConfig: Setting CVar [[r.PostProcessAAQuality:4]]
[2019.09.06-16.30.41:753][  0]LogConfig: Applying CVar settings from Section [ShadowQuality@3] File [D:/UE4 Projects/LostScroll/Saved/Config/Windows/Scalability.ini]
[2019.09.06-16.30.41:753][  0]LogConfig: Setting CVar [[r.LightFunctionQuality:1]]
[2019.09.06-16.30.41:753][  0]LogConfig: Setting CVar [[r.ShadowQuality:5]]
[2019.09.06-16.30.41:753][  0]LogConfig: Setting CVar [[r.Shadow.CSM.MaxCascades:10]]
[2019.09.06-16.30.41:753][  0]LogConfig: Setting CVar [[r.Shadow.MaxResolution:2048]]
[2019.09.06-16.30.41:753][  0]LogConfig: Setting CVar [[r.Shadow.MaxCSMResolution:2048]]
[2019.09.06-16.30.41:753][  0]LogConfig: Setting CVar [[r.Shadow.RadiusThreshold:0.01]]
[2019.09.06-16.30.41:753][  0]LogConfig: Setting CVar [[r.Shadow.DistanceScale:1.0]]
[2019.09.06-16.30.41:753][  0]LogConfig: Setting CVar [[r.Shadow.CSM.TransitionScale:1.0]]
[2019.09.06-16.30.41:753][  0]LogConfig: Setting CVar [[r.Shadow.PreShadowResolutionFactor:1.0]]
[2019.09.06-16.30.41:753][  0]LogConfig: Setting CVar [[r.DistanceFieldShadowing:1]]
[2019.09.06-16.30.41:753][  0]LogConfig: Setting CVar [[r.DistanceFieldAO:1]]
[2019.09.06-16.30.41:753][  0]LogConfig: Setting CVar [[r.AOQuality:2]]
[2019.09.06-16.30.41:753][  0]LogConfig: Setting CVar [[r.VolumetricFog:1]]
[2019.09.06-16.30.41:753][  0]LogConfig: Setting CVar [[r.VolumetricFog.GridPixelSize:8]]
[2019.09.06-16.30.41:753][  0]LogConfig: Setting CVar [[r.VolumetricFog.GridSizeZ:128]]
[2019.09.06-16.30.41:753][  0]LogConfig: Setting CVar [[r.VolumetricFog.HistoryMissSupersampleCount:4]]
[2019.09.06-16.30.41:753][  0]LogConfig: Setting CVar [[r.LightMaxDrawDistanceScale:1]]
[2019.09.06-16.30.41:753][  0]LogConfig: Setting CVar [[r.CapsuleShadows:1]]
[2019.09.06-16.30.41:753][  0]LogConfig: Applying CVar settings from Section [PostProcessQuality@3] File [D:/UE4 Projects/LostScroll/Saved/Config/Windows/Scalability.ini]
[2019.09.06-16.30.41:753][  0]LogConfig: Setting CVar [[r.MotionBlurQuality:4]]
[2019.09.06-16.30.41:753][  0]LogConfig: Setting CVar [[r.AmbientOcclusionMipLevelFactor:0.4]]
[2019.09.06-16.30.41:753][  0]LogConfig: Setting CVar [[r.AmbientOcclusionMaxQuality:100]]
[2019.09.06-16.30.41:753][  0]LogConfig: Setting CVar [[r.AmbientOcclusionLevels:-1]]
[2019.09.06-16.30.41:753][  0]LogConfig: Setting CVar [[r.AmbientOcclusionRadiusScale:1.0]]
[2019.09.06-16.30.41:753][  0]LogConfig: Setting CVar [[r.DepthOfFieldQuality:2]]
[2019.09.06-16.30.41:753][  0]LogConfig: Setting CVar [[r.RenderTargetPoolMin:400]]
[2019.09.06-16.30.41:753][  0]LogConfig: Setting CVar [[r.LensFlareQuality:2]]
[2019.09.06-16.30.41:753][  0]LogConfig: Setting CVar [[r.SceneColorFringeQuality:1]]
[2019.09.06-16.30.41:753][  0]LogConfig: Setting CVar [[r.EyeAdaptationQuality:2]]
[2019.09.06-16.30.41:753][  0]LogConfig: Setting CVar [[r.BloomQuality:5]]
[2019.09.06-16.30.41:753][  0]LogConfig: Setting CVar [[r.FastBlurThreshold:100]]
[2019.09.06-16.30.41:753][  0]LogConfig: Setting CVar [[r.Upscale.Quality:3]]
[2019.09.06-16.30.41:753][  0]LogConfig: Setting CVar [[r.Tonemapper.GrainQuantization:1]]
[2019.09.06-16.30.41:753][  0]LogConfig: Setting CVar [[r.LightShaftQuality:1]]
[2019.09.06-16.30.41:753][  0]LogConfig: Setting CVar [[r.Filter.SizeScale:1]]
[2019.09.06-16.30.41:753][  0]LogConfig: Setting CVar [[r.Tonemapper.Quality:5]]
[2019.09.06-16.30.41:753][  0]LogConfig: Setting CVar [[r.DOF.Gather.AccumulatorQuality:1        ; higher gathering accumulator quality]]
[2019.09.06-16.30.41:753][  0]LogConfig: Setting CVar [[r.DOF.Gather.PostfilterMethod:1          ; Median3x3 postfilering method]]
[2019.09.06-16.30.41:753][  0]LogConfig: Setting CVar [[r.DOF.Gather.EnableBokehSettings:0       ; no bokeh simulation when gathering]]
[2019.09.06-16.30.41:753][  0]LogConfig: Setting CVar [[r.DOF.Gather.RingCount:4                 ; medium number of samples when gathering]]
[2019.09.06-16.30.41:753][  0]LogConfig: Setting CVar [[r.DOF.Scatter.ForegroundCompositing:1    ; additive foreground scattering]]
[2019.09.06-16.30.41:753][  0]LogConfig: Setting CVar [[r.DOF.Scatter.BackgroundCompositing:2    ; additive background scattering]]
[2019.09.06-16.30.41:753][  0]LogConfig: Setting CVar [[r.DOF.Scatter.EnableBokehSettings:1      ; bokeh simulation when scattering]]
[2019.09.06-16.30.41:753][  0]LogConfig: Setting CVar [[r.DOF.Scatter.MaxSpriteRatio:0.1         ; only a maximum of 10% of scattered bokeh]]
[2019.09.06-16.30.41:753][  0]LogConfig: Setting CVar [[r.DOF.Recombine.Quality:1                ; cheap slight out of focus]]
[2019.09.06-16.30.41:753][  0]LogConfig: Setting CVar [[r.DOF.Recombine.EnableBokehSettings:0    ; no bokeh simulation on slight out of focus]]
[2019.09.06-16.30.41:753][  0]LogConfig: Setting CVar [[r.DOF.TemporalAAQuality:1                ; more stable temporal accumulation]]
[2019.09.06-16.30.41:753][  0]LogConfig: Setting CVar [[r.DOF.Kernel.MaxForegroundRadius:0.025]]
[2019.09.06-16.30.41:753][  0]LogConfig: Setting CVar [[r.DOF.Kernel.MaxBackgroundRadius:0.025]]
[2019.09.06-16.30.41:753][  0]LogConfig: Applying CVar settings from Section [TextureQuality@3] File [D:/UE4 Projects/LostScroll/Saved/Config/Windows/Scalability.ini]
[2019.09.06-16.30.41:753][  0]LogConfig: Setting CVar [[r.Streaming.MipBias:0]]
[2019.09.06-16.30.41:753][  0]LogConfig: Setting CVar [[r.Streaming.AmortizeCPUToGPUCopy:0]]
[2019.09.06-16.30.41:753][  0]LogConfig: Setting CVar [[r.Streaming.MaxNumTexturesToStreamPerFrame:0]]
[2019.09.06-16.30.41:753][  0]LogConfig: Setting CVar [[r.Streaming.Boost:1]]
[2019.09.06-16.30.41:754][  0]LogConfig: Setting CVar [[r.MaxAnisotropy:8]]
[2019.09.06-16.30.41:754][  0]LogConfig: Setting CVar [[r.Streaming.LimitPoolSizeToVRAM:0]]
[2019.09.06-16.30.41:754][  0]LogConfig: Setting CVar [[r.Streaming.PoolSize:1000]]
[2019.09.06-16.30.41:754][  0]LogConfig: Setting CVar [[r.Streaming.MaxEffectiveScreenSize:0]]
[2019.09.06-16.30.41:754][  0]LogConfig: Applying CVar settings from Section [EffectsQuality@3] File [D:/UE4 Projects/LostScroll/Saved/Config/Windows/Scalability.ini]
[2019.09.06-16.30.41:754][  0]LogConfig: Setting CVar [[r.TranslucencyLightingVolumeDim:64]]
[2019.09.06-16.30.41:754][  0]LogConfig: Setting CVar [[r.RefractionQuality:2]]
[2019.09.06-16.30.41:754][  0]LogConfig: Setting CVar [[r.SSR.Quality:3]]
[2019.09.06-16.30.41:754][  0]LogConfig: Setting CVar [[r.SceneColorFormat:4]]
[2019.09.06-16.30.41:754][  0]LogConfig: Setting CVar [[r.DetailMode:2]]
[2019.09.06-16.30.41:754][  0]LogConfig: Setting CVar [[r.TranslucencyVolumeBlur:1]]
[2019.09.06-16.30.41:754][  0]LogConfig: Setting CVar [[r.MaterialQualityLevel:1 ; High quality]]
[2019.09.06-16.30.41:754][  0]LogConfig: Setting CVar [[r.SSS.Scale:1]]
[2019.09.06-16.30.41:754][  0]LogConfig: Setting CVar [[r.SSS.SampleSet:2]]
[2019.09.06-16.30.41:754][  0]LogConfig: Setting CVar [[r.SSS.Quality:1]]
[2019.09.06-16.30.41:754][  0]LogConfig: Setting CVar [[r.SSS.HalfRes:1]]
[2019.09.06-16.30.41:754][  0]LogConfig: Setting CVar [[r.EmitterSpawnRateScale:1.0]]
[2019.09.06-16.30.41:754][  0]LogConfig: Setting CVar [[r.ParticleLightQuality:2]]
[2019.09.06-16.30.41:754][  0]LogConfig: Applying CVar settings from Section [FoliageQuality@3] File [D:/UE4 Projects/LostScroll/Saved/Config/Windows/Scalability.ini]
[2019.09.06-16.30.41:754][  0]LogConfig: Setting CVar [[foliage.DensityScale:1.0]]
[2019.09.06-16.30.41:754][  0]LogConfig: Setting CVar [[grass.DensityScale:1.0]]
[2019.09.06-16.30.41:754][  0]LogConfig: Applying CVar settings from Section [Startup] File [../../../Engine/Config/ConsoleVariables.ini]
[2019.09.06-16.30.41:758][  0]LogConfig: Setting CVar [[net.UseAdaptiveNetUpdateFrequency:0]]
[2019.09.06-16.30.41:758][  0]LogConfig: Setting CVar [[p.chaos.AllowCreatePhysxBodies:1]]
[2019.09.06-16.30.41:758][  0]LogConfig: Applying CVar settings from Section [ConsoleVariables] File [D:/UE4 Projects/LostScroll/Saved/Config/Windows/Engine.ini]
[2019.09.06-16.30.41:758][  0]LogInit: Computer: DESKTOP-08LCMC5
[2019.09.06-16.30.41:758][  0]LogInit: User: Z
[2019.09.06-16.30.41:758][  0]LogInit: CPU Page size=4096, Cores=6
[2019.09.06-16.30.41:758][  0]LogInit: High frequency timer resolution =10.000000 MHz
[2019.09.06-16.30.41:758][  0]LogMemory: Memory total: Physical=15.9GB (16GB approx)
[2019.09.06-16.30.41:758][  0]LogMemory: Platform Memory Stats for Windows
[2019.09.06-16.30.41:758][  0]LogMemory: Process Physical Memory: 97.55 MB used, 97.55 MB peak
[2019.09.06-16.30.41:758][  0]LogMemory: Process Virtual Memory: 89.83 MB used, 89.83 MB peak
[2019.09.06-16.30.41:758][  0]LogMemory: Physical Memory: 4686.29 MB used,  11627.01 MB free, 16313.29 MB total
[2019.09.06-16.30.41:758][  0]LogMemory: Virtual Memory: 4674.63 MB used,  134213056.00 MB free, 134217728.00 MB total
[2019.09.06-16.30.41:776][  0]LogInit: Using OS detected language (en-US).
[2019.09.06-16.30.41:776][  0]LogInit: Using OS detected locale (en-US).
[2019.09.06-16.30.41:776][  0]LogTextLocalizationManager: No specific localization for 'en-US' exists, so the 'en' localization will be used.
[2019.09.06-16.30.41:960][  0]LogInit: Setting process to per monitor DPI aware
[2019.09.06-16.30.41:986][  0]LogSlate: New Slate User Created.  User Index 0, Is Virtual User: 0
[2019.09.06-16.30.41:986][  0]LogSlate: Slate User Registered.  User Index 0, Is Virtual User: 0
[2019.09.06-16.30.43:585][  0]LogHMD: Failed to initialize OpenVR with code 110
[2019.09.06-16.30.43:585][  0]LogD3D11RHI: D3D11 adapters:
[2019.09.06-16.30.43:657][  0]LogD3D11RHI:    0. 'NVIDIA GeForce RTX 2060' (Feature Level 11_0)
[2019.09.06-16.30.43:657][  0]LogD3D11RHI:       5980/0/8156 MB DedicatedVideo/DedicatedSystem/SharedSystem, Outputs:2, VendorId:0x10de
[2019.09.06-16.30.43:659][  0]LogD3D11RHI:    1. 'Microsoft Basic Render Driver' (Feature Level 11_0)
[2019.09.06-16.30.43:659][  0]LogD3D11RHI:       0/0/8156 MB DedicatedVideo/DedicatedSystem/SharedSystem, Outputs:0, VendorId:0x1414
[2019.09.06-16.30.43:659][  0]LogD3D11RHI: Chosen D3D11 Adapter: 0
[2019.09.06-16.30.43:665][  0]LogD3D11RHI: Creating new Direct3DDevice
[2019.09.06-16.30.43:665][  0]LogD3D11RHI:     GPU DeviceId: 0x1f08 (for the marketing name, search the web for "GPU Device Id")
[2019.09.06-16.30.43:665][  0]LogWindows: EnumDisplayDevices:
[2019.09.06-16.30.43:665][  0]LogWindows:    0. 'NVIDIA GeForce RTX 2060' (P:1 D:1)
[2019.09.06-16.30.43:666][  0]LogWindows:    1. 'NVIDIA GeForce RTX 2060' (P:0 D:1)
[2019.09.06-16.30.43:666][  0]LogWindows:    2. 'NVIDIA GeForce RTX 2060' (P:0 D:0)
[2019.09.06-16.30.43:666][  0]LogWindows:    3. 'NVIDIA GeForce RTX 2060' (P:0 D:0)
[2019.09.06-16.30.43:666][  0]LogWindows: DebugString: FoundDriverCount:4 
[2019.09.06-16.30.43:666][  0]LogD3D11RHI:     Adapter Name: NVIDIA GeForce RTX 2060
[2019.09.06-16.30.43:666][  0]LogD3D11RHI:   Driver Version: 417.71 (internal:25.21.14.1771, unified:417.71)
[2019.09.06-16.30.43:666][  0]LogD3D11RHI:      Driver Date: 1-11-2019
[2019.09.06-16.30.43:666][  0]LogRHI: Texture pool is 4186 MB (70% of 5980 MB)
[2019.09.06-16.30.43:722][  0]LogD3D11RHI: Async texture creation enabled
[2019.09.06-16.30.43:738][  0]LogRendererCore: FGlobalReadBuffer::InitRHI
[2019.09.06-16.30.43:738][  0]LogRendererCore: FGlobalReadBuffer::InitRHI
[2019.09.06-16.30.43:738][  0]LogRendererCore: FGlobalReadBuffer::InitRHI
[2019.09.06-16.30.43:751][  0]LogD3D11RHI: GPU Timing Frequency: 1000.000000 (Debug: 2 2)
[2019.09.06-16.30.44:191][  0]LogTemp: Display: Module 'AllDesktopTargetPlatform' loaded TargetPlatform 'AllDesktop'
[2019.09.06-16.30.44:206][  0]LogTemp: Display: Module 'MacClientTargetPlatform' loaded TargetPlatform 'MacClient'
[2019.09.06-16.30.44:220][  0]LogTemp: Display: Module 'MacNoEditorTargetPlatform' loaded TargetPlatform 'MacNoEditor'
[2019.09.06-16.30.44:234][  0]LogTemp: Display: Module 'MacServerTargetPlatform' loaded TargetPlatform 'MacServer'
[2019.09.06-16.30.44:253][  0]LogTemp: Display: Module 'MacTargetPlatform' loaded TargetPlatform 'Mac'
[2019.09.06-16.30.44:268][  0]LogTemp: Display: Module 'WindowsClientTargetPlatform' loaded TargetPlatform 'WindowsClient'
[2019.09.06-16.30.44:282][  0]LogTemp: Display: Module 'WindowsNoEditorTargetPlatform' loaded TargetPlatform 'WindowsNoEditor'
[2019.09.06-16.30.44:297][  0]LogTemp: Display: Module 'WindowsServerTargetPlatform' loaded TargetPlatform 'WindowsServer'
[2019.09.06-16.30.44:303][  0]LogTemp: Display: Module 'WindowsTargetPlatform' loaded TargetPlatform 'Windows'
[2019.09.06-16.30.44:400][  0]LogTemp: Display: Module 'AndroidTargetPlatform' loaded TargetPlatform 'Android'
[2019.09.06-16.30.44:400][  0]LogTemp: Display: Module 'AndroidTargetPlatform' loaded TargetPlatform 'Android_ASTC'
[2019.09.06-16.30.44:400][  0]LogTemp: Display: Module 'AndroidTargetPlatform' loaded TargetPlatform 'Android_ATC'
[2019.09.06-16.30.44:400][  0]LogTemp: Display: Module 'AndroidTargetPlatform' loaded TargetPlatform 'Android_DXT'
[2019.09.06-16.30.44:400][  0]LogTemp: Display: Module 'AndroidTargetPlatform' loaded TargetPlatform 'Android_ETC1'
[2019.09.06-16.30.44:400][  0]LogTemp: Display: Module 'AndroidTargetPlatform' loaded TargetPlatform 'Android_ETC1a'
[2019.09.06-16.30.44:400][  0]LogTemp: Display: Module 'AndroidTargetPlatform' loaded TargetPlatform 'Android_ETC2'
[2019.09.06-16.30.44:400][  0]LogTemp: Display: Module 'AndroidTargetPlatform' loaded TargetPlatform 'Android_PVRTC'
[2019.09.06-16.30.44:400][  0]LogTemp: Display: Module 'AndroidTargetPlatform' loaded TargetPlatform 'AndroidClient'
[2019.09.06-16.30.44:400][  0]LogTemp: Display: Module 'AndroidTargetPlatform' loaded TargetPlatform 'Android_ASTCClient'
[2019.09.06-16.30.44:400][  0]LogTemp: Display: Module 'AndroidTargetPlatform' loaded TargetPlatform 'Android_ATCClient'
[2019.09.06-16.30.44:400][  0]LogTemp: Display: Module 'AndroidTargetPlatform' loaded TargetPlatform 'Android_DXTClient'
[2019.09.06-16.30.44:400][  0]LogTemp: Display: Module 'AndroidTargetPlatform' loaded TargetPlatform 'Android_ETC1Client'
[2019.09.06-16.30.44:400][  0]LogTemp: Display: Module 'AndroidTargetPlatform' loaded TargetPlatform 'Android_ETC1aClient'
[2019.09.06-16.30.44:400][  0]LogTemp: Display: Module 'AndroidTargetPlatform' loaded TargetPlatform 'Android_ETC2Client'
[2019.09.06-16.30.44:400][  0]LogTemp: Display: Module 'AndroidTargetPlatform' loaded TargetPlatform 'Android_PVRTCClient'
[2019.09.06-16.30.44:400][  0]LogTemp: Display: Module 'AndroidTargetPlatform' loaded TargetPlatform 'Android_Multi'
[2019.09.06-16.30.44:400][  0]LogTemp: Display: Module 'AndroidTargetPlatform' loaded TargetPlatform 'Android_MultiClient'
[2019.09.06-16.30.44:401][  0]LogTemp: Display: Module 'HTML5TargetPlatform' loaded TargetPlatform 'HTML5'
[2019.09.06-16.30.44:458][  0]LogTemp: Display: Module 'IOSTargetPlatform' loaded TargetPlatform 'IOSClient'
[2019.09.06-16.30.44:458][  0]LogTemp: Display: Module 'IOSTargetPlatform' loaded TargetPlatform 'IOS'
[2019.09.06-16.30.44:484][  0]LogTemp: Display: Module 'TVOSTargetPlatform' loaded TargetPlatform 'TVOSClient'
[2019.09.06-16.30.44:484][  0]LogTemp: Display: Module 'TVOSTargetPlatform' loaded TargetPlatform 'TVOS'
[2019.09.06-16.30.44:498][  0]LogTemp: Display: Module 'LinuxClientTargetPlatform' loaded TargetPlatform 'LinuxClient'
[2019.09.06-16.30.44:511][  0]LogTemp: Display: Module 'LinuxNoEditorTargetPlatform' loaded TargetPlatform 'LinuxNoEditor'
[2019.09.06-16.30.44:525][  0]LogTemp: Display: Module 'LinuxServerTargetPlatform' loaded TargetPlatform 'LinuxServer'
[2019.09.06-16.30.44:543][  0]LogTemp: Display: Module 'LinuxTargetPlatform' loaded TargetPlatform 'Linux'
[2019.09.06-16.30.44:597][  0]LogTemp: Display: Module 'LuminTargetPlatform' loaded TargetPlatform 'Lumin'
[2019.09.06-16.30.44:597][  0]LogTemp: Display: Module 'LuminTargetPlatform' loaded TargetPlatform 'LuminClient'
[2019.09.06-16.30.44:597][  0]LogTargetPlatformManager: Display: Building Assets For Windows
[2019.09.06-16.30.44:605][  0]LogAudioDebug: Display: Lib vorbis DLL was dynamically loaded.
[2019.09.06-16.30.44:639][  0]LogShaderCompilers: Guid format shader working directory is -2 characters bigger than the processId version (../../../../../../../UE4 Projects/LostScroll/Intermediate/Shaders/WorkingDirectory/9224/).
[2019.09.06-16.30.44:639][  0]LogShaderCompilers: Cleaned the shader compiler working directory 'C:/Users/Z/AppData/Local/Temp/UnrealShaderWorkingDir/AF4C41F449B3634710F56483356A6D14/'.
[2019.09.06-16.30.44:640][  0]LogXGEController: Cleaning working directory: C:/Users/Z/AppData/Local/Temp/UnrealXGEWorkingDir/
[2019.09.06-16.30.44:641][  0]LogXGEController: Cannot use XGE Controller as Incredibuild is not installed on this machine.
[2019.09.06-16.30.44:641][  0]LogShaderCompilers: Cannot use XGE Shader Compiler as Incredibuild is not installed on this machine.
[2019.09.06-16.30.44:641][  0]LogShaderCompilers: Display: Using Local Shader Compiler.
[2019.09.06-16.30.46:284][  0]LogDerivedDataCache: Display: Max Cache Size: 512 MB
[2019.09.06-16.30.46:329][  0]LogDerivedDataCache: Loaded boot cache 0.04s 71MB C:/Users/Z/AppData/Local/UnrealEngine/4.22/DerivedDataCache/Boot.ddc.
[2019.09.06-16.30.46:329][  0]LogDerivedDataCache: Display: Loaded Boot cache: C:/Users/Z/AppData/Local/UnrealEngine/4.22/DerivedDataCache/Boot.ddc
[2019.09.06-16.30.46:329][  0]LogDerivedDataCache: FDerivedDataBackendGraph:  Pak pak cache file ../../../../../../../UE4 Projects/LostScroll/DerivedDataCache/DDC.ddp not found, will not use a pak cache.
[2019.09.06-16.30.46:329][  0]LogDerivedDataCache: Unable to find inner node Pak for hierarchical cache Hierarchy.
[2019.09.06-16.30.46:329][  0]LogDerivedDataCache: FDerivedDataBackendGraph:  CompressedPak pak cache file ../../../../../../../UE4 Projects/LostScroll/DerivedDataCache/Compressed.ddp not found, will not use a pak cache.
[2019.09.06-16.30.46:329][  0]LogDerivedDataCache: Unable to find inner node CompressedPak for hierarchical cache Hierarchy.
[2019.09.06-16.30.46:354][  0]LogDerivedDataCache: Display: Pak cache opened for reading ../../../Engine/DerivedDataCache/Compressed.ddp.
[2019.09.06-16.30.46:354][  0]LogDerivedDataCache: FDerivedDataBackendGraph:  EnterprisePak pak cache file ../../../Enterprise/DerivedDataCache/Compressed.ddp not found, will not use a pak cache.
[2019.09.06-16.30.46:354][  0]LogDerivedDataCache: Unable to find inner node EnterprisePak for hierarchical cache Hierarchy.
[2019.09.06-16.30.46:366][  0]LogDerivedDataCache: Using Local data cache path C:/Users/Z/AppData/Local/UnrealEngine/Common/DerivedDataCache: Writable
[2019.09.06-16.30.46:366][  0]LogDerivedDataCache: Shared data cache path not found in *engine.ini, will not use an Shared cache.
[2019.09.06-16.30.46:366][  0]LogDerivedDataCache: Unable to find inner node Shared for hierarchical cache Hierarchy.
[2019.09.06-16.30.46:389][  0]LogMaterial: Verifying Global Shaders for PCD3D_SM5
[2019.09.06-16.30.46:390][  0]LogSlate: Using FreeType 2.6.0
[2019.09.06-16.30.46:390][  0]LogSlate: SlateFontServices - WITH_FREETYPE: 1, WITH_HARFBUZZ: 1
[2019.09.06-16.30.46:483][  0]LogAssetRegistry: FAssetRegistry took 0.0345 seconds to start up
[2019.09.06-16.30.46:840][  0]LogInit: Selected Device Profile: [Windows]
[2019.09.06-16.30.47:167][  0]LogMeshReduction: Using QuadricMeshReduction for automatic static mesh reduction
[2019.09.06-16.30.47:167][  0]LogMeshReduction: Using SimplygonMeshReduction for automatic skeletal mesh reduction
[2019.09.06-16.30.47:167][  0]LogMeshReduction: Using ProxyLODMeshReduction for automatic mesh merging
[2019.09.06-16.30.47:167][  0]LogMeshReduction: No distributed automatic mesh merging module available
[2019.09.06-16.30.47:167][  0]LogMeshMerging: No distributed automatic mesh merging module available
[2019.09.06-16.30.47:205][  0]LogNetVersion: LostScroll 1.0.0, NetCL: 5660361, EngineNetVer: 10, GameNetVer: 0 (Checksum: 149322272)
[2019.09.06-16.30.48:443][  0]LogPackageLocalizationCache: Processed 10 localized package path(s) for 1 prioritized culture(s) in 0.041203 seconds
[2019.09.06-16.30.48:449][  0]LogUObjectArray: 42205 objects as part of root set at end of initial load.
[2019.09.06-16.30.48:450][  0]LogUObjectAllocator: 7325032 out of 0 bytes used by permanent object pool.
[2019.09.06-16.30.48:450][  0]LogUObjectArray: CloseDisregardForGC: 0/0 objects in disregard for GC pool
[2019.09.06-16.30.50:455][  0]LogTcpMessaging: Initializing TcpMessaging bridge
[2019.09.06-16.30.50:468][  0]LogUdpMessaging: Initializing bridge on interface 0.0.0.0:0 to multicast group 230.0.0.1:6666.
[2019.09.06-16.30.50:584][  0]SourceControl: Source control is disabled
[2019.09.06-16.30.50:584][  0]SourceControl: Source control is disabled
[2019.09.06-16.30.50:585][  0]SourceControl: Source control is disabled
[2019.09.06-16.30.50:586][  0]SourceControl: Source control is disabled
[2019.09.06-16.30.50:658][  0]LogAndroidPermission: UAndroidPermissionCallbackProxy::GetInstance
[2019.09.06-16.30.50:741][  0]LogOcInput: OculusInput pre-init called
[2019.09.06-16.30.51:546][  0]LogEngine: Initializing Engine...
[2019.09.06-16.30.51:547][  0]LogHMD: Failed to initialize OpenVR with code 110
[2019.09.06-16.30.51:548][  0]LogStats: UGameplayTagsManager::InitializeManager -  0.000 s
[2019.09.06-16.30.52:192][  0]LogInit: Initializing FReadOnlyCVARCache
[2019.09.06-16.30.52:200][  0]LogAIModule: Creating AISystem for world Untitled
[2019.09.06-16.30.52:220][  0]LogInit: XAudio2 using 'Speakers (High Definition Audio Device)' : 2 channels at 48 kHz using 16 bits per sample (channel mask 0x3)
[2019.09.06-16.30.52:243][  0]LogInit: FAudioDevice initialized.
[2019.09.06-16.30.52:244][  0]LogNetVersion: Set ProjectVersion to 1.0.0.0. Version Checksum will be recalculated on next use.
[2019.09.06-16.30.52:349][  0]LogDerivedDataCache: Saved boot cache 0.11s 71MB C:/Users/Z/AppData/Local/UnrealEngine/4.22/DerivedDataCache/Boot.ddc.
[2019.09.06-16.30.52:359][  0]LogInit: Texture streaming: Enabled
[2019.09.06-16.30.52:374][  0]LogEngineSessionManager: EngineSessionManager initialized
[2019.09.06-16.30.52:388][  0]LogEngineSessionManager: EngineSessionManager sent abnormal shutdown report. Type=Crashed, SessionId={A05D1A05-45BD-5666-15F8-64953DE70E89}
[2019.09.06-16.30.52:404][  0]LogInit: Transaction tracking system initialized
[2019.09.06-16.30.52:420][  0]BlueprintLog: New page: Editor Load
[2019.09.06-16.30.52:483][  0]LocalizationService: Localization service is disabled
[2019.09.06-16.30.53:211][  0]LogFileCache: Scanning file cache for directory 'D:/UE4 Projects/LostScroll/Content/' took 0.02s
[2019.09.06-16.30.53:211][  0]LogCook: Display: Max memory allowance for cook 16384mb min free memory 0mb
[2019.09.06-16.30.53:211][  0]LogCook: Display: Mobile HDR setting 1
[2019.09.06-16.30.53:601][  0]SourceControl: Source control is disabled
[2019.09.06-16.30.53:692][  0]LogSlate: Took 0.000223 seconds to synchronously load lazily loaded font '../../../Engine/Content/Slate/Fonts/Roboto-Regular.ttf' (155K)
[2019.09.06-16.31.30:186][  0]LogSlate: Window 'Restore Packages' being destroyed
[2019.09.06-16.31.30:186][  0]LogWindowsTextInputMethodSystem: Display: IME system now deactivated.
[2019.09.06-16.31.30:199][  0]LogWindowsTextInputMethodSystem: Display: IME system now deactivated.
[2019.09.06-16.31.30:201][  0]Cmd: MAP LOAD FILE="../../../../../../../UE4 Projects/LostScroll/Content/TopDownBP/Maps/TopDownExampleMap.umap" TEMPLATE=0 SHOWPROGRESS=1 FEATURELEVEL=3
[2019.09.06-16.31.30:201][  0]LogEditorServer: Warning: Can't find file '../../../../../../../UE4 Projects/LostScroll/Content/TopDownBP/Maps/TopDownExampleMap.umap'
[2019.09.06-16.31.30:201][  0]Cmd: MAP CHECKDEP NOCLEARLOG
[2019.09.06-16.31.30:201][  0]MapCheck: Map check complete: 0 Error(s), 0 Warning(s), took 0.128ms to complete.
[2019.09.06-16.31.30:201][  0]LogFileHelpers: Loading map 'TopDownExampleMap' took 0.001
[2019.09.06-16.31.30:280][  0]LogSlate: Updating window title bar state: overlay mode, drag disabled, window buttons hidden, title bar hidden
[2019.09.06-16.31.30:289][  0]LogSlate: Updating window title bar state: overlay mode, drag disabled, window buttons hidden, title bar hidden
[2019.09.06-16.31.30:297][  0]LogSlate: Updating window title bar state: overlay mode, drag disabled, window buttons hidden, title bar hidden
[2019.09.06-16.31.30:305][  0]LogSlate: Updating window title bar state: overlay mode, drag disabled, window buttons hidden, title bar hidden
[2019.09.06-16.31.30:312][  0]LogCollectionManager: Loaded 0 collections in 0.000896 seconds
[2019.09.06-16.31.30:327][  0]LogFileCache: Scanning file cache for directory 'D:/UE4 Projects/LostScroll/Saved/Collections/' took 0.01s
[2019.09.06-16.31.30:327][  0]LogFileCache: Scanning file cache for directory 'D:/UE4 Projects/LostScroll/Content/Developers/Z/Collections/' took 0.00s
[2019.09.06-16.31.30:327][  0]LogFileCache: Scanning file cache for directory 'D:/UE4 Projects/LostScroll/Content/Collections/' took 0.00s
[2019.09.06-16.31.30:327][  0]LogCollectionManager: Rebuilt the GUID cache for 0 collections in 0.000000 seconds
[2019.09.06-16.31.30:336][  0]LogContentBrowser: Native class hierarchy populated in 0.0093 seconds. Added 2732 classes and 659 folders.
[2019.09.06-16.31.30:341][  0]LogContentBrowser: Native class hierarchy updated for 'WidgetCarousel' in 0.0002 seconds. Added 0 classes and 0 folders.
[2019.09.06-16.31.30:345][  0]LogPakFile: Registered encryption key '00000000000000000000000000000000': 0 pak files mounted, 0 remain pending
[2019.09.06-16.31.30:351][  0]LogPakFile: Registered encryption key '00000000000000000000000000000000': 0 pak files mounted, 0 remain pending
[2019.09.06-16.31.30:364][  0]LogPakFile: Registered encryption key '00000000000000000000000000000000': 0 pak files mounted, 0 remain pending
[2019.09.06-16.31.30:368][  0]LogPakFile: Registered encryption key '00000000000000000000000000000000': 0 pak files mounted, 0 remain pending
[2019.09.06-16.31.30:372][  0]LogPakFile: Registered encryption key '00000000000000000000000000000000': 0 pak files mounted, 0 remain pending
[2019.09.06-16.31.30:377][  0]LogPakFile: Registered encryption key '00000000000000000000000000000000': 0 pak files mounted, 0 remain pending
[2019.09.06-16.31.30:380][  0]LogPakFile: Registered encryption key '00000000000000000000000000000000': 0 pak files mounted, 0 remain pending
[2019.09.06-16.31.30:384][  0]LogPakFile: Registered encryption key '00000000000000000000000000000000': 0 pak files mounted, 0 remain pending
[2019.09.06-16.31.30:388][  0]LogPakFile: Registered encryption key '00000000000000000000000000000000': 0 pak files mounted, 0 remain pending
[2019.09.06-16.31.30:393][  0]LogPakFile: Registered encryption key '00000000000000000000000000000000': 0 pak files mounted, 0 remain pending
[2019.09.06-16.31.30:396][  0]LogPakFile: Registered encryption key '00000000000000000000000000000000': 0 pak files mounted, 0 remain pending
[2019.09.06-16.31.30:400][  0]LogPakFile: Registered encryption key '00000000000000000000000000000000': 0 pak files mounted, 0 remain pending
[2019.09.06-16.31.30:404][  0]LogPakFile: Registered encryption key '00000000000000000000000000000000': 0 pak files mounted, 0 remain pending
[2019.09.06-16.31.30:408][  0]LogPakFile: Registered encryption key '00000000000000000000000000000000': 0 pak files mounted, 0 remain pending
[2019.09.06-16.31.30:411][  0]LogPakFile: Registered encryption key '00000000000000000000000000000000': 0 pak files mounted, 0 remain pending
[2019.09.06-16.31.30:415][  0]LogPakFile: Registered encryption key '00000000000000000000000000000000': 0 pak files mounted, 0 remain pending
[2019.09.06-16.31.30:442][  0]LogPakFile: Registered encryption key '00000000000000000000000000000000': 0 pak files mounted, 0 remain pending
[2019.09.06-16.31.30:446][  0]LogPakFile: Registered encryption key '00000000000000000000000000000000': 0 pak files mounted, 0 remain pending
[2019.09.06-16.31.30:450][  0]LogPakFile: Registered encryption key '00000000000000000000000000000000': 0 pak files mounted, 0 remain pending
[2019.09.06-16.31.30:454][  0]LogPakFile: Registered encryption key '00000000000000000000000000000000': 0 pak files mounted, 0 remain pending
[2019.09.06-16.31.30:458][  0]LogPakFile: Registered encryption key '00000000000000000000000000000000': 0 pak files mounted, 0 remain pending
[2019.09.06-16.31.30:462][  0]LogPakFile: Registered encryption key '00000000000000000000000000000000': 0 pak files mounted, 0 remain pending
[2019.09.06-16.31.30:465][  0]LogPakFile: Registered encryption key '00000000000000000000000000000000': 0 pak files mounted, 0 remain pending
[2019.09.06-16.31.30:469][  0]LogPakFile: Registered encryption key '00000000000000000000000000000000': 0 pak files mounted, 0 remain pending
[2019.09.06-16.31.30:473][  0]LogPakFile: Registered encryption key '00000000000000000000000000000000': 0 pak files mounted, 0 remain pending
[2019.09.06-16.31.30:476][  0]LogPakFile: Registered encryption key '00000000000000000000000000000000': 0 pak files mounted, 0 remain pending
[2019.09.06-16.31.30:568][  0]LogContentBrowser: Native class hierarchy updated for 'AddContentDialog' in 0.0003 seconds. Added 0 classes and 0 folders.
[2019.09.06-16.31.30:572][  0]LogContentBrowser: Native class hierarchy updated for 'SceneOutliner' in 0.0003 seconds. Added 1 classes and 2 folders.
[2019.09.06-16.31.30:626][  0]LogSlate: Took 0.000150 seconds to synchronously load lazily loaded font '../../../Engine/Content/Slate/Fonts/Roboto-Bold.ttf' (160K)
[2019.09.06-16.31.30:636][  0]LogSlate: Took 0.004611 seconds to synchronously load lazily loaded font '../../../Engine/Content/Editor/Slate/Fonts/FontAwesome.ttf' (139K)
[2019.09.06-16.31.30:720][  0]LogRenderer: Reallocating scene render targets to support 1208x652 Format 10 NumSamples 1 (Frame:1).
[2019.09.06-16.31.30:848][  0]LogContentBrowser: Native class hierarchy updated for 'HierarchicalLODOutliner' in 0.0003 seconds. Added 0 classes and 0 folders.
[2019.09.06-16.31.30:848][  0]LogLoad: (Engine Initialization) Total time: 51.68 seconds
[2019.09.06-16.31.30:848][  0]LogLoad: (Engine Initialization) Total Blueprint compile time: 0.00 seconds
[2019.09.06-16.31.30:880][  0]LogAssetRegistry: Asset discovery search completed in 44.4198 seconds
[2019.09.06-16.31.30:883][  0]LogCollectionManager: Rebuilt the object cache for 0 collections in 0.000000 seconds (found 0 objects)
[2019.09.06-16.31.30:883][  0]LogCollectionManager: Fixed up redirectors for 0 collections in 0.000032 seconds (updated 0 objects)
[2019.09.06-16.31.30:886][  0]LogContentStreaming: Texture pool size now 1000 MB
[2019.09.06-16.31.30:919][  0]LogSlate: Took 0.003949 seconds to synchronously load lazily loaded font '../../../Engine/Content/Slate/Fonts/Roboto-Light.ttf' (167K)
[2019.09.06-16.31.31:876][112]LogSlate: Took 0.000139 seconds to synchronously load lazily loaded font '../../../Engine/Content/Slate/Fonts/Roboto-Light.ttf' (167K)
[2019.09.06-16.31.34:525][430]LogSlate: FSceneViewport::OnFocusLost() reason 0
[2019.09.06-16.31.37:599][799]LogSlate: FSceneViewport::OnFocusLost() reason 0
[2019.09.06-16.31.37:690][810]LogTemp: Repeating last play command: Selected Viewport
[2019.09.06-16.31.37:706][810]LogPlayLevel: PlayLevel: No blueprints needed recompiling
[2019.09.06-16.31.37:707][810]PIE: New page: PIE session: Untitled_0 (Sep 7, 2019, 8:31:37 AM)
[2019.09.06-16.31.37:719][810]LogPlayLevel: Creating play world package: /Temp/UEDPIE_0_Untitled_0
[2019.09.06-16.31.37:720][810]LogPlayLevel: PIE: StaticDuplicateObject took: (0.000623s)
[2019.09.06-16.31.37:720][810]LogAIModule: Creating AISystem for world Untitled
[2019.09.06-16.31.37:720][810]LogPlayLevel: PIE: World Init took: (0.000483s)
[2019.09.06-16.31.37:720][810]LogPlayLevel: PIE: Created PIE world by copying editor world from /Temp/Untitled_0.Untitled to /Temp/UEDPIE_0_Untitled_0.Untitled (0.001301s)
[2019.09.06-16.31.37:752][810]LogUObjectHash: Compacting FUObjectHashTables data took   1.92ms
[2019.09.06-16.31.37:769][810]LogInit: XAudio2 using 'Speakers (High Definition Audio Device)' : 2 channels at 48 kHz using 16 bits per sample (channel mask 0x3)
[2019.09.06-16.31.37:779][810]LogInit: FAudioDevice initialized.
[2019.09.06-16.31.38:034][810]LogLoad: Game class is 'TopDownGameMode_C'
[2019.09.06-16.31.38:035][810]LogWorld: Bringing World /Temp/UEDPIE_0_Untitled_0.Untitled up for play (max tick rate 0) at 2019.09.07-00.31.38
[2019.09.06-16.31.38:035][810]LogWorld: Bringing up level for play took: 0.000335
[2019.09.06-16.31.38:051][810]LogContentBrowser: Native class hierarchy updated for 'MovieSceneCapture' in 0.0003 seconds. Added 20 classes and 0 folders.
[2019.09.06-16.31.38:053][810]PIE: Play in editor start time for /Temp/UEDPIE_0_Untitled_0 1.156
[2019.09.06-16.31.39:475][978]LogSlate: Updating window title bar state: overlay mode, drag disabled, window buttons hidden, title bar hidden
[2019.09.06-16.31.39:507][978]LogPlayLevel: Display: Shutting down PIE online subsystems
[2019.09.06-16.31.39:541][978]LogSlate: Updating window title bar state: overlay mode, drag disabled, window buttons hidden, title bar hidden
[2019.09.06-16.31.39:547][978]LogUObjectHash: Compacting FUObjectHashTables data took   2.24ms
[2019.09.06-16.31.39:582][982]LogPlayLevel: Display: Destroying online subsystem :Context_1
[2019.09.06-16.31.45:919][731]LogAIModule: Creating AISystem for world GameWorld
[2019.09.06-16.31.45:928][731]LogAssetEditorManager: Opening Asset editor for World /Game/TopDownBP/Maps/GameWorld.GameWorld
[2019.09.06-16.31.45:961][731]LogUObjectHash: Compacting FUObjectHashTables data took   2.01ms
[2019.09.06-16.31.45:962][731]Cmd: MAP LOAD FILE="../../../../../../../UE4 Projects/LostScroll/Content/TopDownBP/Maps/GameWorld.umap" TEMPLATE=0 SHOWPROGRESS=1 FEATURELEVEL=3
[2019.09.06-16.31.45:963][731]LightingResults: New page: Lighting Build
[2019.09.06-16.31.45:964][731]LogContentBrowser: Native class hierarchy updated for 'StatsViewer' in 0.0003 seconds. Added 5 classes and 0 folders.
[2019.09.06-16.31.45:965][731]LoadErrors: New page: Loading map: GameWorld.umap
[2019.09.06-16.31.45:965][731]MapCheck: New page: Map Check
[2019.09.06-16.31.45:965][731]LightingResults: New page: Lighting Build
[2019.09.06-16.31.45:997][731]LogUObjectHash: Compacting FUObjectHashTables data took   1.56ms
[2019.09.06-16.31.46:084][731]LogEditorServer: Finished looking for orphan Actors (0.000 secs)
[2019.09.06-16.31.46:118][731]LogUObjectHash: Compacting FUObjectHashTables data took   1.56ms
[2019.09.06-16.31.46:148][731]Cmd: MAP CHECKDEP NOCLEARLOG
[2019.09.06-16.31.46:149][731]MapCheck: Map check complete: 0 Error(s), 0 Warning(s), took 0.988ms to complete.
[2019.09.06-16.31.46:149][731]LogFileHelpers: Loading map 'GameWorld' took 0.187
[2019.09.06-16.31.49:154][ 82]LogTemp: Repeating last play command: Selected Viewport
[2019.09.06-16.31.49:170][ 82]LogBlueprintUserMessages: Early PlayInEditor Detection: Level '/Game/TopDownBP/Maps/GameWorld.GameWorld:PersistentLevel' has LevelScriptBlueprint '/Game/TopDownBP/Maps/GameWorld.GameWorld:PersistentLevel.GameWorld' with GeneratedClass '/Game/TopDownBP/Maps/GameWorld.GameWorld_C' with ClassGeneratedBy '/Game/TopDownBP/Maps/GameWorld.GameWorld:PersistentLevel.GameWorld'
[2019.09.06-16.31.49:170][ 82]LogPlayLevel: PlayLevel: No blueprints needed recompiling
[2019.09.06-16.31.49:170][ 82]PIE: New page: PIE session: GameWorld (Sep 7, 2019, 8:31:49 AM)
[2019.09.06-16.31.49:170][ 82]LogPlayLevel: Creating play world package: /Game/TopDownBP/Maps/UEDPIE_0_GameWorld
[2019.09.06-16.31.49:183][ 82]LogPlayLevel: PIE: StaticDuplicateObject took: (0.012482s)
[2019.09.06-16.31.49:183][ 82]LogAIModule: Creating AISystem for world GameWorld
[2019.09.06-16.31.49:183][ 82]LogPlayLevel: PIE: World Init took: (0.000513s)
[2019.09.06-16.31.49:183][ 82]LogPlayLevel: PIE: Created PIE world by copying editor world from /Game/TopDownBP/Maps/GameWorld.GameWorld to /Game/TopDownBP/Maps/UEDPIE_0_GameWorld.GameWorld (0.013199s)
[2019.09.06-16.31.49:214][ 82]LogUObjectHash: Compacting FUObjectHashTables data took   1.12ms
[2019.09.06-16.31.49:231][ 82]LogInit: XAudio2 using 'Speakers (High Definition Audio Device)' : 2 channels at 48 kHz using 16 bits per sample (channel mask 0x3)
[2019.09.06-16.31.49:240][ 82]LogInit: FAudioDevice initialized.
[2019.09.06-16.31.49:266][ 82]LogLoad: Game class is 'TopDownGameMode_C'
[2019.09.06-16.31.49:268][ 82]LogWorld: Bringing World /Game/TopDownBP/Maps/UEDPIE_0_GameWorld.GameWorld up for play (max tick rate 0) at 2019.09.07-00.31.49
[2019.09.06-16.31.49:268][ 82]LogWorld: Bringing up level for play took: 0.001914
[2019.09.06-16.31.49:281][ 82]PIE: Play in editor start time for /Game/TopDownBP/Maps/UEDPIE_0_GameWorld 0.384
[2019.09.06-16.31.49:281][ 82]LogBlueprintUserMessages: Late PlayInEditor Detection: Level '/Game/TopDownBP/Maps/GameWorld.GameWorld:PersistentLevel' has LevelScriptBlueprint '/Game/TopDownBP/Maps/GameWorld.GameWorld:PersistentLevel.GameWorld' with GeneratedClass '/Game/TopDownBP/Maps/GameWorld.GameWorld_C' with ClassGeneratedBy '/Game/TopDownBP/Maps/GameWorld.GameWorld:PersistentLevel.GameWorld'
[2019.09.06-16.31.52:173][408]LogScript: Warning: Attempted to access index 0 from array Inventory of length 0!
	InventoryWindow_C /Engine/Transient.UnrealEdEngine_0:GameInstance_1.InventoryWindow_C_0
	Function /Game/TopDownBP/InventorySystem/InventoryUI/InventoryWindow.InventoryWindow_C:ExecuteUbergraph_InventoryWindow:00E6
[2019.09.06-16.31.52:173][408]PIE: Error: Blueprint Runtime Error: "Attempted to access index 0 from array Inventory of length 0!". Blueprint:  InventoryWindow Function:  Execute Ubergraph Inventory Window Graph:  EventGraph Node:  Create Widget
[2019.09.06-16.31.52:173][408]LogOutputDevice: Warning: 

Script Stack (5 frames):
InventoryWindow_C.ExecuteUbergraph_InventoryWindow
InventoryWindow_C.Construct
InventoryComponent_C.ToggleInventory
TopDownCharacter_C.ExecuteUbergraph_TopDownCharacter
TopDownCharacter_C.InpActEvt_ToggleInventory_K2Node_InputActionEvent_0

[2019.09.06-16.31.52:173][408]LogWindows: Windows GetLastError: The operation completed successfully. (0)
[2019.09.06-16.31.52:869][408]LogWindows: Error: === Critical error: ===
[2019.09.06-16.31.52:869][408]LogWindows: Error: 
[2019.09.06-16.31.52:869][408]LogWindows: Error: Assertion failed: Src [File:D:\Build\++UE4\Sync\Engine\Source\Runtime\CoreUObject\Private\UObject\Class.cpp] [Line: 2444] 
[2019.09.06-16.31.52:869][408]LogWindows: Error: 
[2019.09.06-16.31.52:869][408]LogWindows: Error: 
[2019.09.06-16.31.52:869][408]LogWindows: Error: 
[2019.09.06-16.31.52:869][408]LogWindows: Error: [Callstack] 0x00007ffaaa4a9129 KERNELBASE.dll!UnknownFunction []
[2019.09.06-16.31.52:869][408]LogWindows: Error: [Callstack] 0x00007ffa6a001f37 UE4Editor-Core.dll!UnknownFunction []
[2019.09.06-16.31.52:869][408]LogWindows: Error: [Callstack] 0x00007ffa6a0046e7 UE4Editor-Core.dll!UnknownFunction []
[2019.09.06-16.31.52:869][408]LogWindows: Error: [Callstack] 0x00007ffa69e17d1a UE4Editor-Core.dll!UnknownFunction []
[2019.09.06-16.31.52:869][408]LogWindows: Error: [Callstack] 0x00007ffa69d9fe33 UE4Editor-Core.dll!UnknownFunction []
[2019.09.06-16.31.52:869][408]LogWindows: Error: [Callstack] 0x00007ffa69da04d0 UE4Editor-Core.dll!UnknownFunction []
[2019.09.06-16.31.52:869][408]LogWindows: Error: [Callstack] 0x00007ffa6c715527 UE4Editor-CoreUObject.dll!UnknownFunction []
[2019.09.06-16.31.52:869][408]LogWindows: Error: [Callstack] 0x00007ffa5b436cda UE4Editor-Engine.dll!UnknownFunction []
[2019.09.06-16.31.52:869][408]LogWindows: Error: [Callstack] 0x00007ffa5ad08916 UE4Editor-Engine.dll!UnknownFunction []
[2019.09.06-16.31.52:869][408]LogWindows: Error: [Callstack] 0x00007ffa6c72bac8 UE4Editor-CoreUObject.dll!UnknownFunction []
[2019.09.06-16.31.52:869][408]LogWindows: Error: [Callstack] 0x00007ffa6c9200e2 UE4Editor-CoreUObject.dll!UnknownFunction []
[2019.09.06-16.31.52:869][408]LogWindows: Error: [Callstack] 0x00007ffa6c93cbc1 UE4Editor-CoreUObject.dll!UnknownFunction []
[2019.09.06-16.31.52:869][408]LogWindows: Error: [Callstack] 0x00007ffa6c93e98d UE4Editor-CoreUObject.dll!UnknownFunction []
[2019.09.06-16.31.52:869][408]LogWindows: Error: [Callstack] 0x00007ffa6c915efb UE4Editor-CoreUObject.dll!UnknownFunction []
[2019.09.06-16.31.52:869][408]LogWindows: Error: [Callstack] 0x00007ffa6c93e6a9 UE4Editor-CoreUObject.dll!UnknownFunction []
[2019.09.06-16.31.52:869][408]LogWindows: Error: [Callstack] 0x00007ffa6c93e98d UE4Editor-CoreUObject.dll!UnknownFunction []
[2019.09.06-16.31.52:869][408]LogWindows: Error: [Callstack] 0x00007ffa6c93e378 UE4Editor-CoreUObject.dll!UnknownFunction []
[2019.09.06-16.31.52:869][408]LogWindows: Error: [Callstack] 0x00007ffa6c72bac8 UE4Editor-CoreUObject.dll!UnknownFunction []
[2019.09.06-16.31.52:869][408]LogWindows: Error: [Callstack] 0x00007ffa6c93df07 UE4Editor-CoreUObject.dll!UnknownFunction []
[2019.09.06-16.31.52:869][408]LogWindows: Error: [Callstack] 0x00007ffa552c329e UE4Editor-UMG.dll!UnknownFunction []
[2019.09.06-16.31.52:869][408]LogWindows: Error: [Callstack] 0x00007ffa5531f8a1 UE4Editor-UMG.dll!UnknownFunction []
[2019.09.06-16.31.52:870][408]LogWindows: Error: [Callstack] 0x00007ffa5526f4d7 UE4Editor-UMG.dll!UnknownFunction []
[2019.09.06-16.31.52:870][408]LogWindows: Error: [Callstack] 0x00007ffa552d6045 UE4Editor-UMG.dll!UnknownFunction []
[2019.09.06-16.31.52:870][408]LogWindows: Error: [Callstack] 0x00007ffa55265fca UE4Editor-UMG.dll!UnknownFunction []
[2019.09.06-16.31.52:870][408]LogWindows: Error: [Callstack] 0x00007ffa55330aa9 UE4Editor-UMG.dll!UnknownFunction []
[2019.09.06-16.31.52:870][408]LogWindows: Error: [Callstack] 0x00007ffa6c72bac8 UE4Editor-CoreUObject.dll!UnknownFunction []
[2019.09.06-16.31.52:870][408]LogWindows: Error: [Callstack] 0x00007ffa6c9200e2 UE4Editor-CoreUObject.dll!UnknownFunction []
[2019.09.06-16.31.52:870][408]LogWindows: Error: [Callstack] 0x00007ffa6c93cbc1 UE4Editor-CoreUObject.dll!UnknownFunction []
[2019.09.06-16.31.52:870][408]LogWindows: Error: [Callstack] 0x00007ffa6c954be6 UE4Editor-CoreUObject.dll!UnknownFunction []
[2019.09.06-16.31.52:870][408]LogWindows: Error: [Callstack] 0x00007ffa6c93e98d UE4Editor-CoreUObject.dll!UnknownFunction []
[2019.09.06-16.31.52:870][408]LogWindows: Error: [Callstack] 0x00007ffa6c915efb UE4Editor-CoreUObject.dll!UnknownFunction []
[2019.09.06-16.31.52:870][408]LogWindows: Error: [Callstack] 0x00007ffa6c93e6a9 UE4Editor-CoreUObject.dll!UnknownFunction []
[2019.09.06-16.31.52:870][408]LogWindows: Error: [Callstack] 0x00007ffa6c93cbc1 UE4Editor-CoreUObject.dll!UnknownFunction []
[2019.09.06-16.31.52:870][408]LogWindows: Error: [Callstack] 0x00007ffa6c93e98d UE4Editor-CoreUObject.dll!UnknownFunction []
[2019.09.06-16.31.52:870][408]LogWindows: Error: [Callstack] 0x00007ffa6c915efb UE4Editor-CoreUObject.dll!UnknownFunction []
[2019.09.06-16.31.52:870][408]LogWindows: Error: [Callstack] 0x00007ffa6c93e6a9 UE4Editor-CoreUObject.dll!UnknownFunction []
[2019.09.06-16.31.52:870][408]LogWindows: Error: [Callstack] 0x00007ffa6c93e98d UE4Editor-CoreUObject.dll!UnknownFunction []
[2019.09.06-16.31.52:870][408]LogWindows: Error: [Callstack] 0x00007ffa6c93e378 UE4Editor-CoreUObject.dll!UnknownFunction []
[2019.09.06-16.31.52:870][408]LogWindows: Error: [Callstack] 0x00007ffa6c72bac8 UE4Editor-CoreUObject.dll!UnknownFunction []
[2019.09.06-16.31.52:870][408]LogWindows: Error: [Callstack] 0x00007ffa6c93df07 UE4Editor-CoreUObject.dll!UnknownFunction []
[2019.09.06-16.31.52:870][408]LogWindows: Error: [Callstack] 0x00007ffa5acc9ff3 UE4Editor-Engine.dll!UnknownFunction []
[2019.09.06-16.31.52:870][408]LogWindows: Error: [Callstack] 0x00007ffa5bd169b4 UE4Editor-Engine.dll!UnknownFunction []
[2019.09.06-16.31.52:870][408]LogWindows: Error: [Callstack] 0x00007ffa5bd40ef1 UE4Editor-Engine.dll!UnknownFunction []
[2019.09.06-16.31.52:870][408]LogWindows: Error: [Callstack] 0x00007ffa5b8b0dc4 UE4Editor-Engine.dll!UnknownFunction []
[2019.09.06-16.31.52:870][408]LogWindows: Error: [Callstack] 0x00007ffa5b8c3c88 UE4Editor-Engine.dll!UnknownFunction []
[2019.09.06-16.31.52:870][408]LogWindows: Error: [Callstack] 0x00007ffa5b8af1cb UE4Editor-Engine.dll!UnknownFunction []
[2019.09.06-16.31.52:870][408]LogWindows: Error: [Callstack] 0x00007ffa5b8c2697 UE4Editor-Engine.dll!UnknownFunction []
[2019.09.06-16.31.52:870][408]LogWindows: Error: [Callstack] 0x00007ffa5acaaeed UE4Editor-Engine.dll!UnknownFunction []
[2019.09.06-16.31.52:870][408]LogWindows: Error: [Callstack] 0x00007ffa5bc672bc UE4Editor-Engine.dll!UnknownFunction []
[2019.09.06-16.31.52:870][408]LogWindows: Error: [Callstack] 0x00007ffa69c222d8 UE4Editor-Core.dll!UnknownFunction []
[2019.09.06-16.31.52:870][408]LogWindows: Error: [Callstack] 0x00007ffa69c22563 UE4Editor-Core.dll!UnknownFunction []
[2019.09.06-16.31.52:870][408]LogWindows: Error: [Callstack] 0x00007ffa69c32309 UE4Editor-Core.dll!UnknownFunction []
[2019.09.06-16.31.52:870][408]LogWindows: Error: [Callstack] 0x00007ffa5bcaf9e3 UE4Editor-Engine.dll!UnknownFunction []
[2019.09.06-16.31.52:870][408]LogWindows: Error: [Callstack] 0x00007ffa5bcbbd12 UE4Editor-Engine.dll!UnknownFunction []
[2019.09.06-16.31.52:870][408]LogWindows: Error: [Callstack] 0x00007ffa5b4ddc4f UE4Editor-Engine.dll!UnknownFunction []
[2019.09.06-16.31.52:870][408]LogWindows: Error: [Callstack] 0x00007ffa5b4e7e28 UE4Editor-Engine.dll!UnknownFunction []
[2019.09.06-16.31.52:870][408]LogWindows: Error: [Callstack] 0x00007ffa57cc02f7 UE4Editor-UnrealEd.dll!UnknownFunction []
[2019.09.06-16.31.52:870][408]LogWindows: Error: [Callstack] 0x00007ffa584dd396 UE4Editor-UnrealEd.dll!UnknownFunction []
[2019.09.06-16.31.52:870][408]LogWindows: Error: [Callstack] 0x00007ff664376bb1 UE4Editor.exe!UnknownFunction []
[2019.09.06-16.31.52:870][408]LogWindows: Error: [Callstack] 0x00007ff66438554c UE4Editor.exe!UnknownFunction []
[2019.09.06-16.31.52:870][408]LogWindows: Error: [Callstack] 0x00007ff6643855ca UE4Editor.exe!UnknownFunction []
[2019.09.06-16.31.52:870][408]LogWindows: Error: [Callstack] 0x00007ff66439316c UE4Editor.exe!UnknownFunction []
[2019.09.06-16.31.52:870][408]LogWindows: Error: [Callstack] 0x00007ff664395b8e UE4Editor.exe!UnknownFunction []
[2019.09.06-16.31.52:870][408]LogWindows: Error: [Callstack] 0x00007ffaaaaf7974 KERNEL32.DLL!UnknownFunction []
[2019.09.06-16.31.52:870][408]LogWindows: Error: [Callstack] 0x00007ffaad6ba271 ntdll.dll!UnknownFunction []
[2019.09.06-16.31.52:870][408]LogWindows: Error: 
[2019.09.06-16.31.52:889][408]LogExit: Executing StaticShutdownAfterError
[2019.09.06-16.31.52:891][408]LogWindows: FPlatformMisc::RequestExit(1)
[2019.09.06-16.31.52:925][408]Log file closed, 09/07/19 00:31:52
