Log file open, 09/06/19 22:50:20
LogWindows: Failed to load 'aqProf.dll' (GetLastError=126)
LogWindows: File 'aqProf.dll' does not exist
LogWindows: Failed to load 'VtuneApi.dll' (GetLastError=126)
LogWindows: File 'VtuneApi.dll' does not exist
LogWindows: Failed to load 'VtuneApi32e.dll' (GetLastError=126)
LogWindows: File 'VtuneApi32e.dll' does not exist
LogConsoleResponse: Display: Failed to find resolution value strings in scalability ini. Falling back to default.
LogInit: Display: Running engine for game: LostScroll
LogPakFile: Registered encryption key '00000000000000000000000000000000': 0 pak files mounted, 0 remain pending
LogPlatformFile: Not using cached read wrapper
LogTaskGraph: Started task graph with 5 named threads and 35 total threads with 3 sets of task threads.
LogStats: Stats thread started at 0.396313
LogD3D11RHI: Loaded GFSDK_Aftermath_Lib.x64.dll
LogICUInternationalization: ICU TimeZone Detection - Raw Offset: +8:00, Platform Override: ''
LogPluginManager: Mounting plugin Paper2D
LogPluginManager: Mounting plugin AISupport
LogPluginManager: Mounting plugin LightPropagationVolume
LogPluginManager: Mounting plugin ActorLayerUtilities
LogPluginManager: Mounting plugin AnimationSharing
LogPluginManager: Mounting plugin CLionSourceCodeAccess
LogPluginManager: Mounting plugin CodeLiteSourceCodeAccess
LogPluginManager: Mounting plugin GitSourceControl
LogPluginManager: Mounting plugin KDevelopSourceCodeAccess
LogPluginManager: Mounting plugin NullSourceCodeAccess
LogPluginManager: Mounting plugin PerforceSourceControl
LogPluginManager: Mounting plugin SubversionSourceControl
LogPluginManager: Mounting plugin UObjectPlugin
LogPluginManager: Mounting plugin VisualStudioCodeSourceCodeAccess
LogPluginManager: Mounting plugin VisualStudioSourceCodeAccess
LogPluginManager: Mounting plugin XCodeSourceCodeAccess
LogPluginManager: Mounting plugin AssetManagerEditor
LogPluginManager: Mounting plugin CryptoKeys
LogPluginManager: Mounting plugin DataValidation
LogPluginManager: Mounting plugin FacialAnimation
LogPluginManager: Mounting plugin GameplayTagsEditor
LogPluginManager: Mounting plugin MacGraphicsSwitching
LogPluginManager: Mounting plugin MaterialAnalyzer
LogPluginManager: Mounting plugin MobileLauncherProfileWizard
LogPluginManager: Mounting plugin PluginBrowser
LogPluginManager: Mounting plugin SpeedTreeImporter
LogPluginManager: Mounting plugin DatasmithContent
LogPluginManager: Mounting plugin VariantManagerContent
LogPluginManager: Mounting plugin AlembicImporter
LogPluginManager: Mounting plugin AppleImageUtils
LogPluginManager: Mounting plugin AppleVision
LogPluginManager: Mounting plugin BackChannel
LogPluginManager: Mounting plugin CharacterAI
LogPluginManager: Mounting plugin GeometryCache
LogPluginManager: Mounting plugin HTML5Networking
LogPluginManager: Mounting plugin ProxyLODPlugin
LogPluginManager: Mounting plugin SkeletalReduction
LogPluginManager: Mounting plugin MagicLeap
LogPluginManager: Mounting plugin MagicLeapMedia
LogPluginManager: Mounting plugin AndroidMedia
LogPluginManager: Mounting plugin AvfMedia
LogPluginManager: Mounting plugin ImgMedia
LogPluginManager: Mounting plugin LinearTimecode
LogPluginManager: Mounting plugin MediaCompositing
LogPluginManager: Mounting plugin MediaPlayerEditor
LogPluginManager: Mounting plugin WebMMedia
LogPluginManager: Mounting plugin WmfMedia
LogPluginManager: Mounting plugin TcpMessaging
LogPluginManager: Mounting plugin UdpMessaging
LogPluginManager: Mounting plugin ActorSequence
LogPluginManager: Mounting plugin LevelSequenceEditor
LogPluginManager: Mounting plugin MatineeToLevelSequence
LogPluginManager: Mounting plugin NetcodeUnitTest
LogPluginManager: Mounting plugin NUTUnrealEngine4
LogPluginManager: Mounting plugin OnlineSubsystemGooglePlay
LogPluginManager: Mounting plugin OnlineSubsystemIOS
LogPluginManager: Mounting plugin OnlineSubsystem
LogPluginManager: Mounting plugin OnlineSubsystemNull
LogPluginManager: Mounting plugin OnlineSubsystemUtils
LogPluginManager: Mounting plugin LauncherChunkInstaller
LogPluginManager: Mounting plugin AndroidDeviceProfileSelector
LogPluginManager: Mounting plugin AndroidMoviePlayer
LogPluginManager: Mounting plugin AndroidPermission
LogPluginManager: Mounting plugin AppleMoviePlayer
LogPluginManager: Mounting plugin ArchVisCharacter
LogPluginManager: Mounting plugin AudioCapture
LogPluginManager: Mounting plugin CableComponent
LogPluginManager: Mounting plugin CustomMeshComponent
LogPluginManager: Mounting plugin EditableMesh
LogPluginManager: Mounting plugin ExampleDeviceProfileSelector
LogPluginManager: Mounting plugin Firebase
LogPluginManager: Mounting plugin GoogleCloudMessaging
LogPluginManager: Mounting plugin IOSDeviceProfileSelector
LogPluginManager: Mounting plugin LinuxDeviceProfileSelector
LogPluginManager: Mounting plugin LocationServicesBPLibrary
LogPluginManager: Mounting plugin MobilePatchingUtils
LogPluginManager: Mounting plugin OculusVR
LogPluginManager: Mounting plugin PhysXVehicles
LogPluginManager: Mounting plugin ProceduralMeshComponent
LogPluginManager: Mounting plugin RuntimePhysXCooking
LogPluginManager: Mounting plugin SignificanceManager
LogPluginManager: Mounting plugin SteamVR
LogPluginManager: Mounting plugin WebMMoviePlayer
LogPluginManager: Mounting plugin WindowsMoviePlayer
LogInit: Using libcurl 7.55.1-DEV
LogInit:  - built for x86_64-pc-win32
LogInit:  - supports SSL with OpenSSL/1.1.1
LogInit:  - supports HTTP deflate (compression) using libz 1.2.8
LogInit:  - other features:
LogInit:      CURL_VERSION_SSL
LogInit:      CURL_VERSION_LIBZ
LogInit:      CURL_VERSION_IPV6
LogInit:      CURL_VERSION_ASYNCHDNS
LogInit:      CURL_VERSION_LARGEFILE
LogInit:      CURL_VERSION_IDN
LogInit:  CurlRequestOptions (configurable via config and command line):
LogInit:  - bVerifyPeer = true  - Libcurl will verify peer certificate
LogInit:  - bUseHttpProxy = false  - Libcurl will NOT use HTTP proxy
LogInit:  - bDontReuseConnections = false  - Libcurl will reuse connections
LogInit:  - MaxHostConnections = 16  - Libcurl will limit the number of connections to a host
LogInit:  - LocalHostAddr = Default
LogInit:  - BufferSize = 65536
LogInit: WinSock: version 1.1 (2.2), MaxSocks=32767, MaxUdp=65467
LogInit: Build: ++UE4+Release-4.22-CL-7053642
LogInit: Engine Version: 4.22.3-7053642+++UE4+Release-4.22
LogInit: Compatible Engine Version: 4.22.0-5660361+++UE4+Release-4.22
LogInit: Net CL: 5660361
LogInit: OS: Windows 10 (Release 1809) (), CPU: AMD Ryzen 5 2600 Six-Core Processor            , GPU: NVIDIA GeForce RTX 2060
LogInit: Compiled (64-bit): Jun 18 2019 03:09:11
LogInit: Compiled with Visual C++: 19.16.27025.01
LogInit: Build Configuration: Development
LogInit: Branch Name: ++UE4+Release-4.22
LogInit: Command Line: 
LogInit: Base Directory: D:/Games/EpicGames/EpicGames games/UE_4.22/Engine/Binaries/Win64/
LogInit: Installed Engine Build: 1
LogDevObjectVersion: Number of dev versions registered: 23
LogDevObjectVersion:   Dev-Blueprints (B0D832E4-1F89-4F0D-ACCF-7EB736FD4AA2): 10
LogDevObjectVersion:   Dev-Build (E1C64328-A22C-4D53-A36C-8E866417BD8C): 0
LogDevObjectVersion:   Dev-Core (375EC13C-06E4-48FB-B500-84F0262A717E): 3
LogDevObjectVersion:   Dev-Editor (E4B068ED-F494-42E9-A231-DA0B2E46BB41): 30
LogDevObjectVersion:   Dev-Framework (CFFC743F-43B0-4480-9391-14DF171D2073): 35
LogDevObjectVersion:   Dev-Mobile (B02B49B5-BB20-44E9-A304-32B752E40360): 2
LogDevObjectVersion:   Dev-Networking (A4E4105C-59A1-49B5-A7C5-40C4547EDFEE): 0
LogDevObjectVersion:   Dev-Online (39C831C9-5AE6-47DC-9A44-9C173E1C8E7C): 0
LogDevObjectVersion:   Dev-Physics (78F01B33-EBEA-4F98-B9B4-84EACCB95AA2): 0
LogDevObjectVersion:   Dev-Platform (6631380F-2D4D-43E0-8009-CF276956A95A): 0
LogDevObjectVersion:   Dev-Rendering (12F88B9F-8875-4AFC-A67C-D90C383ABD29): 28
LogDevObjectVersion:   Dev-Sequencer (7B5AE74C-D270-4C10-A958-57980B212A5A): 11
LogDevObjectVersion:   Dev-VR (D7296918-1DD6-4BDD-9DE2-64A83CC13884): 2
LogDevObjectVersion:   Dev-LoadTimes (C2A15278-BFE7-4AFE-6C17-90FF531DF755): 1
LogDevObjectVersion:   Private-Geometry (6EACA3D4-40EC-4CC1-B786-8BED09428FC5): 3
LogDevObjectVersion:   Dev-AnimPhys (29E575DD-E0A3-4627-9D10-D276232CDCEA): 17
LogDevObjectVersion:   Dev-Anim (AF43A65D-7FD3-4947-9873-3E8ED9C1BB05): 2
LogDevObjectVersion:   Dev-ReflectionCapture (6B266CEC-1EC7-4B8F-A30B-E4D90942FC07): 1
LogDevObjectVersion:   Dev-Automation (0DF73D61-A23F-47EA-B727-89E90C41499A): 1
LogDevObjectVersion:   FortniteMain (601D1886-AC64-4F84-AA16-D3DE0DEAC7D6): 25
LogDevObjectVersion:   Dev-Enterprise (9DFFBCD6-494F-0158-E221-12823C92A888): 6
LogDevObjectVersion:   Dev-Niagara (F2AED0AC-9AFE-416F-8664-AA7FFA26D6FC): 1
LogDevObjectVersion:   Dev-Destruction (174F1F0B-B4C6-45A5-B13F-2EE8D0FB917D): 2
LogInit: Presizing for max 16777216 objects, including 0 objects not considered by GC, pre-allocating 0 bytes for permanent pool.
LogInit: Object subsystem initialized
LogConfig: Setting CVar [[con.DebugEarlyDefault:1]]
LogConfig: Setting CVar [[r.setres:1280x720]]
[2019.09.06-14.50.20:798][  0]LogConfig: Setting CVar [[r.VSync:0]]
[2019.09.06-14.50.20:798][  0]LogConfig: Setting CVar [[r.RHICmdBypass:0]]
[2019.09.06-14.50.20:798][  0]LogConfig: Applying CVar settings from Section [/Script/Engine.RendererSettings] File [D:/UE4 Projects/LostScroll/Saved/Config/Windows/Engine.ini]
[2019.09.06-14.50.20:798][  0]LogConfig: Setting CVar [[r.GPUCrashDebugging:0]]
[2019.09.06-14.50.20:798][  0]LogConfig: Applying CVar settings from Section [/Script/Engine.RendererOverrideSettings] File [D:/UE4 Projects/LostScroll/Saved/Config/Windows/Engine.ini]
[2019.09.06-14.50.20:799][  0]LogConfig: Applying CVar settings from Section [/Script/Engine.StreamingSettings] File [D:/UE4 Projects/LostScroll/Saved/Config/Windows/Engine.ini]
[2019.09.06-14.50.20:799][  0]LogConfig: Setting CVar [[s.MinBulkDataSizeForAsyncLoading:131072]]
[2019.09.06-14.50.20:799][  0]LogConfig: Setting CVar [[s.AsyncLoadingThreadEnabled:0]]
[2019.09.06-14.50.20:799][  0]LogConfig: Setting CVar [[s.EventDrivenLoaderEnabled:1]]
[2019.09.06-14.50.20:799][  0]LogConfig: Setting CVar [[s.WarnIfTimeLimitExceeded:0]]
[2019.09.06-14.50.20:799][  0]LogConfig: Setting CVar [[s.TimeLimitExceededMultiplier:1.5]]
[2019.09.06-14.50.20:799][  0]LogConfig: Setting CVar [[s.TimeLimitExceededMinTime:0.005]]
[2019.09.06-14.50.20:799][  0]LogConfig: Setting CVar [[s.UseBackgroundLevelStreaming:1]]
[2019.09.06-14.50.20:799][  0]LogConfig: Setting CVar [[s.PriorityAsyncLoadingExtraTime:15.0]]
[2019.09.06-14.50.20:799][  0]LogConfig: Setting CVar [[s.LevelStreamingActorsUpdateTimeLimit:5.0]]
[2019.09.06-14.50.20:799][  0]LogConfig: Setting CVar [[s.PriorityLevelStreamingActorsUpdateExtraTime:5.0]]
[2019.09.06-14.50.20:799][  0]LogConfig: Setting CVar [[s.LevelStreamingComponentsRegistrationGranularity:10]]
[2019.09.06-14.50.20:799][  0]LogConfig: Setting CVar [[s.UnregisterComponentsTimeLimit:1.0]]
[2019.09.06-14.50.20:799][  0]LogConfig: Setting CVar [[s.LevelStreamingComponentsUnregistrationGranularity:5]]
[2019.09.06-14.50.20:799][  0]LogConfig: Applying CVar settings from Section [/Script/Engine.GarbageCollectionSettings] File [D:/UE4 Projects/LostScroll/Saved/Config/Windows/Engine.ini]
[2019.09.06-14.50.20:799][  0]LogConfig: Setting CVar [[gc.MaxObjectsNotConsideredByGC:1]]
[2019.09.06-14.50.20:799][  0]LogConfig: Setting CVar [[gc.SizeOfPermanentObjectPool:0]]
[2019.09.06-14.50.20:799][  0]LogConfig: Setting CVar [[gc.FlushStreamingOnGC:0]]
[2019.09.06-14.50.20:799][  0]LogConfig: Setting CVar [[gc.NumRetriesBeforeForcingGC:10]]
[2019.09.06-14.50.20:799][  0]LogConfig: Setting CVar [[gc.AllowParallelGC:1]]
[2019.09.06-14.50.20:799][  0]LogConfig: Setting CVar [[gc.TimeBetweenPurgingPendingKillObjects:61.1]]
[2019.09.06-14.50.20:799][  0]LogConfig: Setting CVar [[gc.MaxObjectsInEditor:16777216]]
[2019.09.06-14.50.20:799][  0]LogConfig: Setting CVar [[gc.IncrementalBeginDestroyEnabled:1]]
[2019.09.06-14.50.20:799][  0]LogConfig: Setting CVar [[gc.CreateGCClusters:1]]
[2019.09.06-14.50.20:799][  0]LogConfig: Setting CVar [[gc.MinGCClusterSize:5]]
[2019.09.06-14.50.20:799][  0]LogConfig: Setting CVar [[gc.ActorClusteringEnabled:0]]
[2019.09.06-14.50.20:799][  0]LogConfig: Setting CVar [[gc.BlueprintClusteringEnabled:0]]
[2019.09.06-14.50.20:799][  0]LogConfig: Setting CVar [[gc.UseDisregardForGCOnDedicatedServers:0]]
[2019.09.06-14.50.20:799][  0]LogConfig: Applying CVar settings from Section [/Script/Engine.NetworkSettings] File [D:/UE4 Projects/LostScroll/Saved/Config/Windows/Engine.ini]
[2019.09.06-14.50.20:799][  0]LogConfig: Applying CVar settings from Section [/Script/UnrealEd.CookerSettings] File [D:/UE4 Projects/LostScroll/Saved/Config/Windows/Engine.ini]
[2019.09.06-14.50.20:802][  0]LogConfig: Applying CVar settings from Section [ViewDistanceQuality@3] File [D:/UE4 Projects/LostScroll/Saved/Config/Windows/Scalability.ini]
[2019.09.06-14.50.20:802][  0]LogConfig: Setting CVar [[r.SkeletalMeshLODBias:0]]
[2019.09.06-14.50.20:802][  0]LogConfig: Setting CVar [[r.ViewDistanceScale:1.0]]
[2019.09.06-14.50.20:802][  0]LogConfig: Applying CVar settings from Section [AntiAliasingQuality@3] File [D:/UE4 Projects/LostScroll/Saved/Config/Windows/Scalability.ini]
[2019.09.06-14.50.20:802][  0]LogConfig: Setting CVar [[r.PostProcessAAQuality:4]]
[2019.09.06-14.50.20:802][  0]LogConfig: Applying CVar settings from Section [ShadowQuality@3] File [D:/UE4 Projects/LostScroll/Saved/Config/Windows/Scalability.ini]
[2019.09.06-14.50.20:802][  0]LogConfig: Setting CVar [[r.LightFunctionQuality:1]]
[2019.09.06-14.50.20:803][  0]LogConfig: Setting CVar [[r.ShadowQuality:5]]
[2019.09.06-14.50.20:803][  0]LogConfig: Setting CVar [[r.Shadow.CSM.MaxCascades:10]]
[2019.09.06-14.50.20:803][  0]LogConfig: Setting CVar [[r.Shadow.MaxResolution:2048]]
[2019.09.06-14.50.20:803][  0]LogConfig: Setting CVar [[r.Shadow.MaxCSMResolution:2048]]
[2019.09.06-14.50.20:803][  0]LogConfig: Setting CVar [[r.Shadow.RadiusThreshold:0.01]]
[2019.09.06-14.50.20:803][  0]LogConfig: Setting CVar [[r.Shadow.DistanceScale:1.0]]
[2019.09.06-14.50.20:803][  0]LogConfig: Setting CVar [[r.Shadow.CSM.TransitionScale:1.0]]
[2019.09.06-14.50.20:803][  0]LogConfig: Setting CVar [[r.Shadow.PreShadowResolutionFactor:1.0]]
[2019.09.06-14.50.20:803][  0]LogConfig: Setting CVar [[r.DistanceFieldShadowing:1]]
[2019.09.06-14.50.20:803][  0]LogConfig: Setting CVar [[r.DistanceFieldAO:1]]
[2019.09.06-14.50.20:803][  0]LogConfig: Setting CVar [[r.AOQuality:2]]
[2019.09.06-14.50.20:803][  0]LogConfig: Setting CVar [[r.VolumetricFog:1]]
[2019.09.06-14.50.20:803][  0]LogConfig: Setting CVar [[r.VolumetricFog.GridPixelSize:8]]
[2019.09.06-14.50.20:803][  0]LogConfig: Setting CVar [[r.VolumetricFog.GridSizeZ:128]]
[2019.09.06-14.50.20:803][  0]LogConfig: Setting CVar [[r.VolumetricFog.HistoryMissSupersampleCount:4]]
[2019.09.06-14.50.20:803][  0]LogConfig: Setting CVar [[r.LightMaxDrawDistanceScale:1]]
[2019.09.06-14.50.20:803][  0]LogConfig: Setting CVar [[r.CapsuleShadows:1]]
[2019.09.06-14.50.20:803][  0]LogConfig: Applying CVar settings from Section [PostProcessQuality@3] File [D:/UE4 Projects/LostScroll/Saved/Config/Windows/Scalability.ini]
[2019.09.06-14.50.20:803][  0]LogConfig: Setting CVar [[r.MotionBlurQuality:4]]
[2019.09.06-14.50.20:803][  0]LogConfig: Setting CVar [[r.AmbientOcclusionMipLevelFactor:0.4]]
[2019.09.06-14.50.20:803][  0]LogConfig: Setting CVar [[r.AmbientOcclusionMaxQuality:100]]
[2019.09.06-14.50.20:803][  0]LogConfig: Setting CVar [[r.AmbientOcclusionLevels:-1]]
[2019.09.06-14.50.20:803][  0]LogConfig: Setting CVar [[r.AmbientOcclusionRadiusScale:1.0]]
[2019.09.06-14.50.20:803][  0]LogConfig: Setting CVar [[r.DepthOfFieldQuality:2]]
[2019.09.06-14.50.20:803][  0]LogConfig: Setting CVar [[r.RenderTargetPoolMin:400]]
[2019.09.06-14.50.20:803][  0]LogConfig: Setting CVar [[r.LensFlareQuality:2]]
[2019.09.06-14.50.20:803][  0]LogConfig: Setting CVar [[r.SceneColorFringeQuality:1]]
[2019.09.06-14.50.20:803][  0]LogConfig: Setting CVar [[r.EyeAdaptationQuality:2]]
[2019.09.06-14.50.20:803][  0]LogConfig: Setting CVar [[r.BloomQuality:5]]
[2019.09.06-14.50.20:803][  0]LogConfig: Setting CVar [[r.FastBlurThreshold:100]]
[2019.09.06-14.50.20:803][  0]LogConfig: Setting CVar [[r.Upscale.Quality:3]]
[2019.09.06-14.50.20:803][  0]LogConfig: Setting CVar [[r.Tonemapper.GrainQuantization:1]]
[2019.09.06-14.50.20:803][  0]LogConfig: Setting CVar [[r.LightShaftQuality:1]]
[2019.09.06-14.50.20:803][  0]LogConfig: Setting CVar [[r.Filter.SizeScale:1]]
[2019.09.06-14.50.20:803][  0]LogConfig: Setting CVar [[r.Tonemapper.Quality:5]]
[2019.09.06-14.50.20:803][  0]LogConfig: Setting CVar [[r.DOF.Gather.AccumulatorQuality:1        ; higher gathering accumulator quality]]
[2019.09.06-14.50.20:803][  0]LogConfig: Setting CVar [[r.DOF.Gather.PostfilterMethod:1          ; Median3x3 postfilering method]]
[2019.09.06-14.50.20:803][  0]LogConfig: Setting CVar [[r.DOF.Gather.EnableBokehSettings:0       ; no bokeh simulation when gathering]]
[2019.09.06-14.50.20:803][  0]LogConfig: Setting CVar [[r.DOF.Gather.RingCount:4                 ; medium number of samples when gathering]]
[2019.09.06-14.50.20:803][  0]LogConfig: Setting CVar [[r.DOF.Scatter.ForegroundCompositing:1    ; additive foreground scattering]]
[2019.09.06-14.50.20:803][  0]LogConfig: Setting CVar [[r.DOF.Scatter.BackgroundCompositing:2    ; additive background scattering]]
[2019.09.06-14.50.20:803][  0]LogConfig: Setting CVar [[r.DOF.Scatter.EnableBokehSettings:1      ; bokeh simulation when scattering]]
[2019.09.06-14.50.20:803][  0]LogConfig: Setting CVar [[r.DOF.Scatter.MaxSpriteRatio:0.1         ; only a maximum of 10% of scattered bokeh]]
[2019.09.06-14.50.20:803][  0]LogConfig: Setting CVar [[r.DOF.Recombine.Quality:1                ; cheap slight out of focus]]
[2019.09.06-14.50.20:803][  0]LogConfig: Setting CVar [[r.DOF.Recombine.EnableBokehSettings:0    ; no bokeh simulation on slight out of focus]]
[2019.09.06-14.50.20:803][  0]LogConfig: Setting CVar [[r.DOF.TemporalAAQuality:1                ; more stable temporal accumulation]]
[2019.09.06-14.50.20:803][  0]LogConfig: Setting CVar [[r.DOF.Kernel.MaxForegroundRadius:0.025]]
[2019.09.06-14.50.20:803][  0]LogConfig: Setting CVar [[r.DOF.Kernel.MaxBackgroundRadius:0.025]]
[2019.09.06-14.50.20:803][  0]LogConfig: Applying CVar settings from Section [TextureQuality@3] File [D:/UE4 Projects/LostScroll/Saved/Config/Windows/Scalability.ini]
[2019.09.06-14.50.20:803][  0]LogConfig: Setting CVar [[r.Streaming.MipBias:0]]
[2019.09.06-14.50.20:803][  0]LogConfig: Setting CVar [[r.Streaming.AmortizeCPUToGPUCopy:0]]
[2019.09.06-14.50.20:803][  0]LogConfig: Setting CVar [[r.Streaming.MaxNumTexturesToStreamPerFrame:0]]
[2019.09.06-14.50.20:803][  0]LogConfig: Setting CVar [[r.Streaming.Boost:1]]
[2019.09.06-14.50.20:803][  0]LogConfig: Setting CVar [[r.MaxAnisotropy:8]]
[2019.09.06-14.50.20:803][  0]LogConfig: Setting CVar [[r.Streaming.LimitPoolSizeToVRAM:0]]
[2019.09.06-14.50.20:803][  0]LogConfig: Setting CVar [[r.Streaming.PoolSize:1000]]
[2019.09.06-14.50.20:803][  0]LogConfig: Setting CVar [[r.Streaming.MaxEffectiveScreenSize:0]]
[2019.09.06-14.50.20:803][  0]LogConfig: Applying CVar settings from Section [EffectsQuality@3] File [D:/UE4 Projects/LostScroll/Saved/Config/Windows/Scalability.ini]
[2019.09.06-14.50.20:803][  0]LogConfig: Setting CVar [[r.TranslucencyLightingVolumeDim:64]]
[2019.09.06-14.50.20:803][  0]LogConfig: Setting CVar [[r.RefractionQuality:2]]
[2019.09.06-14.50.20:803][  0]LogConfig: Setting CVar [[r.SSR.Quality:3]]
[2019.09.06-14.50.20:803][  0]LogConfig: Setting CVar [[r.SceneColorFormat:4]]
[2019.09.06-14.50.20:803][  0]LogConfig: Setting CVar [[r.DetailMode:2]]
[2019.09.06-14.50.20:803][  0]LogConfig: Setting CVar [[r.TranslucencyVolumeBlur:1]]
[2019.09.06-14.50.20:803][  0]LogConfig: Setting CVar [[r.MaterialQualityLevel:1 ; High quality]]
[2019.09.06-14.50.20:803][  0]LogConfig: Setting CVar [[r.SSS.Scale:1]]
[2019.09.06-14.50.20:803][  0]LogConfig: Setting CVar [[r.SSS.SampleSet:2]]
[2019.09.06-14.50.20:803][  0]LogConfig: Setting CVar [[r.SSS.Quality:1]]
[2019.09.06-14.50.20:803][  0]LogConfig: Setting CVar [[r.SSS.HalfRes:1]]
[2019.09.06-14.50.20:803][  0]LogConfig: Setting CVar [[r.EmitterSpawnRateScale:1.0]]
[2019.09.06-14.50.20:803][  0]LogConfig: Setting CVar [[r.ParticleLightQuality:2]]
[2019.09.06-14.50.20:803][  0]LogConfig: Applying CVar settings from Section [FoliageQuality@3] File [D:/UE4 Projects/LostScroll/Saved/Config/Windows/Scalability.ini]
[2019.09.06-14.50.20:803][  0]LogConfig: Setting CVar [[foliage.DensityScale:1.0]]
[2019.09.06-14.50.20:803][  0]LogConfig: Setting CVar [[grass.DensityScale:1.0]]
[2019.09.06-14.50.20:803][  0]LogInit: Selected Device Profile: [Windows]
[2019.09.06-14.50.20:803][  0]LogInit: Applying CVar settings loaded from the selected device profile: [Windows]
[2019.09.06-14.50.20:816][  0]LogHAL: Display: Platform has ~ 16 GB [17105727488 / 17179869184 / 16], which maps to Larger [LargestMinGB=32, LargerMinGB=12, DefaultMinGB=8, SmallerMinGB=6, SmallestMinGB=0)
[2019.09.06-14.50.20:816][  0]LogConfig: Setting CVar [[r.Vulkan.UseRealUBs:0		; Required until we fix HLR fall-out]]
[2019.09.06-14.50.20:816][  0]LogInit: Going up to parent DeviceProfile []
[2019.09.06-14.50.20:816][  0]LogConfig: Applying CVar settings from Section [ViewDistanceQuality@3] File [D:/UE4 Projects/LostScroll/Saved/Config/Windows/Scalability.ini]
[2019.09.06-14.50.20:816][  0]LogConfig: Setting CVar [[r.SkeletalMeshLODBias:0]]
[2019.09.06-14.50.20:816][  0]LogConfig: Setting CVar [[r.ViewDistanceScale:1.0]]
[2019.09.06-14.50.20:816][  0]LogConfig: Applying CVar settings from Section [AntiAliasingQuality@3] File [D:/UE4 Projects/LostScroll/Saved/Config/Windows/Scalability.ini]
[2019.09.06-14.50.20:817][  0]LogConfig: Setting CVar [[r.PostProcessAAQuality:4]]
[2019.09.06-14.50.20:817][  0]LogConfig: Applying CVar settings from Section [ShadowQuality@3] File [D:/UE4 Projects/LostScroll/Saved/Config/Windows/Scalability.ini]
[2019.09.06-14.50.20:817][  0]LogConfig: Setting CVar [[r.LightFunctionQuality:1]]
[2019.09.06-14.50.20:817][  0]LogConfig: Setting CVar [[r.ShadowQuality:5]]
[2019.09.06-14.50.20:817][  0]LogConfig: Setting CVar [[r.Shadow.CSM.MaxCascades:10]]
[2019.09.06-14.50.20:817][  0]LogConfig: Setting CVar [[r.Shadow.MaxResolution:2048]]
[2019.09.06-14.50.20:817][  0]LogConfig: Setting CVar [[r.Shadow.MaxCSMResolution:2048]]
[2019.09.06-14.50.20:817][  0]LogConfig: Setting CVar [[r.Shadow.RadiusThreshold:0.01]]
[2019.09.06-14.50.20:817][  0]LogConfig: Setting CVar [[r.Shadow.DistanceScale:1.0]]
[2019.09.06-14.50.20:817][  0]LogConfig: Setting CVar [[r.Shadow.CSM.TransitionScale:1.0]]
[2019.09.06-14.50.20:817][  0]LogConfig: Setting CVar [[r.Shadow.PreShadowResolutionFactor:1.0]]
[2019.09.06-14.50.20:817][  0]LogConfig: Setting CVar [[r.DistanceFieldShadowing:1]]
[2019.09.06-14.50.20:817][  0]LogConfig: Setting CVar [[r.DistanceFieldAO:1]]
[2019.09.06-14.50.20:817][  0]LogConfig: Setting CVar [[r.AOQuality:2]]
[2019.09.06-14.50.20:817][  0]LogConfig: Setting CVar [[r.VolumetricFog:1]]
[2019.09.06-14.50.20:817][  0]LogConfig: Setting CVar [[r.VolumetricFog.GridPixelSize:8]]
[2019.09.06-14.50.20:817][  0]LogConfig: Setting CVar [[r.VolumetricFog.GridSizeZ:128]]
[2019.09.06-14.50.20:817][  0]LogConfig: Setting CVar [[r.VolumetricFog.HistoryMissSupersampleCount:4]]
[2019.09.06-14.50.20:817][  0]LogConfig: Setting CVar [[r.LightMaxDrawDistanceScale:1]]
[2019.09.06-14.50.20:817][  0]LogConfig: Setting CVar [[r.CapsuleShadows:1]]
[2019.09.06-14.50.20:817][  0]LogConfig: Applying CVar settings from Section [PostProcessQuality@3] File [D:/UE4 Projects/LostScroll/Saved/Config/Windows/Scalability.ini]
[2019.09.06-14.50.20:817][  0]LogConfig: Setting CVar [[r.MotionBlurQuality:4]]
[2019.09.06-14.50.20:817][  0]LogConfig: Setting CVar [[r.AmbientOcclusionMipLevelFactor:0.4]]
[2019.09.06-14.50.20:817][  0]LogConfig: Setting CVar [[r.AmbientOcclusionMaxQuality:100]]
[2019.09.06-14.50.20:817][  0]LogConfig: Setting CVar [[r.AmbientOcclusionLevels:-1]]
[2019.09.06-14.50.20:817][  0]LogConfig: Setting CVar [[r.AmbientOcclusionRadiusScale:1.0]]
[2019.09.06-14.50.20:817][  0]LogConfig: Setting CVar [[r.DepthOfFieldQuality:2]]
[2019.09.06-14.50.20:817][  0]LogConfig: Setting CVar [[r.RenderTargetPoolMin:400]]
[2019.09.06-14.50.20:817][  0]LogConfig: Setting CVar [[r.LensFlareQuality:2]]
[2019.09.06-14.50.20:817][  0]LogConfig: Setting CVar [[r.SceneColorFringeQuality:1]]
[2019.09.06-14.50.20:817][  0]LogConfig: Setting CVar [[r.EyeAdaptationQuality:2]]
[2019.09.06-14.50.20:817][  0]LogConfig: Setting CVar [[r.BloomQuality:5]]
[2019.09.06-14.50.20:817][  0]LogConfig: Setting CVar [[r.FastBlurThreshold:100]]
[2019.09.06-14.50.20:817][  0]LogConfig: Setting CVar [[r.Upscale.Quality:3]]
[2019.09.06-14.50.20:817][  0]LogConfig: Setting CVar [[r.Tonemapper.GrainQuantization:1]]
[2019.09.06-14.50.20:817][  0]LogConfig: Setting CVar [[r.LightShaftQuality:1]]
[2019.09.06-14.50.20:817][  0]LogConfig: Setting CVar [[r.Filter.SizeScale:1]]
[2019.09.06-14.50.20:817][  0]LogConfig: Setting CVar [[r.Tonemapper.Quality:5]]
[2019.09.06-14.50.20:817][  0]LogConfig: Setting CVar [[r.DOF.Gather.AccumulatorQuality:1        ; higher gathering accumulator quality]]
[2019.09.06-14.50.20:817][  0]LogConfig: Setting CVar [[r.DOF.Gather.PostfilterMethod:1          ; Median3x3 postfilering method]]
[2019.09.06-14.50.20:817][  0]LogConfig: Setting CVar [[r.DOF.Gather.EnableBokehSettings:0       ; no bokeh simulation when gathering]]
[2019.09.06-14.50.20:817][  0]LogConfig: Setting CVar [[r.DOF.Gather.RingCount:4                 ; medium number of samples when gathering]]
[2019.09.06-14.50.20:817][  0]LogConfig: Setting CVar [[r.DOF.Scatter.ForegroundCompositing:1    ; additive foreground scattering]]
[2019.09.06-14.50.20:817][  0]LogConfig: Setting CVar [[r.DOF.Scatter.BackgroundCompositing:2    ; additive background scattering]]
[2019.09.06-14.50.20:817][  0]LogConfig: Setting CVar [[r.DOF.Scatter.EnableBokehSettings:1      ; bokeh simulation when scattering]]
[2019.09.06-14.50.20:817][  0]LogConfig: Setting CVar [[r.DOF.Scatter.MaxSpriteRatio:0.1         ; only a maximum of 10% of scattered bokeh]]
[2019.09.06-14.50.20:817][  0]LogConfig: Setting CVar [[r.DOF.Recombine.Quality:1                ; cheap slight out of focus]]
[2019.09.06-14.50.20:817][  0]LogConfig: Setting CVar [[r.DOF.Recombine.EnableBokehSettings:0    ; no bokeh simulation on slight out of focus]]
[2019.09.06-14.50.20:817][  0]LogConfig: Setting CVar [[r.DOF.TemporalAAQuality:1                ; more stable temporal accumulation]]
[2019.09.06-14.50.20:817][  0]LogConfig: Setting CVar [[r.DOF.Kernel.MaxForegroundRadius:0.025]]
[2019.09.06-14.50.20:817][  0]LogConfig: Setting CVar [[r.DOF.Kernel.MaxBackgroundRadius:0.025]]
[2019.09.06-14.50.20:817][  0]LogConfig: Applying CVar settings from Section [TextureQuality@3] File [D:/UE4 Projects/LostScroll/Saved/Config/Windows/Scalability.ini]
[2019.09.06-14.50.20:817][  0]LogConfig: Setting CVar [[r.Streaming.MipBias:0]]
[2019.09.06-14.50.20:817][  0]LogConfig: Setting CVar [[r.Streaming.AmortizeCPUToGPUCopy:0]]
[2019.09.06-14.50.20:817][  0]LogConfig: Setting CVar [[r.Streaming.MaxNumTexturesToStreamPerFrame:0]]
[2019.09.06-14.50.20:817][  0]LogConfig: Setting CVar [[r.Streaming.Boost:1]]
[2019.09.06-14.50.20:817][  0]LogConfig: Setting CVar [[r.MaxAnisotropy:8]]
[2019.09.06-14.50.20:817][  0]LogConfig: Setting CVar [[r.Streaming.LimitPoolSizeToVRAM:0]]
[2019.09.06-14.50.20:817][  0]LogConfig: Setting CVar [[r.Streaming.PoolSize:1000]]
[2019.09.06-14.50.20:817][  0]LogConfig: Setting CVar [[r.Streaming.MaxEffectiveScreenSize:0]]
[2019.09.06-14.50.20:817][  0]LogConfig: Applying CVar settings from Section [EffectsQuality@3] File [D:/UE4 Projects/LostScroll/Saved/Config/Windows/Scalability.ini]
[2019.09.06-14.50.20:817][  0]LogConfig: Setting CVar [[r.TranslucencyLightingVolumeDim:64]]
[2019.09.06-14.50.20:817][  0]LogConfig: Setting CVar [[r.RefractionQuality:2]]
[2019.09.06-14.50.20:817][  0]LogConfig: Setting CVar [[r.SSR.Quality:3]]
[2019.09.06-14.50.20:817][  0]LogConfig: Setting CVar [[r.SceneColorFormat:4]]
[2019.09.06-14.50.20:817][  0]LogConfig: Setting CVar [[r.DetailMode:2]]
[2019.09.06-14.50.20:817][  0]LogConfig: Setting CVar [[r.TranslucencyVolumeBlur:1]]
[2019.09.06-14.50.20:817][  0]LogConfig: Setting CVar [[r.MaterialQualityLevel:1 ; High quality]]
[2019.09.06-14.50.20:817][  0]LogConfig: Setting CVar [[r.SSS.Scale:1]]
[2019.09.06-14.50.20:817][  0]LogConfig: Setting CVar [[r.SSS.SampleSet:2]]
[2019.09.06-14.50.20:817][  0]LogConfig: Setting CVar [[r.SSS.Quality:1]]
[2019.09.06-14.50.20:817][  0]LogConfig: Setting CVar [[r.SSS.HalfRes:1]]
[2019.09.06-14.50.20:817][  0]LogConfig: Setting CVar [[r.EmitterSpawnRateScale:1.0]]
[2019.09.06-14.50.20:817][  0]LogConfig: Setting CVar [[r.ParticleLightQuality:2]]
[2019.09.06-14.50.20:817][  0]LogConfig: Applying CVar settings from Section [FoliageQuality@3] File [D:/UE4 Projects/LostScroll/Saved/Config/Windows/Scalability.ini]
[2019.09.06-14.50.20:817][  0]LogConfig: Setting CVar [[foliage.DensityScale:1.0]]
[2019.09.06-14.50.20:817][  0]LogConfig: Setting CVar [[grass.DensityScale:1.0]]
[2019.09.06-14.50.20:817][  0]LogConfig: Applying CVar settings from Section [Startup] File [../../../Engine/Config/ConsoleVariables.ini]
[2019.09.06-14.50.20:818][  0]LogConfig: Setting CVar [[net.UseAdaptiveNetUpdateFrequency:0]]
[2019.09.06-14.50.20:818][  0]LogConfig: Setting CVar [[p.chaos.AllowCreatePhysxBodies:1]]
[2019.09.06-14.50.20:818][  0]LogConfig: Applying CVar settings from Section [ConsoleVariables] File [D:/UE4 Projects/LostScroll/Saved/Config/Windows/Engine.ini]
[2019.09.06-14.50.20:818][  0]LogInit: Computer: DESKTOP-08LCMC5
[2019.09.06-14.50.20:818][  0]LogInit: User: Z
[2019.09.06-14.50.20:818][  0]LogInit: CPU Page size=4096, Cores=6
[2019.09.06-14.50.20:818][  0]LogInit: High frequency timer resolution =10.000000 MHz
[2019.09.06-14.50.20:818][  0]LogMemory: Memory total: Physical=15.9GB (16GB approx)
[2019.09.06-14.50.20:818][  0]LogMemory: Platform Memory Stats for Windows
[2019.09.06-14.50.20:818][  0]LogMemory: Process Physical Memory: 98.38 MB used, 98.38 MB peak
[2019.09.06-14.50.20:818][  0]LogMemory: Process Virtual Memory: 92.11 MB used, 92.11 MB peak
[2019.09.06-14.50.20:818][  0]LogMemory: Physical Memory: 4870.62 MB used,  11442.67 MB free, 16313.29 MB total
[2019.09.06-14.50.20:818][  0]LogMemory: Virtual Memory: 4676.70 MB used,  134213048.00 MB free, 134217728.00 MB total
[2019.09.06-14.50.20:836][  0]LogInit: Using OS detected language (en-US).
[2019.09.06-14.50.20:836][  0]LogInit: Using OS detected locale (en-US).
[2019.09.06-14.50.20:836][  0]LogTextLocalizationManager: No specific localization for 'en-US' exists, so the 'en' localization will be used.
[2019.09.06-14.50.20:977][  0]LogInit: Setting process to per monitor DPI aware
[2019.09.06-14.50.21:000][  0]LogSlate: New Slate User Created.  User Index 0, Is Virtual User: 0
[2019.09.06-14.50.21:000][  0]LogSlate: Slate User Registered.  User Index 0, Is Virtual User: 0
[2019.09.06-14.50.21:170][  0]LogHMD: Failed to initialize OpenVR with code 110
[2019.09.06-14.50.21:170][  0]LogD3D11RHI: D3D11 adapters:
[2019.09.06-14.50.21:243][  0]LogD3D11RHI:    0. 'NVIDIA GeForce RTX 2060' (Feature Level 11_0)
[2019.09.06-14.50.21:243][  0]LogD3D11RHI:       5980/0/8156 MB DedicatedVideo/DedicatedSystem/SharedSystem, Outputs:2, VendorId:0x10de
[2019.09.06-14.50.21:245][  0]LogD3D11RHI:    1. 'Microsoft Basic Render Driver' (Feature Level 11_0)
[2019.09.06-14.50.21:245][  0]LogD3D11RHI:       0/0/8156 MB DedicatedVideo/DedicatedSystem/SharedSystem, Outputs:0, VendorId:0x1414
[2019.09.06-14.50.21:245][  0]LogD3D11RHI: Chosen D3D11 Adapter: 0
[2019.09.06-14.50.21:252][  0]LogD3D11RHI: Creating new Direct3DDevice
[2019.09.06-14.50.21:252][  0]LogD3D11RHI:     GPU DeviceId: 0x1f08 (for the marketing name, search the web for "GPU Device Id")
[2019.09.06-14.50.21:252][  0]LogWindows: EnumDisplayDevices:
[2019.09.06-14.50.21:252][  0]LogWindows:    0. 'NVIDIA GeForce RTX 2060' (P:1 D:1)
[2019.09.06-14.50.21:252][  0]LogWindows:    1. 'NVIDIA GeForce RTX 2060' (P:0 D:1)
[2019.09.06-14.50.21:252][  0]LogWindows:    2. 'NVIDIA GeForce RTX 2060' (P:0 D:0)
[2019.09.06-14.50.21:252][  0]LogWindows:    3. 'NVIDIA GeForce RTX 2060' (P:0 D:0)
[2019.09.06-14.50.21:252][  0]LogWindows: DebugString: FoundDriverCount:4 
[2019.09.06-14.50.21:252][  0]LogD3D11RHI:     Adapter Name: NVIDIA GeForce RTX 2060
[2019.09.06-14.50.21:252][  0]LogD3D11RHI:   Driver Version: 417.71 (internal:25.21.14.1771, unified:417.71)
[2019.09.06-14.50.21:253][  0]LogD3D11RHI:      Driver Date: 1-11-2019
[2019.09.06-14.50.21:253][  0]LogRHI: Texture pool is 4186 MB (70% of 5980 MB)
[2019.09.06-14.50.21:303][  0]LogD3D11RHI: Async texture creation enabled
[2019.09.06-14.50.21:316][  0]LogRendererCore: FGlobalReadBuffer::InitRHI
[2019.09.06-14.50.21:317][  0]LogRendererCore: FGlobalReadBuffer::InitRHI
[2019.09.06-14.50.21:317][  0]LogRendererCore: FGlobalReadBuffer::InitRHI
[2019.09.06-14.50.21:330][  0]LogD3D11RHI: GPU Timing Frequency: 1000.000000 (Debug: 2 2)
[2019.09.06-14.50.21:574][  0]LogTemp: Display: Module 'AllDesktopTargetPlatform' loaded TargetPlatform 'AllDesktop'
[2019.09.06-14.50.21:589][  0]LogTemp: Display: Module 'MacClientTargetPlatform' loaded TargetPlatform 'MacClient'
[2019.09.06-14.50.21:603][  0]LogTemp: Display: Module 'MacNoEditorTargetPlatform' loaded TargetPlatform 'MacNoEditor'
[2019.09.06-14.50.21:617][  0]LogTemp: Display: Module 'MacServerTargetPlatform' loaded TargetPlatform 'MacServer'
[2019.09.06-14.50.21:632][  0]LogTemp: Display: Module 'MacTargetPlatform' loaded TargetPlatform 'Mac'
[2019.09.06-14.50.21:646][  0]LogTemp: Display: Module 'WindowsClientTargetPlatform' loaded TargetPlatform 'WindowsClient'
[2019.09.06-14.50.21:661][  0]LogTemp: Display: Module 'WindowsNoEditorTargetPlatform' loaded TargetPlatform 'WindowsNoEditor'
[2019.09.06-14.50.21:676][  0]LogTemp: Display: Module 'WindowsServerTargetPlatform' loaded TargetPlatform 'WindowsServer'
[2019.09.06-14.50.21:682][  0]LogTemp: Display: Module 'WindowsTargetPlatform' loaded TargetPlatform 'Windows'
[2019.09.06-14.50.21:773][  0]LogTemp: Display: Module 'AndroidTargetPlatform' loaded TargetPlatform 'Android'
[2019.09.06-14.50.21:773][  0]LogTemp: Display: Module 'AndroidTargetPlatform' loaded TargetPlatform 'Android_ASTC'
[2019.09.06-14.50.21:773][  0]LogTemp: Display: Module 'AndroidTargetPlatform' loaded TargetPlatform 'Android_ATC'
[2019.09.06-14.50.21:773][  0]LogTemp: Display: Module 'AndroidTargetPlatform' loaded TargetPlatform 'Android_DXT'
[2019.09.06-14.50.21:773][  0]LogTemp: Display: Module 'AndroidTargetPlatform' loaded TargetPlatform 'Android_ETC1'
[2019.09.06-14.50.21:773][  0]LogTemp: Display: Module 'AndroidTargetPlatform' loaded TargetPlatform 'Android_ETC1a'
[2019.09.06-14.50.21:773][  0]LogTemp: Display: Module 'AndroidTargetPlatform' loaded TargetPlatform 'Android_ETC2'
[2019.09.06-14.50.21:773][  0]LogTemp: Display: Module 'AndroidTargetPlatform' loaded TargetPlatform 'Android_PVRTC'
[2019.09.06-14.50.21:773][  0]LogTemp: Display: Module 'AndroidTargetPlatform' loaded TargetPlatform 'AndroidClient'
[2019.09.06-14.50.21:773][  0]LogTemp: Display: Module 'AndroidTargetPlatform' loaded TargetPlatform 'Android_ASTCClient'
[2019.09.06-14.50.21:773][  0]LogTemp: Display: Module 'AndroidTargetPlatform' loaded TargetPlatform 'Android_ATCClient'
[2019.09.06-14.50.21:773][  0]LogTemp: Display: Module 'AndroidTargetPlatform' loaded TargetPlatform 'Android_DXTClient'
[2019.09.06-14.50.21:773][  0]LogTemp: Display: Module 'AndroidTargetPlatform' loaded TargetPlatform 'Android_ETC1Client'
[2019.09.06-14.50.21:773][  0]LogTemp: Display: Module 'AndroidTargetPlatform' loaded TargetPlatform 'Android_ETC1aClient'
[2019.09.06-14.50.21:773][  0]LogTemp: Display: Module 'AndroidTargetPlatform' loaded TargetPlatform 'Android_ETC2Client'
[2019.09.06-14.50.21:773][  0]LogTemp: Display: Module 'AndroidTargetPlatform' loaded TargetPlatform 'Android_PVRTCClient'
[2019.09.06-14.50.21:773][  0]LogTemp: Display: Module 'AndroidTargetPlatform' loaded TargetPlatform 'Android_Multi'
[2019.09.06-14.50.21:773][  0]LogTemp: Display: Module 'AndroidTargetPlatform' loaded TargetPlatform 'Android_MultiClient'
[2019.09.06-14.50.21:775][  0]LogTemp: Display: Module 'HTML5TargetPlatform' loaded TargetPlatform 'HTML5'
[2019.09.06-14.50.21:826][  0]LogTemp: Display: Module 'IOSTargetPlatform' loaded TargetPlatform 'IOSClient'
[2019.09.06-14.50.21:826][  0]LogTemp: Display: Module 'IOSTargetPlatform' loaded TargetPlatform 'IOS'
[2019.09.06-14.50.21:853][  0]LogTemp: Display: Module 'TVOSTargetPlatform' loaded TargetPlatform 'TVOSClient'
[2019.09.06-14.50.21:853][  0]LogTemp: Display: Module 'TVOSTargetPlatform' loaded TargetPlatform 'TVOS'
[2019.09.06-14.50.21:866][  0]LogTemp: Display: Module 'LinuxClientTargetPlatform' loaded TargetPlatform 'LinuxClient'
[2019.09.06-14.50.21:880][  0]LogTemp: Display: Module 'LinuxNoEditorTargetPlatform' loaded TargetPlatform 'LinuxNoEditor'
[2019.09.06-14.50.21:893][  0]LogTemp: Display: Module 'LinuxServerTargetPlatform' loaded TargetPlatform 'LinuxServer'
[2019.09.06-14.50.21:907][  0]LogTemp: Display: Module 'LinuxTargetPlatform' loaded TargetPlatform 'Linux'
[2019.09.06-14.50.21:955][  0]LogTemp: Display: Module 'LuminTargetPlatform' loaded TargetPlatform 'Lumin'
[2019.09.06-14.50.21:955][  0]LogTemp: Display: Module 'LuminTargetPlatform' loaded TargetPlatform 'LuminClient'
[2019.09.06-14.50.21:956][  0]LogTargetPlatformManager: Display: Building Assets For Windows
[2019.09.06-14.50.21:962][  0]LogAudioDebug: Display: Lib vorbis DLL was dynamically loaded.
[2019.09.06-14.50.21:996][  0]LogShaderCompilers: Guid format shader working directory is -2 characters bigger than the processId version (../../../../../../../UE4 Projects/LostScroll/Intermediate/Shaders/WorkingDirectory/6600/).
[2019.09.06-14.50.21:996][  0]LogShaderCompilers: Cleaned the shader compiler working directory 'C:/Users/Z/AppData/Local/Temp/UnrealShaderWorkingDir/0601440343E2A2C6E695F7AD1BBBE663/'.
[2019.09.06-14.50.21:998][  0]LogXGEController: Cleaning working directory: C:/Users/Z/AppData/Local/Temp/UnrealXGEWorkingDir/
[2019.09.06-14.50.21:998][  0]LogXGEController: Cannot use XGE Controller as Incredibuild is not installed on this machine.
[2019.09.06-14.50.21:998][  0]LogShaderCompilers: Cannot use XGE Shader Compiler as Incredibuild is not installed on this machine.
[2019.09.06-14.50.21:998][  0]LogShaderCompilers: Display: Using Local Shader Compiler.
[2019.09.06-14.50.22:505][  0]LogDerivedDataCache: Display: Max Cache Size: 512 MB
[2019.09.06-14.50.22:547][  0]LogDerivedDataCache: Loaded boot cache 0.04s 71MB C:/Users/Z/AppData/Local/UnrealEngine/4.22/DerivedDataCache/Boot.ddc.
[2019.09.06-14.50.22:547][  0]LogDerivedDataCache: Display: Loaded Boot cache: C:/Users/Z/AppData/Local/UnrealEngine/4.22/DerivedDataCache/Boot.ddc
[2019.09.06-14.50.22:547][  0]LogDerivedDataCache: FDerivedDataBackendGraph:  Pak pak cache file ../../../../../../../UE4 Projects/LostScroll/DerivedDataCache/DDC.ddp not found, will not use a pak cache.
[2019.09.06-14.50.22:547][  0]LogDerivedDataCache: Unable to find inner node Pak for hierarchical cache Hierarchy.
[2019.09.06-14.50.22:547][  0]LogDerivedDataCache: FDerivedDataBackendGraph:  CompressedPak pak cache file ../../../../../../../UE4 Projects/LostScroll/DerivedDataCache/Compressed.ddp not found, will not use a pak cache.
[2019.09.06-14.50.22:547][  0]LogDerivedDataCache: Unable to find inner node CompressedPak for hierarchical cache Hierarchy.
[2019.09.06-14.50.22:560][  0]LogDerivedDataCache: Display: Pak cache opened for reading ../../../Engine/DerivedDataCache/Compressed.ddp.
[2019.09.06-14.50.22:560][  0]LogDerivedDataCache: FDerivedDataBackendGraph:  EnterprisePak pak cache file ../../../Enterprise/DerivedDataCache/Compressed.ddp not found, will not use a pak cache.
[2019.09.06-14.50.22:560][  0]LogDerivedDataCache: Unable to find inner node EnterprisePak for hierarchical cache Hierarchy.
[2019.09.06-14.50.22:572][  0]LogDerivedDataCache: Using Local data cache path C:/Users/Z/AppData/Local/UnrealEngine/Common/DerivedDataCache: Writable
[2019.09.06-14.50.22:572][  0]LogDerivedDataCache: Shared data cache path not found in *engine.ini, will not use an Shared cache.
[2019.09.06-14.50.22:572][  0]LogDerivedDataCache: Unable to find inner node Shared for hierarchical cache Hierarchy.
[2019.09.06-14.50.22:594][  0]LogMaterial: Verifying Global Shaders for PCD3D_SM5
[2019.09.06-14.50.22:596][  0]LogSlate: Using FreeType 2.6.0
[2019.09.06-14.50.22:596][  0]LogSlate: SlateFontServices - WITH_FREETYPE: 1, WITH_HARFBUZZ: 1
[2019.09.06-14.50.22:676][  0]LogAssetRegistry: FAssetRegistry took 0.0349 seconds to start up
[2019.09.06-14.50.23:008][  0]LogInit: Selected Device Profile: [Windows]
[2019.09.06-14.50.23:130][  0]LogMeshReduction: Using QuadricMeshReduction for automatic static mesh reduction
[2019.09.06-14.50.23:130][  0]LogMeshReduction: Using SimplygonMeshReduction for automatic skeletal mesh reduction
[2019.09.06-14.50.23:130][  0]LogMeshReduction: Using ProxyLODMeshReduction for automatic mesh merging
[2019.09.06-14.50.23:130][  0]LogMeshReduction: No distributed automatic mesh merging module available
[2019.09.06-14.50.23:130][  0]LogMeshMerging: No distributed automatic mesh merging module available
[2019.09.06-14.50.23:139][  0]LogNetVersion: LostScroll 1.0.0, NetCL: 5660361, EngineNetVer: 10, GameNetVer: 0 (Checksum: 149322272)
[2019.09.06-14.50.23:490][  0]LogPackageLocalizationCache: Processed 10 localized package path(s) for 1 prioritized culture(s) in 0.035055 seconds
[2019.09.06-14.50.23:496][  0]LogUObjectArray: 42205 objects as part of root set at end of initial load.
[2019.09.06-14.50.23:497][  0]LogUObjectAllocator: 7325032 out of 0 bytes used by permanent object pool.
[2019.09.06-14.50.23:497][  0]LogUObjectArray: CloseDisregardForGC: 0/0 objects in disregard for GC pool
[2019.09.06-14.50.24:200][  0]LogTcpMessaging: Initializing TcpMessaging bridge
[2019.09.06-14.50.24:214][  0]LogUdpMessaging: Initializing bridge on interface 0.0.0.0:0 to multicast group 230.0.0.1:6666.
[2019.09.06-14.50.24:314][  0]SourceControl: Source control is disabled
[2019.09.06-14.50.24:314][  0]SourceControl: Source control is disabled
[2019.09.06-14.50.24:315][  0]SourceControl: Source control is disabled
[2019.09.06-14.50.24:316][  0]SourceControl: Source control is disabled
[2019.09.06-14.50.24:381][  0]LogAndroidPermission: UAndroidPermissionCallbackProxy::GetInstance
[2019.09.06-14.50.24:460][  0]LogOcInput: OculusInput pre-init called
[2019.09.06-14.50.25:060][  0]LogEngine: Initializing Engine...
[2019.09.06-14.50.25:061][  0]LogHMD: Failed to initialize OpenVR with code 110
[2019.09.06-14.50.25:062][  0]LogStats: UGameplayTagsManager::InitializeManager -  0.000 s
[2019.09.06-14.50.25:251][  0]LogInit: Initializing FReadOnlyCVARCache
[2019.09.06-14.50.25:260][  0]LogAIModule: Creating AISystem for world Untitled
[2019.09.06-14.50.25:280][  0]LogInit: XAudio2 using 'Speakers (High Definition Audio Device)' : 2 channels at 48 kHz using 16 bits per sample (channel mask 0x3)
[2019.09.06-14.50.25:328][  0]LogInit: FAudioDevice initialized.
[2019.09.06-14.50.25:328][  0]LogNetVersion: Set ProjectVersion to 1.0.0.0. Version Checksum will be recalculated on next use.
[2019.09.06-14.50.25:426][  0]LogDerivedDataCache: Saved boot cache 0.10s 71MB C:/Users/Z/AppData/Local/UnrealEngine/4.22/DerivedDataCache/Boot.ddc.
[2019.09.06-14.50.25:430][  0]LogInit: Texture streaming: Enabled
[2019.09.06-14.50.25:444][  0]LogEngineSessionManager: EngineSessionManager initialized
[2019.09.06-14.50.25:461][  0]LogInit: Transaction tracking system initialized
[2019.09.06-14.50.25:477][  0]BlueprintLog: New page: Editor Load
[2019.09.06-14.50.25:538][  0]LocalizationService: Localization service is disabled
[2019.09.06-14.50.25:828][  0]LogFileCache: Scanning file cache for directory 'D:/UE4 Projects/LostScroll/Content/' took 0.01s
[2019.09.06-14.50.25:828][  0]LogCook: Display: Max memory allowance for cook 16384mb min free memory 0mb
[2019.09.06-14.50.25:828][  0]LogCook: Display: Mobile HDR setting 1
[2019.09.06-14.50.25:985][  0]SourceControl: Source control is disabled
[2019.09.06-14.50.25:985][  0]Cmd: MAP LOAD FILE="../../../../../../../UE4 Projects/LostScroll/Content/TopDownBP/Maps/TopDownExampleMap.umap" TEMPLATE=0 SHOWPROGRESS=1 FEATURELEVEL=3
[2019.09.06-14.50.25:985][  0]LogEditorServer: Warning: Can't find file '../../../../../../../UE4 Projects/LostScroll/Content/TopDownBP/Maps/TopDownExampleMap.umap'
[2019.09.06-14.50.25:985][  0]Cmd: MAP CHECKDEP NOCLEARLOG
[2019.09.06-14.50.25:986][  0]MapCheck: Map check complete: 0 Error(s), 0 Warning(s), took 0.104ms to complete.
[2019.09.06-14.50.25:986][  0]LogFileHelpers: Loading map 'TopDownExampleMap' took 0.000
[2019.09.06-14.50.26:081][  0]LogSlate: Updating window title bar state: overlay mode, drag disabled, window buttons hidden, title bar hidden
[2019.09.06-14.50.26:089][  0]LogSlate: Updating window title bar state: overlay mode, drag disabled, window buttons hidden, title bar hidden
[2019.09.06-14.50.26:097][  0]LogSlate: Updating window title bar state: overlay mode, drag disabled, window buttons hidden, title bar hidden
[2019.09.06-14.50.26:104][  0]LogSlate: Updating window title bar state: overlay mode, drag disabled, window buttons hidden, title bar hidden
[2019.09.06-14.50.26:108][  0]LogCollectionManager: Loaded 0 collections in 0.000951 seconds
[2019.09.06-14.50.26:123][  0]LogFileCache: Scanning file cache for directory 'D:/UE4 Projects/LostScroll/Saved/Collections/' took 0.01s
[2019.09.06-14.50.26:123][  0]LogFileCache: Scanning file cache for directory 'D:/UE4 Projects/LostScroll/Content/Developers/Z/Collections/' took 0.00s
[2019.09.06-14.50.26:123][  0]LogFileCache: Scanning file cache for directory 'D:/UE4 Projects/LostScroll/Content/Collections/' took 0.00s
[2019.09.06-14.50.26:123][  0]LogCollectionManager: Rebuilt the GUID cache for 0 collections in 0.000000 seconds
[2019.09.06-14.50.26:132][  0]LogContentBrowser: Native class hierarchy populated in 0.0094 seconds. Added 2732 classes and 659 folders.
[2019.09.06-14.50.26:137][  0]LogContentBrowser: Native class hierarchy updated for 'WidgetCarousel' in 0.0002 seconds. Added 0 classes and 0 folders.
[2019.09.06-14.50.26:138][  0]LogPakFile: Registered encryption key '00000000000000000000000000000000': 0 pak files mounted, 0 remain pending
[2019.09.06-14.50.26:138][  0]LogPakFile: Registered encryption key '00000000000000000000000000000000': 0 pak files mounted, 0 remain pending
[2019.09.06-14.50.26:139][  0]LogPakFile: Registered encryption key '00000000000000000000000000000000': 0 pak files mounted, 0 remain pending
[2019.09.06-14.50.26:139][  0]LogPakFile: Registered encryption key '00000000000000000000000000000000': 0 pak files mounted, 0 remain pending
[2019.09.06-14.50.26:139][  0]LogPakFile: Registered encryption key '00000000000000000000000000000000': 0 pak files mounted, 0 remain pending
[2019.09.06-14.50.26:140][  0]LogPakFile: Registered encryption key '00000000000000000000000000000000': 0 pak files mounted, 0 remain pending
[2019.09.06-14.50.26:140][  0]LogPakFile: Registered encryption key '00000000000000000000000000000000': 0 pak files mounted, 0 remain pending
[2019.09.06-14.50.26:141][  0]LogPakFile: Registered encryption key '00000000000000000000000000000000': 0 pak files mounted, 0 remain pending
[2019.09.06-14.50.26:141][  0]LogPakFile: Registered encryption key '00000000000000000000000000000000': 0 pak files mounted, 0 remain pending
[2019.09.06-14.50.26:141][  0]LogPakFile: Registered encryption key '00000000000000000000000000000000': 0 pak files mounted, 0 remain pending
[2019.09.06-14.50.26:142][  0]LogPakFile: Registered encryption key '00000000000000000000000000000000': 0 pak files mounted, 0 remain pending
[2019.09.06-14.50.26:142][  0]LogPakFile: Registered encryption key '00000000000000000000000000000000': 0 pak files mounted, 0 remain pending
[2019.09.06-14.50.26:142][  0]LogPakFile: Registered encryption key '00000000000000000000000000000000': 0 pak files mounted, 0 remain pending
[2019.09.06-14.50.26:143][  0]LogPakFile: Registered encryption key '00000000000000000000000000000000': 0 pak files mounted, 0 remain pending
[2019.09.06-14.50.26:143][  0]LogPakFile: Registered encryption key '00000000000000000000000000000000': 0 pak files mounted, 0 remain pending
[2019.09.06-14.50.26:143][  0]LogPakFile: Registered encryption key '00000000000000000000000000000000': 0 pak files mounted, 0 remain pending
[2019.09.06-14.50.26:144][  0]LogPakFile: Registered encryption key '00000000000000000000000000000000': 0 pak files mounted, 0 remain pending
[2019.09.06-14.50.26:144][  0]LogPakFile: Registered encryption key '00000000000000000000000000000000': 0 pak files mounted, 0 remain pending
[2019.09.06-14.50.26:145][  0]LogPakFile: Registered encryption key '00000000000000000000000000000000': 0 pak files mounted, 0 remain pending
[2019.09.06-14.50.26:145][  0]LogPakFile: Registered encryption key '00000000000000000000000000000000': 0 pak files mounted, 0 remain pending
[2019.09.06-14.50.26:145][  0]LogPakFile: Registered encryption key '00000000000000000000000000000000': 0 pak files mounted, 0 remain pending
[2019.09.06-14.50.26:146][  0]LogPakFile: Registered encryption key '00000000000000000000000000000000': 0 pak files mounted, 0 remain pending
[2019.09.06-14.50.26:146][  0]LogPakFile: Registered encryption key '00000000000000000000000000000000': 0 pak files mounted, 0 remain pending
[2019.09.06-14.50.26:146][  0]LogPakFile: Registered encryption key '00000000000000000000000000000000': 0 pak files mounted, 0 remain pending
[2019.09.06-14.50.26:147][  0]LogPakFile: Registered encryption key '00000000000000000000000000000000': 0 pak files mounted, 0 remain pending
[2019.09.06-14.50.26:147][  0]LogPakFile: Registered encryption key '00000000000000000000000000000000': 0 pak files mounted, 0 remain pending
[2019.09.06-14.50.26:170][  0]LogContentBrowser: Native class hierarchy updated for 'AddContentDialog' in 0.0002 seconds. Added 0 classes and 0 folders.
[2019.09.06-14.50.26:175][  0]LogContentBrowser: Native class hierarchy updated for 'SceneOutliner' in 0.0003 seconds. Added 1 classes and 2 folders.
[2019.09.06-14.50.26:227][  0]LogSlate: Took 0.000136 seconds to synchronously load lazily loaded font '../../../Engine/Content/Slate/Fonts/Roboto-Regular.ttf' (155K)
[2019.09.06-14.50.26:229][  0]LogSlate: Took 0.000143 seconds to synchronously load lazily loaded font '../../../Engine/Content/Slate/Fonts/Roboto-Bold.ttf' (160K)
[2019.09.06-14.50.26:234][  0]LogSlate: Took 0.000135 seconds to synchronously load lazily loaded font '../../../Engine/Content/Editor/Slate/Fonts/FontAwesome.ttf' (139K)
[2019.09.06-14.50.26:288][  0]LogRenderer: Reallocating scene render targets to support 1208x652 Format 10 NumSamples 1 (Frame:1).
[2019.09.06-14.50.26:426][  0]LogContentBrowser: Native class hierarchy updated for 'HierarchicalLODOutliner' in 0.0003 seconds. Added 0 classes and 0 folders.
[2019.09.06-14.50.26:426][  0]LogLoad: (Engine Initialization) Total time: 7.39 seconds
[2019.09.06-14.50.26:426][  0]LogLoad: (Engine Initialization) Total Blueprint compile time: 0.00 seconds
[2019.09.06-14.50.26:463][  0]LogAssetRegistry: Asset discovery search completed in 3.8106 seconds
[2019.09.06-14.50.26:465][  0]LogCollectionManager: Rebuilt the object cache for 0 collections in 0.000000 seconds (found 0 objects)
[2019.09.06-14.50.26:465][  0]LogCollectionManager: Fixed up redirectors for 0 collections in 0.000031 seconds (updated 0 objects)
[2019.09.06-14.50.26:517][  0]LogContentStreaming: Texture pool size now 1000 MB
[2019.09.06-14.50.26:539][  0]LogSlate: Took 0.000162 seconds to synchronously load lazily loaded font '../../../Engine/Content/Slate/Fonts/Roboto-Light.ttf' (167K)
[2019.09.06-14.50.27:785][  4]LogSlate: Took 0.000163 seconds to synchronously load lazily loaded font '../../../Engine/Content/Slate/Fonts/Roboto-Light.ttf' (167K)
[2019.09.06-15.35.15:354][ 19]LogSlate: FSceneViewport::OnFocusLost() reason 0
[2019.09.06-15.38.00:785][835]LogSlate: FSceneViewport::OnFocusLost() reason 0
[2019.09.06-15.38.37:249][662]LogUObjectHash: Compacting FUObjectHashTables data took   2.16ms
[2019.09.06-15.38.45:389][631]LogUObjectHash: Compacting FUObjectHashTables data took   1.84ms
[2019.09.06-15.39.47:581][330]LogUObjectHash: Compacting FUObjectHashTables data took   1.87ms
[2019.09.06-15.39.47:581][330]LogFileHelpers: Editor autosave (incl. sublevels) for '/Temp/Untitled_0' took 0.032
[2019.09.06-15.39.47:582][330]OBJ SavePackage: Generating thumbnails for [0] asset(s) in package [/Game/TopDownBP/InventorySystem/InventoryUI/HUD] ([1] browsable assets)...
[2019.09.06-15.39.47:582][330]OBJ SavePackage: Finished generating thumbnails for package [/Game/TopDownBP/InventorySystem/InventoryUI/HUD]
[2019.09.06-15.39.47:592][330]LogSavePackage: Moving '../../../../../../../UE4 Projects/LostScroll/Saved/HUD_Auto14F7F620944BC0335CA373BA087442852.tmp' to '../../../../../../../UE4 Projects/LostScroll/Saved/Autosaves/Game/TopDownBP/InventorySystem/InventoryUI/HUD_Auto1.uasset'
[2019.09.06-15.39.47:593][330]OBJ SavePackage: Generating thumbnails for [0] asset(s) in package [/Game/TopDownBP/InventorySystem/InventoryUI/InventoryWindow] ([1] browsable assets)...
[2019.09.06-15.39.47:593][330]OBJ SavePackage: Finished generating thumbnails for package [/Game/TopDownBP/InventorySystem/InventoryUI/InventoryWindow]
[2019.09.06-15.39.47:603][330]LogSavePackage: Moving '../../../../../../../UE4 Projects/LostScroll/Saved/InventoryWindow_Auto1B536031145A0AE9432944BBEF974FB80.tmp' to '../../../../../../../UE4 Projects/LostScroll/Saved/Autosaves/Game/TopDownBP/InventorySystem/InventoryUI/InventoryWindow_Auto1.uasset'
[2019.09.06-15.39.47:603][330]OBJ SavePackage: Generating thumbnails for [0] asset(s) in package [/Game/TopDownBP/InventorySystem/InventoryUI/InventorySlot] ([1] browsable assets)...
[2019.09.06-15.39.47:603][330]OBJ SavePackage: Finished generating thumbnails for package [/Game/TopDownBP/InventorySystem/InventoryUI/InventorySlot]
[2019.09.06-15.39.47:614][330]LogSavePackage: Moving '../../../../../../../UE4 Projects/LostScroll/Saved/InventorySlot_Auto17404F9CD439C11C743B01FABB7B1DBA8.tmp' to '../../../../../../../UE4 Projects/LostScroll/Saved/Autosaves/Game/TopDownBP/InventorySystem/InventoryUI/InventorySlot_Auto1.uasset'
[2019.09.06-15.39.47:614][330]LogFileHelpers: Auto-saving content packages took 0.032
[2019.09.06-15.39.59:256][ 98]LogAssetEditorManager: Opening Asset editor for Blueprint /Game/TopDownBP/Blueprints/TopDownController.TopDownController
[2019.09.06-15.39.59:695][ 98]LogContentBrowser: Native class hierarchy updated for 'BlueprintGraph' in 0.0006 seconds. Added 121 classes and 0 folders.
[2019.09.06-15.40.00:653][ 98]LogSlate: Took 0.004096 seconds to synchronously load lazily loaded font '../../../Engine/Content/Slate/Fonts/Roboto-BoldCondensed.ttf' (158K)
[2019.09.06-15.40.00:752][ 99]LogSlate: Took 0.003840 seconds to synchronously load lazily loaded font '../../../Engine/Content/Slate/Fonts/Roboto-Italic.ttf' (157K)
[2019.09.06-15.41.11:894][317]LogBlueprintActionDatabase: Requesting refresh due to module change: ExternalImagePicker (loaded)
[2019.09.06-15.41.12:848][317]LogSlate: Only BGRA pngs, bmps or icos are supported in by External Image Picker
[2019.09.06-15.44.05:837][539]BlueprintLog: New page: Compile TopDownController
[2019.09.06-15.44.06:115][539]LogUObjectHash: Compacting FUObjectHashTables data took   6.24ms
[2019.09.06-15.44.06:554][585]Cmd: OBJ SAVEPACKAGE PACKAGE="/Game/TopDownBP/Blueprints/TopDownController" FILE="../../../../../../../UE4 Projects/LostScroll/Content/TopDownBP/Blueprints/TopDownController.uasset" SILENT=true
[2019.09.06-15.44.06:602][585]LogSavePackage: Moving '../../../../../../../UE4 Projects/LostScroll/Saved/TopDownController377DF36E417E17C1AACA54B9B42F1320.tmp' to '../../../../../../../UE4 Projects/LostScroll/Content/TopDownBP/Blueprints/TopDownController.uasset'
[2019.09.06-15.44.24:846][762]LogAssetEditorManager: Opening Asset editor for WidgetBlueprint /Game/TopDownBP/InventorySystem/InventoryUI/HUD.HUD
[2019.09.06-15.44.25:190][762]LogBlueprintActionDatabase: Requesting refresh due to module change: SequencerWidgets (loaded)
[2019.09.06-15.44.27:837][ 35]LogSlate: Window 'HUD' being destroyed
[2019.09.06-15.44.47:531][392]LogAssetEditorManager: Opening Asset editor for WidgetBlueprint /Game/TopDownBP/InventorySystem/InventoryUI/InventorySlot.InventorySlot
[2019.09.06-15.46.22:849][ 84]LogSlate: Window 'Color Picker' being destroyed
[2019.09.06-15.46.28:243][730]LogSlate: Window 'Color Picker' being destroyed
[2019.09.06-15.49.21:623][961]LogSlate: Took 0.004554 seconds to synchronously load lazily loaded font '../../../Engine/Content/Slate/Fonts/Roboto-BoldCondensedItalic.ttf' (160K)
[2019.09.06-15.51.11:759][849]LogBlueprint: Warning: [Compiler InventorySlot] Variable SlotIndex is marked as 'Expose on Spawn' but not marked as 'Editable'; please make it 'Editable'
[2019.09.06-15.51.11:759][849]LogBlueprint: Warning: [Compiler InventorySlot] [3652.72] Compile of InventorySlot successful, but with 1 Warning(s) [in 0 ms] (/Game/TopDownBP/InventorySystem/InventoryUI/InventorySlot.InventorySlot)
[2019.09.06-15.51.22:452][304]BlueprintLog: New page: Compile InventorySlot
[2019.09.06-15.51.22:527][304]LogUObjectHash: Compacting FUObjectHashTables data took   7.26ms
[2019.09.06-15.51.27:289][871]LogSavePackage: Moving '../../../../../../../UE4 Projects/LostScroll/Saved/InventorySlot9DA30B2548D4B01BEE608AA9CEED1BF2.tmp' to '../../../../../../../UE4 Projects/LostScroll/Content/TopDownBP/InventorySystem/InventoryUI/InventorySlot.uasset'
[2019.09.06-15.51.30:095][206]BlueprintLog: New page: Compile HUD
[2019.09.06-15.51.30:156][206]LogUObjectHash: Compacting FUObjectHashTables data took   5.79ms
[2019.09.06-15.51.30:622][256]Cmd: OBJ SAVEPACKAGE PACKAGE="/Game/TopDownBP/InventorySystem/InventoryUI/HUD" FILE="../../../../../../../UE4 Projects/LostScroll/Content/TopDownBP/InventorySystem/InventoryUI/HUD.uasset" SILENT=true
[2019.09.06-15.51.30:632][256]LogSavePackage: Moving '../../../../../../../UE4 Projects/LostScroll/Saved/HUDC52A627C4C3403CBE093DBBEF0A4BAEC.tmp' to '../../../../../../../UE4 Projects/LostScroll/Content/TopDownBP/InventorySystem/InventoryUI/HUD.uasset'
[2019.09.06-15.51.37:978][134]LogAssetEditorManager: Opening Asset editor for WidgetBlueprint /Game/TopDownBP/InventorySystem/InventoryUI/InventoryWindow.InventoryWindow
[2019.09.06-15.52.48:605][837]LogUObjectHash: Compacting FUObjectHashTables data took   4.92ms
[2019.09.06-15.52.48:605][837]LogFileHelpers: Editor autosave (incl. sublevels) for '/Temp/Untitled_0' took 0.048
[2019.09.06-15.52.48:606][837]OBJ SavePackage: Generating thumbnails for [0] asset(s) in package [/Game/TopDownBP/InventorySystem/InventoryUI/InventoryWindow] ([1] browsable assets)...
[2019.09.06-15.52.48:606][837]OBJ SavePackage: Finished generating thumbnails for package [/Game/TopDownBP/InventorySystem/InventoryUI/InventoryWindow]
[2019.09.06-15.52.48:617][837]LogSavePackage: Moving '../../../../../../../UE4 Projects/LostScroll/Saved/InventoryWindow_Auto29C76940144822E3B6C083FADC0DDE4D6.tmp' to '../../../../../../../UE4 Projects/LostScroll/Saved/Autosaves/Game/TopDownBP/InventorySystem/InventoryUI/InventoryWindow_Auto2.uasset'
[2019.09.06-15.52.48:617][837]LogFileHelpers: Auto-saving content packages took 0.011
[2019.09.06-15.53.49:601][217]LogSlate: Window 'Color Picker' being destroyed
[2019.09.06-15.55.21:374][599]LogSlate: Took 0.005386 seconds to synchronously load lazily loaded font '../../../Engine/Content/Slate/Fonts/DroidSansFallback.ttf' (3848K)
[2019.09.06-15.56.16:037][149]BlueprintLog: New page: Compile InventoryWindow
[2019.09.06-15.56.16:091][149]LogUObjectHash: Compacting FUObjectHashTables data took   4.47ms
[2019.09.06-15.56.16:545][193]LogSavePackage: Moving '../../../../../../../UE4 Projects/LostScroll/Saved/InventoryWindow671597744C5963AD2B27F885447CE53D.tmp' to '../../../../../../../UE4 Projects/LostScroll/Content/TopDownBP/InventorySystem/InventoryUI/InventoryWindow.uasset'
[2019.09.06-15.57.52:886][285]BlueprintLog: New page: Compile InventorySlot
[2019.09.06-15.57.52:938][285]LogUObjectHash: Compacting FUObjectHashTables data took   4.58ms
[2019.09.06-15.57.53:611][360]LogSavePackage: Moving '../../../../../../../UE4 Projects/LostScroll/Saved/InventorySlot5942B8D54BDB30F5EE170886732F49C3.tmp' to '../../../../../../../UE4 Projects/LostScroll/Content/TopDownBP/InventorySystem/InventoryUI/InventorySlot.uasset'
[2019.09.06-15.58.20:814][788]LogBlueprint: Warning: [Compiler InventoryWindow] Variable Inventory is marked as 'Expose on Spawn' but not marked as 'Editable'; please make it 'Editable'
[2019.09.06-15.58.20:814][788]LogBlueprint: Warning: [Compiler InventoryWindow] [4081.78] Compile of InventoryWindow successful, but with 1 Warning(s) [in 0 ms] (/Game/TopDownBP/InventorySystem/InventoryUI/InventoryWindow.InventoryWindow)
[2019.09.06-15.59.03:590][ 51]LogSavePackage: Moving '../../../../../../../UE4 Projects/LostScroll/Saved/InventoryWindowD6118F704AEC23686EC6579E189B9D50.tmp' to '../../../../../../../UE4 Projects/LostScroll/Content/TopDownBP/InventorySystem/InventoryUI/InventoryWindow.uasset'
[2019.09.06-15.59.04:334][139]BlueprintLog: New page: Compile InventoryWindow
[2019.09.06-15.59.04:382][139]LogUObjectHash: Compacting FUObjectHashTables data took   4.33ms
[2019.09.06-15.59.05:434][254]LogSavePackage: Moving '../../../../../../../UE4 Projects/LostScroll/Saved/InventoryWindow224C4A314B37B507AC173B98A710CA68.tmp' to '../../../../../../../UE4 Projects/LostScroll/Content/TopDownBP/InventorySystem/InventoryUI/InventoryWindow.uasset'
[2019.09.06-15.59.07:635][516]LogBlueprint: Error: [Compiler InventoryWindow] Internal Compiler Error: Tried to create a property InventoryTitle in scope SKEL_InventoryWindow_C, but another object (TextProperty InventoryTitle) already exists there.
[2019.09.06-15.59.07:635][516]LogBlueprint: Warning: [Compiler InventoryWindow] [4128.60] Compile of InventoryWindow failed. 1 Fatal Issue(s) 0 Warning(s) [in 0 ms] (/Game/TopDownBP/InventorySystem/InventoryUI/InventoryWindow.InventoryWindow)
[2019.09.06-15.59.13:625][682]BlueprintLog: New page: Compile InventoryWindow
[2019.09.06-15.59.13:625][682]LogBlueprint: Error: [Compiler InventoryWindow] Internal Compiler Error: Tried to create a property InventoryTitle in scope SKEL_InventoryWindow_C, but another object (TextProperty InventoryTitle) already exists there.
[2019.09.06-15.59.13:626][682]LogBlueprint: Error: [Compiler InventoryWindow] Internal Compiler Error: Tried to create a property InventoryTitle in scope InventoryWindow_C, but another object (TextProperty InventoryTitle) already exists there.
[2019.09.06-15.59.13:694][682]LogUObjectHash: Compacting FUObjectHashTables data took   4.29ms
[2019.09.06-15.59.13:735][682]LogBlueprint: Warning: [Compiler InventoryWindow] [4134.70] Compile of InventoryWindow failed. 2 Fatal Issue(s) 0 Warning(s) [in 110 ms] (/Game/TopDownBP/InventorySystem/InventoryUI/InventoryWindow.InventoryWindow)
[2019.09.06-15.59.14:172][728]LogSavePackage: Moving '../../../../../../../UE4 Projects/LostScroll/Saved/InventoryWindowAA107BF04B6ACBE5C9709E978540BB2F.tmp' to '../../../../../../../UE4 Projects/LostScroll/Content/TopDownBP/InventorySystem/InventoryUI/InventoryWindow.uasset'
[2019.09.06-15.59.19:837][856]BlueprintLog: New page: Compile InventoryWindow
[2019.09.06-15.59.19:838][856]LogBlueprint: Error: [Compiler InventoryWindow] Internal Compiler Error: Tried to create a property InventoryTitle in scope SKEL_InventoryWindow_C, but another object (TextProperty InventoryTitle) already exists there.
[2019.09.06-15.59.19:838][856]LogBlueprint: Error: [Compiler InventoryWindow] Internal Compiler Error: Tried to create a property InventoryTitle in scope InventoryWindow_C, but another object (TextProperty InventoryTitle) already exists there.
[2019.09.06-15.59.19:886][856]LogUObjectHash: Compacting FUObjectHashTables data took   4.32ms
[2019.09.06-15.59.19:927][856]LogBlueprint: Warning: [Compiler InventoryWindow] [4140.89] Compile of InventoryWindow failed. 2 Fatal Issue(s) 0 Warning(s) [in 90 ms] (/Game/TopDownBP/InventorySystem/InventoryUI/InventoryWindow.InventoryWindow)
[2019.09.06-16.00.12:325][772]BlueprintLog: New page: Compile InventoryWindow
[2019.09.06-16.00.12:343][772]LogBlueprint: Error: [Compiler InventoryWindow] Binding: Property ' Text Delegate ' on Widget ' InventoryTitle ': Member:InventoryTitle Unable to bind Object Property, unsupported type.
[2019.09.06-16.00.12:395][772]LogUObjectHash: Compacting FUObjectHashTables data took   4.31ms
[2019.09.06-16.00.12:401][772]LogBlueprint: Warning: [Compiler InventoryWindow] [4193.36] Compile of InventoryWindow failed. 1 Fatal Issue(s) 0 Warning(s) [in 75 ms] (/Game/TopDownBP/InventorySystem/InventoryUI/InventoryWindow.InventoryWindow)
[2019.09.06-16.00.20:296][704]BlueprintLog: New page: Compile InventoryWindow
[2019.09.06-16.00.20:348][704]LogUObjectHash: Compacting FUObjectHashTables data took   4.40ms
[2019.09.06-16.00.20:961][766]LogSavePackage: Moving '../../../../../../../UE4 Projects/LostScroll/Saved/InventoryWindow67542A754E35AE46DB93AC8E0C47C4D0.tmp' to '../../../../../../../UE4 Projects/LostScroll/Content/TopDownBP/InventorySystem/InventoryUI/InventoryWindow.uasset'
[2019.09.06-16.02.16:879][592]LogSlate: Prevented a slow task dialog from being summoned while a context menu was open
[2019.09.06-16.04.55:717][ 97]BlueprintLog: New page: Compile InventoryWindow
[2019.09.06-16.04.55:773][ 97]LogUObjectHash: Compacting FUObjectHashTables data took   4.82ms
[2019.09.06-16.04.56:690][195]LogSavePackage: Moving '../../../../../../../UE4 Projects/LostScroll/Saved/InventoryWindow514EA31548E09B981F0E0AB4F26837E4.tmp' to '../../../../../../../UE4 Projects/LostScroll/Content/TopDownBP/InventorySystem/InventoryUI/InventoryWindow.uasset'
[2019.09.06-16.09.25:611][544]BlueprintLog: New page: Compile InventoryWindow
[2019.09.06-16.09.25:615][544]LogBlueprint: Error: [Compiler InventoryWindow] This blueprint (self) is not a GridSlot, therefore ' Target ' must have a connection.
[2019.09.06-16.09.25:615][544]LogBlueprint: Error: [Compiler InventoryWindow] This blueprint (self) is not a GridSlot, therefore ' Target ' must have a connection.
[2019.09.06-16.09.25:667][544]LogUObjectHash: Compacting FUObjectHashTables data took   4.92ms
[2019.09.06-16.09.25:674][544]LogBlueprint: Warning: [Compiler InventoryWindow] [4746.64] Compile of InventoryWindow failed. 2 Fatal Issue(s) 0 Warning(s) [in 62 ms] (/Game/TopDownBP/InventorySystem/InventoryUI/InventoryWindow.InventoryWindow)
[2019.09.06-16.09.48:549][441]BlueprintLog: New page: Compile InventoryWindow
[2019.09.06-16.09.48:606][441]LogUObjectHash: Compacting FUObjectHashTables data took   4.49ms
[2019.09.06-16.09.49:127][496]LogSavePackage: Moving '../../../../../../../UE4 Projects/LostScroll/Saved/InventoryWindow90B318144371C5B92539F6B1FE029DF1.tmp' to '../../../../../../../UE4 Projects/LostScroll/Content/TopDownBP/InventorySystem/InventoryUI/InventoryWindow.uasset'
[2019.09.06-16.10.11:625][467]LogTemp: Repeating last play command: Selected Viewport
[2019.09.06-16.10.11:669][467]LogPlayLevel: PlayLevel: No blueprints needed recompiling
[2019.09.06-16.10.11:670][467]PIE: New page: PIE session: Untitled_0 (Sep 7, 2019, 8:10:11 AM)
[2019.09.06-16.10.11:682][467]LogPlayLevel: Creating play world package: /Temp/UEDPIE_0_Untitled_0
[2019.09.06-16.10.11:682][467]LogPlayLevel: PIE: StaticDuplicateObject took: (0.000580s)
[2019.09.06-16.10.11:683][467]LogAIModule: Creating AISystem for world Untitled
[2019.09.06-16.10.11:683][467]LogPlayLevel: PIE: World Init took: (0.000559s)
[2019.09.06-16.10.11:683][467]LogPlayLevel: PIE: Created PIE world by copying editor world from /Temp/Untitled_0.Untitled to /Temp/UEDPIE_0_Untitled_0.Untitled (0.001325s)
[2019.09.06-16.10.11:733][467]LogUObjectHash: Compacting FUObjectHashTables data took   4.20ms
[2019.09.06-16.10.11:751][467]LogInit: XAudio2 using 'Speakers (High Definition Audio Device)' : 2 channels at 48 kHz using 16 bits per sample (channel mask 0x3)
[2019.09.06-16.10.11:761][467]LogInit: FAudioDevice initialized.
[2019.09.06-16.10.11:798][467]LogLoad: Game class is 'TopDownGameMode_C'
[2019.09.06-16.10.11:798][467]LogWorld: Bringing World /Temp/UEDPIE_0_Untitled_0.Untitled up for play (max tick rate 0) at 2019.09.07-00.10.11
[2019.09.06-16.10.11:799][467]LogWorld: Bringing up level for play took: 0.000290
[2019.09.06-16.10.11:852][467]LogBlueprintActionDatabase: Requesting refresh due to module change: Voice (loaded)
[2019.09.06-16.10.11:889][467]LogBlueprintActionDatabase: Requesting refresh due to module change: MovieSceneCapture (loaded)
[2019.09.06-16.10.11:890][467]LogContentBrowser: Native class hierarchy updated for 'MovieSceneCapture' in 0.0004 seconds. Added 20 classes and 0 folders.
[2019.09.06-16.10.11:898][467]PIE: Play in editor start time for /Temp/UEDPIE_0_Untitled_0 1
[2019.09.06-16.10.15:640][861]LogSlate: Updating window title bar state: overlay mode, drag disabled, window buttons hidden, title bar hidden
[2019.09.06-16.10.15:666][861]LogPlayLevel: Display: Shutting down PIE online subsystems
[2019.09.06-16.10.15:721][861]LogSlate: Updating window title bar state: overlay mode, drag disabled, window buttons hidden, title bar hidden
[2019.09.06-16.10.15:747][861]LogUObjectHash: Compacting FUObjectHashTables data took   6.50ms
[2019.09.06-16.10.15:759][862]LogPlayLevel: Display: Destroying online subsystem :Context_10
[2019.09.06-16.11.56:133][871]LogAIModule: Creating AISystem for world GameWorld
[2019.09.06-16.11.56:162][871]LogAssetEditorManager: Opening Asset editor for World /Game/TopDownBP/Maps/GameWorld.GameWorld
[2019.09.06-16.11.56:218][871]LogUObjectHash: Compacting FUObjectHashTables data took   5.38ms
[2019.09.06-16.11.56:219][871]Cmd: MAP LOAD FILE="../../../../../../../UE4 Projects/LostScroll/Content/TopDownBP/Maps/GameWorld.umap" TEMPLATE=0 SHOWPROGRESS=1 FEATURELEVEL=3
[2019.09.06-16.11.56:219][871]LightingResults: New page: Lighting Build
[2019.09.06-16.11.56:257][871]LogBlueprintActionDatabase: Requesting refresh due to module change: StatsViewer (loaded)
[2019.09.06-16.11.56:257][871]LogContentBrowser: Native class hierarchy updated for 'StatsViewer' in 0.0003 seconds. Added 5 classes and 0 folders.
[2019.09.06-16.11.56:260][871]LoadErrors: New page: Loading map: GameWorld.umap
[2019.09.06-16.11.56:260][871]MapCheck: New page: Map Check
[2019.09.06-16.11.56:260][871]LightingResults: New page: Lighting Build
[2019.09.06-16.11.56:313][871]LogUObjectHash: Compacting FUObjectHashTables data took   4.33ms
[2019.09.06-16.11.56:434][871]LogEditorServer: Finished looking for orphan Actors (0.000 secs)
[2019.09.06-16.11.56:484][871]LogUObjectHash: Compacting FUObjectHashTables data took   4.09ms
[2019.09.06-16.11.56:514][871]Cmd: MAP CHECKDEP NOCLEARLOG
[2019.09.06-16.11.56:514][871]MapCheck: Map check complete: 0 Error(s), 0 Warning(s), took 0.08ms to complete.
[2019.09.06-16.11.56:514][871]LogFileHelpers: Loading map 'GameWorld' took 0.296
[2019.09.06-16.11.59:298][148]LogTemp: Repeating last play command: Selected Viewport
[2019.09.06-16.11.59:333][148]LogBlueprintUserMessages: Early PlayInEditor Detection: Level '/Game/TopDownBP/Maps/GameWorld.GameWorld:PersistentLevel' has LevelScriptBlueprint '/Game/TopDownBP/Maps/GameWorld.GameWorld:PersistentLevel.GameWorld' with GeneratedClass '/Game/TopDownBP/Maps/GameWorld.GameWorld_C' with ClassGeneratedBy '/Game/TopDownBP/Maps/GameWorld.GameWorld:PersistentLevel.GameWorld'
[2019.09.06-16.11.59:333][148]LogPlayLevel: PlayLevel: No blueprints needed recompiling
[2019.09.06-16.11.59:334][148]PIE: New page: PIE session: GameWorld (Sep 7, 2019, 8:11:59 AM)
[2019.09.06-16.11.59:334][148]LogPlayLevel: Creating play world package: /Game/TopDownBP/Maps/UEDPIE_0_GameWorld
[2019.09.06-16.11.59:346][148]LogPlayLevel: PIE: StaticDuplicateObject took: (0.012610s)
[2019.09.06-16.11.59:347][148]LogAIModule: Creating AISystem for world GameWorld
[2019.09.06-16.11.59:347][148]LogPlayLevel: PIE: World Init took: (0.000554s)
[2019.09.06-16.11.59:347][148]LogPlayLevel: PIE: Created PIE world by copying editor world from /Game/TopDownBP/Maps/GameWorld.GameWorld to /Game/TopDownBP/Maps/UEDPIE_0_GameWorld.GameWorld (0.013387s)
[2019.09.06-16.11.59:425][148]LogUObjectHash: Compacting FUObjectHashTables data took   7.92ms
[2019.09.06-16.11.59:443][148]LogInit: XAudio2 using 'Speakers (High Definition Audio Device)' : 2 channels at 48 kHz using 16 bits per sample (channel mask 0x3)
[2019.09.06-16.11.59:453][148]LogInit: FAudioDevice initialized.
[2019.09.06-16.11.59:481][148]LogLoad: Game class is 'TopDownGameMode_C'
[2019.09.06-16.11.59:483][148]LogWorld: Bringing World /Game/TopDownBP/Maps/UEDPIE_0_GameWorld.GameWorld up for play (max tick rate 0) at 2019.09.07-00.11.59
[2019.09.06-16.11.59:483][148]LogWorld: Bringing up level for play took: 0.001957
[2019.09.06-16.11.59:496][148]PIE: Play in editor start time for /Game/TopDownBP/Maps/UEDPIE_0_GameWorld 0.598
[2019.09.06-16.11.59:496][148]LogBlueprintUserMessages: Late PlayInEditor Detection: Level '/Game/TopDownBP/Maps/GameWorld.GameWorld:PersistentLevel' has LevelScriptBlueprint '/Game/TopDownBP/Maps/GameWorld.GameWorld:PersistentLevel.GameWorld' with GeneratedClass '/Game/TopDownBP/Maps/GameWorld.GameWorld_C' with ClassGeneratedBy '/Game/TopDownBP/Maps/GameWorld.GameWorld:PersistentLevel.GameWorld'
[2019.09.06-16.12.17:170][241]LogBlueprintUserMessages: Early EndPlayMap Detection: Level '/Game/TopDownBP/Maps/GameWorld.GameWorld:PersistentLevel' has LevelScriptBlueprint '/Game/TopDownBP/Maps/GameWorld.GameWorld:PersistentLevel.GameWorld' with GeneratedClass '/Game/TopDownBP/Maps/GameWorld.GameWorld_C' with ClassGeneratedBy '/Game/TopDownBP/Maps/GameWorld.GameWorld:PersistentLevel.GameWorld'
[2019.09.06-16.12.17:170][241]LogSlate: Updating window title bar state: overlay mode, drag disabled, window buttons hidden, title bar hidden
[2019.09.06-16.12.17:198][241]LogPlayLevel: Display: Shutting down PIE online subsystems
[2019.09.06-16.12.17:198][241]LogBlueprintUserMessages: Late EndPlayMap Detection: Level '/Game/TopDownBP/Maps/GameWorld.GameWorld:PersistentLevel' has LevelScriptBlueprint '/Game/TopDownBP/Maps/GameWorld.GameWorld:PersistentLevel.GameWorld' with GeneratedClass '/Game/TopDownBP/Maps/GameWorld.GameWorld_C' with ClassGeneratedBy '/Game/TopDownBP/Maps/GameWorld.GameWorld:PersistentLevel.GameWorld'
[2019.09.06-16.12.17:253][241]LogSlate: Updating window title bar state: overlay mode, drag disabled, window buttons hidden, title bar hidden
[2019.09.06-16.12.17:278][241]LogUObjectHash: Compacting FUObjectHashTables data took   5.34ms
[2019.09.06-16.12.17:301][242]LogPlayLevel: Display: Destroying online subsystem :Context_11
[2019.09.06-16.12.31:779][723]LogSlate: FSceneViewport::OnFocusLost() reason 0
[2019.09.06-16.12.45:354][323]LogAssetEditorManager: Opening Asset editor for Blueprint /Game/TopDownBP/InventorySystem/InventoryComponent.InventoryComponent
[2019.09.06-16.13.14:613][ 12]LogSlate: Prevented a slow task dialog from being summoned while a context menu was open
[2019.09.06-16.17.15:264][ 44]BlueprintLog: New page: Compile TopDownController
[2019.09.06-16.17.15:620][ 44]LogUObjectHash: Compacting FUObjectHashTables data took   6.25ms
[2019.09.06-16.17.16:334][122]Cmd: OBJ SAVEPACKAGE PACKAGE="/Game/TopDownBP/Blueprints/TopDownController" FILE="../../../../../../../UE4 Projects/LostScroll/Content/TopDownBP/Blueprints/TopDownController.uasset" SILENT=true
[2019.09.06-16.17.16:381][122]LogSavePackage: Moving '../../../../../../../UE4 Projects/LostScroll/Saved/TopDownControllerE172FF7F4756A35B2DDE8EBD1CB08C08.tmp' to '../../../../../../../UE4 Projects/LostScroll/Content/TopDownBP/Blueprints/TopDownController.uasset'
[2019.09.06-16.17.21:785][765]BlueprintLog: New page: Compile InventoryComponent
[2019.09.06-16.17.22:134][765]LogUObjectHash: Compacting FUObjectHashTables data took   6.03ms
[2019.09.06-16.19.42:049][570]BlueprintLog: New page: Compile TopDownController
[2019.09.06-16.19.42:402][570]LogUObjectHash: Compacting FUObjectHashTables data took   5.93ms
[2019.09.06-16.19.42:889][622]Cmd: OBJ SAVEPACKAGE PACKAGE="/Game/TopDownBP/Blueprints/TopDownController" FILE="../../../../../../../UE4 Projects/LostScroll/Content/TopDownBP/Blueprints/TopDownController.uasset" SILENT=true
[2019.09.06-16.19.42:932][622]LogSavePackage: Moving '../../../../../../../UE4 Projects/LostScroll/Saved/TopDownController9860B93C4CD5378D25F52585E6113C52.tmp' to '../../../../../../../UE4 Projects/LostScroll/Content/TopDownBP/Blueprints/TopDownController.uasset'
[2019.09.06-16.22.14:197][475]LogUObjectHash: Compacting FUObjectHashTables data took   6.06ms
[2019.09.06-16.22.14:566][475]LogSavePackage: Moving '../../../../../../../UE4 Projects/LostScroll/Saved/GameWorld_Auto343B3A5BD4DF1A5132745D0B896CD945C.tmp' to '../../../../../../../UE4 Projects/LostScroll/Saved/Autosaves/Game/TopDownBP/Maps/GameWorld_Auto3.umap'
[2019.09.06-16.22.14:568][475]LogFileHelpers: Editor autosave (incl. sublevels) for '/Game/TopDownBP/Maps/GameWorld' took 0.424
[2019.09.06-16.22.14:568][475]LogFileHelpers: Editor autosave (incl. sublevels) for all levels took 0.424
[2019.09.06-16.22.14:569][475]OBJ SavePackage: Generating thumbnails for [0] asset(s) in package [/Game/TopDownBP/InventorySystem/InventoryComponent] ([1] browsable assets)...
[2019.09.06-16.22.14:569][475]OBJ SavePackage: Finished generating thumbnails for package [/Game/TopDownBP/InventorySystem/InventoryComponent]
[2019.09.06-16.22.14:589][475]LogSavePackage: Moving '../../../../../../../UE4 Projects/LostScroll/Saved/InventoryComponent_Auto35A903DA7423240C7FBB0A684BBE0E3A8.tmp' to '../../../../../../../UE4 Projects/LostScroll/Saved/Autosaves/Game/TopDownBP/InventorySystem/InventoryComponent_Auto3.uasset'
[2019.09.06-16.22.14:590][475]LogFileHelpers: Auto-saving content packages took 0.020
[2019.09.06-16.22.41:003][668]LogSlate: Only BGRA pngs, bmps or icos are supported in by External Image Picker
[2019.09.06-16.22.46:243][269]LogSlate: Prevented a slow task dialog from being summoned while a context menu was open
[2019.09.06-16.24.27:654][968]LogHttp: Warning: 00000247A6489A80: request failed, libcurl error: 56 (Failure when receiving data from the peer)
[2019.09.06-16.24.27:654][968]LogHttp: Warning: 00000247A6489A80: libcurl info message cache 0 (Found bundle for host datarouter.ol.epicgames.com: 0x247e0debf70 [can pipeline])
[2019.09.06-16.24.27:654][968]LogHttp: Warning: 00000247A6489A80: libcurl info message cache 1 (Re-using existing connection! (#43) with host datarouter.ol.epicgames.com)
[2019.09.06-16.24.27:654][968]LogHttp: Warning: 00000247A6489A80: libcurl info message cache 2 (Connected to datarouter.ol.epicgames.com (18.214.253.233) port 443 (#43))
[2019.09.06-16.24.27:654][968]LogHttp: Warning: 00000247A6489A80: libcurl info message cache 3 (We are completely uploaded and fine)
[2019.09.06-16.24.27:654][968]LogHttp: Warning: 00000247A6489A80: libcurl info message cache 4 (OpenSSL SSL_read: SSL_ERROR_SYSCALL, errno 10054)
[2019.09.06-16.24.27:654][968]LogHttp: Warning: 00000247A6489A80: libcurl info message cache 5 (Connection died, retrying a fresh connect)
[2019.09.06-16.24.27:654][968]LogHttp: Warning: 00000247A6489A80: libcurl info message cache 6 (necessary data rewind wasn't possible)
[2019.09.06-16.24.27:654][968]LogHttp: Warning: 00000247A6489A80: libcurl info message cache 7 (Closing connection 43)
[2019.09.06-16.24.27:655][968]LogHttp: Warning: Retry exhausted on https://datarouter.ol.epicgames.com/datarouter/api/v1/public/data?SessionID=%7BA05D1A05-45BD-5666-15F8-64953DE70E89%7D&AppID=UEEditor.Rocket.Release&AppVersion=4.22.3-7053642%2B%2B%2BUE4%2BRelease-4.22&UserID=7818649c42afc6f735ac88840a2ff1de%7C54728c0458b94968860719ab7f8ad3a5%7C8053d41c-71cb-45ed-8ed3-89741f0bad49&AppEnvironment=datacollector-binary&UploadType=eteventstream
[2019.09.06-16.25.43:539][168]LogAssetEditorManager: Opening Asset editor for WidgetBlueprint /Game/TopDownBP/InventorySystem/InventoryUI/HUD.HUD
[2019.09.06-16.25.50:854][997]BlueprintLog: New page: Compile HUD
[2019.09.06-16.25.51:231][997]LogUObjectHash: Compacting FUObjectHashTables data took   7.78ms
[2019.09.06-16.25.51:805][ 60]Cmd: OBJ SAVEPACKAGE PACKAGE="/Game/TopDownBP/InventorySystem/InventoryUI/HUD" FILE="../../../../../../../UE4 Projects/LostScroll/Content/TopDownBP/InventorySystem/InventoryUI/HUD.uasset" SILENT=true
[2019.09.06-16.25.51:821][ 60]LogSavePackage: Moving '../../../../../../../UE4 Projects/LostScroll/Saved/HUD0592157F45084CE0B993B9AEF8F1DD37.tmp' to '../../../../../../../UE4 Projects/LostScroll/Content/TopDownBP/InventorySystem/InventoryUI/HUD.uasset'
[2019.09.06-16.26.44:990][246]BlueprintLog: New page: Compile InventoryComponent
[2019.09.06-16.26.45:360][246]LogUObjectHash: Compacting FUObjectHashTables data took   6.98ms
[2019.09.06-16.26.46:145][332]LogSavePackage: Moving '../../../../../../../UE4 Projects/LostScroll/Saved/InventoryComponent2184DD1B4CA222CBAA906FBA931809C5.tmp' to '../../../../../../../UE4 Projects/LostScroll/Content/TopDownBP/InventorySystem/InventoryComponent.uasset'
[2019.09.06-16.27.04:101][470]LogAssetEditorManager: Opening Asset editor for Blueprint /Game/TopDownBP/Blueprints/TopDownCharacter.TopDownCharacter
[2019.09.06-16.28.18:172][412]LogSlate: Only BGRA pngs, bmps or icos are supported in by External Image Picker
[2019.09.06-16.30.05:474][975]BlueprintLog: New page: Compile TopDownCharacter
[2019.09.06-16.30.05:809][975]LogUObjectHash: Compacting FUObjectHashTables data took   5.30ms
[2019.09.06-16.30.06:228][ 14]BlueprintLog: New page: Compile TopDownCharacter
[2019.09.06-16.30.06:555][ 14]LogUObjectHash: Compacting FUObjectHashTables data took   5.16ms
[2019.09.06-16.30.06:819][ 34]Cmd: OBJ SAVEPACKAGE PACKAGE="/Game/TopDownBP/Blueprints/TopDownCharacter" FILE="../../../../../../../UE4 Projects/LostScroll/Content/TopDownBP/Blueprints/TopDownCharacter.uasset" SILENT=true
[2019.09.06-16.30.06:887][ 34]LogSavePackage: Moving '../../../../../../../UE4 Projects/LostScroll/Saved/TopDownCharacter1FD2EA914D8C8E2C3D7E458C68970139.tmp' to '../../../../../../../UE4 Projects/LostScroll/Content/TopDownBP/Blueprints/TopDownCharacter.uasset'
[2019.09.06-16.30.10:692][487]LogTemp: Repeating last play command: Selected Viewport
[2019.09.06-16.30.10:742][487]LogBlueprintUserMessages: Early PlayInEditor Detection: Level '/Game/TopDownBP/Maps/GameWorld.GameWorld:PersistentLevel' has LevelScriptBlueprint '/Game/TopDownBP/Maps/GameWorld.GameWorld:PersistentLevel.GameWorld' with GeneratedClass '/Game/TopDownBP/Maps/GameWorld.GameWorld_C' with ClassGeneratedBy '/Game/TopDownBP/Maps/GameWorld.GameWorld:PersistentLevel.GameWorld'
[2019.09.06-16.30.10:742][487]LogPlayLevel: PlayLevel: No blueprints needed recompiling
[2019.09.06-16.30.10:742][487]PIE: New page: PIE session: GameWorld (Sep 7, 2019, 8:30:10 AM)
[2019.09.06-16.30.10:742][487]LogPlayLevel: Creating play world package: /Game/TopDownBP/Maps/UEDPIE_0_GameWorld
[2019.09.06-16.30.10:753][487]LogPlayLevel: PIE: StaticDuplicateObject took: (0.010385s)
[2019.09.06-16.30.10:753][487]LogAIModule: Creating AISystem for world GameWorld
[2019.09.06-16.30.10:753][487]LogPlayLevel: PIE: World Init took: (0.000526s)
[2019.09.06-16.30.10:753][487]LogPlayLevel: PIE: Created PIE world by copying editor world from /Game/TopDownBP/Maps/GameWorld.GameWorld to /Game/TopDownBP/Maps/UEDPIE_0_GameWorld.GameWorld (0.011043s)
[2019.09.06-16.30.10:808][487]LogUObjectHash: Compacting FUObjectHashTables data took   4.79ms
[2019.09.06-16.30.10:825][487]LogInit: XAudio2 using 'Speakers (High Definition Audio Device)' : 2 channels at 48 kHz using 16 bits per sample (channel mask 0x3)
[2019.09.06-16.30.10:835][487]LogInit: FAudioDevice initialized.
[2019.09.06-16.30.10:866][487]LogLoad: Game class is 'TopDownGameMode_C'
[2019.09.06-16.30.10:868][487]LogWorld: Bringing World /Game/TopDownBP/Maps/UEDPIE_0_GameWorld.GameWorld up for play (max tick rate 0) at 2019.09.07-00.30.10
[2019.09.06-16.30.10:868][487]LogWorld: Bringing up level for play took: 0.001939
[2019.09.06-16.30.10:881][487]PIE: Play in editor start time for /Game/TopDownBP/Maps/UEDPIE_0_GameWorld -0.017
[2019.09.06-16.30.10:881][487]LogBlueprintUserMessages: Late PlayInEditor Detection: Level '/Game/TopDownBP/Maps/GameWorld.GameWorld:PersistentLevel' has LevelScriptBlueprint '/Game/TopDownBP/Maps/GameWorld.GameWorld:PersistentLevel.GameWorld' with GeneratedClass '/Game/TopDownBP/Maps/GameWorld.GameWorld_C' with ClassGeneratedBy '/Game/TopDownBP/Maps/GameWorld.GameWorld:PersistentLevel.GameWorld'
[2019.09.06-16.30.13:587][789]LogScript: Warning: Attempted to access index 0 from array Inventory of length 0!
	InventoryWindow_C /Engine/Transient.UnrealEdEngine_0:GameInstance_2.InventoryWindow_C_0
	Function /Game/TopDownBP/InventorySystem/InventoryUI/InventoryWindow.InventoryWindow_C:ExecuteUbergraph_InventoryWindow:00E6
[2019.09.06-16.30.13:588][789]PIE: Error: Blueprint Runtime Error: "Attempted to access index 0 from array Inventory of length 0!". Blueprint:  InventoryWindow Function:  Execute Ubergraph Inventory Window Graph:  EventGraph Node:  Create Widget
[2019.09.06-16.30.13:593][789]LogOutputDevice: Warning: 

Script Stack (5 frames):
InventoryWindow_C.ExecuteUbergraph_InventoryWindow
InventoryWindow_C.Construct
InventoryComponent_C.ToggleInventory
TopDownCharacter_C.ExecuteUbergraph_TopDownCharacter
TopDownCharacter_C.InpActEvt_ToggleInventory_K2Node_InputActionEvent_0

[2019.09.06-16.30.13:593][789]LogWindows: Windows GetLastError: The operation completed successfully. (0)
[2019.09.06-16.30.27:283][789]LogWindows: Error: === Critical error: ===
[2019.09.06-16.30.27:283][789]LogWindows: Error: 
[2019.09.06-16.30.27:283][789]LogWindows: Error: Assertion failed: Src [File:D:\Build\++UE4\Sync\Engine\Source\Runtime\CoreUObject\Private\UObject\Class.cpp] [Line: 2444] 
[2019.09.06-16.30.27:283][789]LogWindows: Error: 
[2019.09.06-16.30.27:283][789]LogWindows: Error: 
[2019.09.06-16.30.27:283][789]LogWindows: Error: 
[2019.09.06-16.30.27:283][789]LogWindows: Error: [Callstack] 0x00007ffaaa4a9129 KERNELBASE.dll!UnknownFunction []
[2019.09.06-16.30.27:283][789]LogWindows: Error: [Callstack] 0x00007ffa6a001f37 UE4Editor-Core.dll!UnknownFunction []
[2019.09.06-16.30.27:283][789]LogWindows: Error: [Callstack] 0x00007ffa6a0046e7 UE4Editor-Core.dll!UnknownFunction []
[2019.09.06-16.30.27:283][789]LogWindows: Error: [Callstack] 0x00007ffa69e17d1a UE4Editor-Core.dll!UnknownFunction []
[2019.09.06-16.30.27:283][789]LogWindows: Error: [Callstack] 0x00007ffa69d9fe33 UE4Editor-Core.dll!UnknownFunction []
[2019.09.06-16.30.27:283][789]LogWindows: Error: [Callstack] 0x00007ffa69da04d0 UE4Editor-Core.dll!UnknownFunction []
[2019.09.06-16.30.27:283][789]LogWindows: Error: [Callstack] 0x00007ffa5cf95527 UE4Editor-CoreUObject.dll!UnknownFunction []
[2019.09.06-16.30.27:283][789]LogWindows: Error: [Callstack] 0x00007ffa53b16cda UE4Editor-Engine.dll!UnknownFunction []
[2019.09.06-16.30.27:283][789]LogWindows: Error: [Callstack] 0x00007ffa533e8916 UE4Editor-Engine.dll!UnknownFunction []
[2019.09.06-16.30.27:283][789]LogWindows: Error: [Callstack] 0x00007ffa5cfabac8 UE4Editor-CoreUObject.dll!UnknownFunction []
[2019.09.06-16.30.27:283][789]LogWindows: Error: [Callstack] 0x00007ffa5d1a00e2 UE4Editor-CoreUObject.dll!UnknownFunction []
[2019.09.06-16.30.27:283][789]LogWindows: Error: [Callstack] 0x00007ffa5d1bcbc1 UE4Editor-CoreUObject.dll!UnknownFunction []
[2019.09.06-16.30.27:283][789]LogWindows: Error: [Callstack] 0x00007ffa5d1be98d UE4Editor-CoreUObject.dll!UnknownFunction []
[2019.09.06-16.30.27:283][789]LogWindows: Error: [Callstack] 0x00007ffa5d195efb UE4Editor-CoreUObject.dll!UnknownFunction []
[2019.09.06-16.30.27:283][789]LogWindows: Error: [Callstack] 0x00007ffa5d1be6a9 UE4Editor-CoreUObject.dll!UnknownFunction []
[2019.09.06-16.30.27:283][789]LogWindows: Error: [Callstack] 0x00007ffa5d1be98d UE4Editor-CoreUObject.dll!UnknownFunction []
[2019.09.06-16.30.27:283][789]LogWindows: Error: [Callstack] 0x00007ffa5d1be378 UE4Editor-CoreUObject.dll!UnknownFunction []
[2019.09.06-16.30.27:283][789]LogWindows: Error: [Callstack] 0x00007ffa5cfabac8 UE4Editor-CoreUObject.dll!UnknownFunction []
[2019.09.06-16.30.27:283][789]LogWindows: Error: [Callstack] 0x00007ffa5d1bdf07 UE4Editor-CoreUObject.dll!UnknownFunction []
[2019.09.06-16.30.27:283][789]LogWindows: Error: [Callstack] 0x00007ffa522d329e UE4Editor-UMG.dll!UnknownFunction []
[2019.09.06-16.30.27:283][789]LogWindows: Error: [Callstack] 0x00007ffa5232f8a1 UE4Editor-UMG.dll!UnknownFunction []
[2019.09.06-16.30.27:283][789]LogWindows: Error: [Callstack] 0x00007ffa5227f4d7 UE4Editor-UMG.dll!UnknownFunction []
[2019.09.06-16.30.27:283][789]LogWindows: Error: [Callstack] 0x00007ffa522e6045 UE4Editor-UMG.dll!UnknownFunction []
[2019.09.06-16.30.27:283][789]LogWindows: Error: [Callstack] 0x00007ffa52275fca UE4Editor-UMG.dll!UnknownFunction []
[2019.09.06-16.30.27:283][789]LogWindows: Error: [Callstack] 0x00007ffa52340aa9 UE4Editor-UMG.dll!UnknownFunction []
[2019.09.06-16.30.27:283][789]LogWindows: Error: [Callstack] 0x00007ffa5cfabac8 UE4Editor-CoreUObject.dll!UnknownFunction []
[2019.09.06-16.30.27:283][789]LogWindows: Error: [Callstack] 0x00007ffa5d1a00e2 UE4Editor-CoreUObject.dll!UnknownFunction []
[2019.09.06-16.30.27:283][789]LogWindows: Error: [Callstack] 0x00007ffa5d1bcbc1 UE4Editor-CoreUObject.dll!UnknownFunction []
[2019.09.06-16.30.27:283][789]LogWindows: Error: [Callstack] 0x00007ffa5d1d4be6 UE4Editor-CoreUObject.dll!UnknownFunction []
[2019.09.06-16.30.27:283][789]LogWindows: Error: [Callstack] 0x00007ffa5d1be98d UE4Editor-CoreUObject.dll!UnknownFunction []
[2019.09.06-16.30.27:283][789]LogWindows: Error: [Callstack] 0x00007ffa5d195efb UE4Editor-CoreUObject.dll!UnknownFunction []
[2019.09.06-16.30.27:283][789]LogWindows: Error: [Callstack] 0x00007ffa5d1be6a9 UE4Editor-CoreUObject.dll!UnknownFunction []
[2019.09.06-16.30.27:283][789]LogWindows: Error: [Callstack] 0x00007ffa5d1bcbc1 UE4Editor-CoreUObject.dll!UnknownFunction []
[2019.09.06-16.30.27:283][789]LogWindows: Error: [Callstack] 0x00007ffa5d1be98d UE4Editor-CoreUObject.dll!UnknownFunction []
[2019.09.06-16.30.27:283][789]LogWindows: Error: [Callstack] 0x00007ffa5d195efb UE4Editor-CoreUObject.dll!UnknownFunction []
[2019.09.06-16.30.27:283][789]LogWindows: Error: [Callstack] 0x00007ffa5d1be6a9 UE4Editor-CoreUObject.dll!UnknownFunction []
[2019.09.06-16.30.27:283][789]LogWindows: Error: [Callstack] 0x00007ffa5d1be98d UE4Editor-CoreUObject.dll!UnknownFunction []
[2019.09.06-16.30.27:283][789]LogWindows: Error: [Callstack] 0x00007ffa5d1be378 UE4Editor-CoreUObject.dll!UnknownFunction []
[2019.09.06-16.30.27:283][789]LogWindows: Error: [Callstack] 0x00007ffa5cfabac8 UE4Editor-CoreUObject.dll!UnknownFunction []
[2019.09.06-16.30.27:283][789]LogWindows: Error: [Callstack] 0x00007ffa5d1bdf07 UE4Editor-CoreUObject.dll!UnknownFunction []
[2019.09.06-16.30.27:283][789]LogWindows: Error: [Callstack] 0x00007ffa533a9ff3 UE4Editor-Engine.dll!UnknownFunction []
[2019.09.06-16.30.27:283][789]LogWindows: Error: [Callstack] 0x00007ffa543f69b4 UE4Editor-Engine.dll!UnknownFunction []
[2019.09.06-16.30.27:283][789]LogWindows: Error: [Callstack] 0x00007ffa54420ef1 UE4Editor-Engine.dll!UnknownFunction []
[2019.09.06-16.30.27:283][789]LogWindows: Error: [Callstack] 0x00007ffa53f90dc4 UE4Editor-Engine.dll!UnknownFunction []
[2019.09.06-16.30.27:283][789]LogWindows: Error: [Callstack] 0x00007ffa53fa3c88 UE4Editor-Engine.dll!UnknownFunction []
[2019.09.06-16.30.27:283][789]LogWindows: Error: [Callstack] 0x00007ffa53f8f1cb UE4Editor-Engine.dll!UnknownFunction []
[2019.09.06-16.30.27:283][789]LogWindows: Error: [Callstack] 0x00007ffa53fa2697 UE4Editor-Engine.dll!UnknownFunction []
[2019.09.06-16.30.27:283][789]LogWindows: Error: [Callstack] 0x00007ffa5338aeed UE4Editor-Engine.dll!UnknownFunction []
[2019.09.06-16.30.27:284][789]LogWindows: Error: [Callstack] 0x00007ffa543472bc UE4Editor-Engine.dll!UnknownFunction []
[2019.09.06-16.30.27:284][789]LogWindows: Error: [Callstack] 0x00007ffa69c222d8 UE4Editor-Core.dll!UnknownFunction []
[2019.09.06-16.30.27:284][789]LogWindows: Error: [Callstack] 0x00007ffa69c22563 UE4Editor-Core.dll!UnknownFunction []
[2019.09.06-16.30.27:284][789]LogWindows: Error: [Callstack] 0x00007ffa69c32309 UE4Editor-Core.dll!UnknownFunction []
[2019.09.06-16.30.27:284][789]LogWindows: Error: [Callstack] 0x00007ffa5438f9e3 UE4Editor-Engine.dll!UnknownFunction []
[2019.09.06-16.30.27:284][789]LogWindows: Error: [Callstack] 0x00007ffa5439bd12 UE4Editor-Engine.dll!UnknownFunction []
[2019.09.06-16.30.27:284][789]LogWindows: Error: [Callstack] 0x00007ffa53bbdc4f UE4Editor-Engine.dll!UnknownFunction []
[2019.09.06-16.30.27:284][789]LogWindows: Error: [Callstack] 0x00007ffa53bc7e28 UE4Editor-Engine.dll!UnknownFunction []
[2019.09.06-16.30.27:284][789]LogWindows: Error: [Callstack] 0x00007ffa5b6d02f7 UE4Editor-UnrealEd.dll!UnknownFunction []
[2019.09.06-16.30.27:284][789]LogWindows: Error: [Callstack] 0x00007ffa5beed396 UE4Editor-UnrealEd.dll!UnknownFunction []
[2019.09.06-16.30.27:284][789]LogWindows: Error: [Callstack] 0x00007ff664376bb1 UE4Editor.exe!UnknownFunction []
[2019.09.06-16.30.27:284][789]LogWindows: Error: [Callstack] 0x00007ff66438554c UE4Editor.exe!UnknownFunction []
[2019.09.06-16.30.27:284][789]LogWindows: Error: [Callstack] 0x00007ff6643855ca UE4Editor.exe!UnknownFunction []
[2019.09.06-16.30.27:284][789]LogWindows: Error: [Callstack] 0x00007ff66439316c UE4Editor.exe!UnknownFunction []
[2019.09.06-16.30.27:284][789]LogWindows: Error: [Callstack] 0x00007ff664395b8e UE4Editor.exe!UnknownFunction []
[2019.09.06-16.30.27:284][789]LogWindows: Error: [Callstack] 0x00007ffaaaaf7974 KERNEL32.DLL!UnknownFunction []
[2019.09.06-16.30.27:284][789]LogWindows: Error: [Callstack] 0x00007ffaad6ba271 ntdll.dll!UnknownFunction []
[2019.09.06-16.30.27:284][789]LogWindows: Error: 
[2019.09.06-16.30.27:299][789]LogExit: Executing StaticShutdownAfterError
[2019.09.06-16.30.27:305][789]LogWindows: FPlatformMisc::RequestExit(1)
[2019.09.06-16.30.27:402][789]Log file closed, 09/07/19 00:30:27
